01:11:05.341 Runner connection error: Timed out connecting to [::]:54647
01:11:05.343 Error while killing runner: invalid argument
01:11:05.343 Killing Gauge daemon. Timed out connecting to [::]:54647
01:53:45.885 Checking updates...
01:54:13.076 Runner connection error: Timed out connecting to [::]:55113
01:54:13.076 Error while killing runner: invalid argument
01:54:13.076 Failed to start gauge API: Timed out connecting to [::]:55113
02:02:20.974 Checking updates...
02:02:48.801 Runner connection error: Timed out connecting to [::]:55180
02:02:48.801 Error while killing runner: invalid argument
02:02:48.802 Failed to start gauge API: Timed out connecting to [::]:55180
14:35:25.730 Checking updates...
14:35:52.881 Runner connection error: Timed out connecting to [::]:55322
14:35:52.881 Error while killing runner: invalid argument
14:35:52.881 Failed to start gauge API: Timed out connecting to [::]:55322
14:37:17.987 Checking updates...
14:37:46.675 Runner connection error: Timed out connecting to [::]:55334
14:37:46.675 Error while killing runner: invalid argument
14:37:46.675 Failed to start gauge API: Timed out connecting to [::]:55334
14:39:02.183 Checking updates...
14:39:28.433 Runner connection error: Timed out connecting to [::]:55346
14:39:28.433 Error while killing runner: invalid argument
14:39:28.433 Failed to start gauge API: Timed out connecting to [::]:55346
14:44:06.459 Checking updates...
14:44:33.906 Runner connection error: Timed out connecting to [::]:55413
14:44:33.906 Error while killing runner: invalid argument
14:44:33.906 Failed to start gauge API: Timed out connecting to [::]:55413
14:45:26.369 Checking updates...
14:45:54.085 Runner connection error: Timed out connecting to [::]:55423
14:45:54.085 Error while killing runner: invalid argument
14:45:54.085 Failed to start gauge API: Timed out connecting to [::]:55423
14:48:05.255 Checking updates...
14:48:22.742 Runner connection error: Timed out connecting to [::]:55436
14:48:22.742 Error while killing runner: invalid argument
14:48:22.742 Failed to start gauge API: Timed out connecting to [::]:55436
14:51:18.261 Checking updates...
14:51:46.047 Runner connection error: Timed out connecting to [::]:55451
14:51:46.047 Error while killing runner: invalid argument
14:51:46.047 Failed to start gauge API: Timed out connecting to [::]:55451
14:52:00.488 Checking updates...
14:52:37.482 Checking updates...
14:53:04.783 Runner connection error: Timed out connecting to [::]:55471
14:53:04.783 Error while killing runner: invalid argument
14:53:04.783 Failed to start gauge API: Timed out connecting to [::]:55471
15:00:05.404 Checking updates...
15:00:31.540 Runner connection error: Timed out connecting to [::]:55509
15:00:31.540 Error while killing runner: invalid argument
15:00:31.540 Failed to start gauge API: Timed out connecting to [::]:55509
15:03:19.605 [ParseError] C:\Users\admin\IdeaProjects\bddExerciseProject\specs\example.spec:8 Multiple spec headings found in same file => '	gauge specs/example.spec'
15:03:22.570 Checking updates...
15:03:49.728 Runner connection error: Timed out connecting to [::]:55521
15:03:49.728 Error while killing runner: invalid argument
15:03:49.728 Failed to start gauge API: Timed out connecting to [::]:55521
15:05:46.323 Checking updates...
15:06:14.011 Runner connection error: Timed out connecting to [::]:55531
15:06:14.011 Error while killing runner: invalid argument
15:06:14.011 Failed to start gauge API: Timed out connecting to [::]:55531
15:15:32.725 Runner connection error: Timed out connecting to [::]:55592
15:15:32.726 Error while killing runner: invalid argument
15:15:32.726 Killing Gauge daemon. Timed out connecting to [::]:55592
16:06:32.861 Checking updates...
16:06:59.346 Runner connection error: Timed out connecting to [::]:55961
16:06:59.346 Error while killing runner: invalid argument
16:06:59.346 Failed to start gauge API: Timed out connecting to [::]:55961
16:08:51.036 Checking updates...
16:09:16.712 Runner connection error: Timed out connecting to [::]:55981
16:09:16.712 Error while killing runner: invalid argument
16:09:16.712 Failed to start gauge API: Timed out connecting to [::]:55981
16:09:38.375 Checking updates...
16:10:05.484 Runner connection error: Timed out connecting to [::]:55995
16:10:05.484 Error while killing runner: invalid argument
16:10:05.484 Failed to start gauge API: Timed out connecting to [::]:55995
16:27:44.578 Killing Gauge daemon. Plugin 'java' not installed on following locations : [C:\Users\admin\AppData\Roaming\gauge\plugins]
16:48:28.243 Failed to start gauge API: Plugin 'java' not installed on following locations : [C:\Users\admin\AppData\Roaming\gauge\plugins]
16:54:27.848 Failed to start gauge API: Plugin 'java' not installed on following locations : [C:\Users\admin\AppData\Roaming\gauge\plugins]
16:55:01.796 Killing Gauge daemon. Plugin 'java' not installed on following locations : [C:\Users\admin\AppData\Roaming\gauge\plugins]
16:55:32.838 Failed to start gauge API: Plugin 'java' not installed on following locations : [C:\Users\admin\AppData\Roaming\gauge\plugins]
17:05:07.102 Checking updates...
17:05:33.407 Runner connection error: Timed out connecting to [::]:56573
17:05:33.408 Error while killing runner: invalid argument
17:05:33.408 Failed to start gauge API: Timed out connecting to [::]:56573
22:20:43.371 Checking updates...
22:20:51.297 Unable to start plugin html-report. Plugin html-report is not installed. To install, run `gauge --install html-report`.
22:20:51.328 # Specification Heading
22:20:51.333 ## Vowel counts in single word
22:20:51.333 * Vowels in English language are "aeiou".

22:20:51.424 * The word "gauge" has "3" vowels.

22:20:52.532 
Failed Step: The word "gauge" has "3" vowels.
22:20:52.532 Specification: specs\example.spec:18
22:20:52.532 Error Message: java.lang.NullPointerException
22:20:52.532 Stacktrace: 
StepImplementation.countVowels(StepImplementation.java:43)
StepImplementation.verifyVowelsCountInWord(StepImplementation.java:25)
sun.reflect.NativeMethodAccessorImpl.invoke0(Native Method)
sun.reflect.NativeMethodAccessorImpl.invoke(NativeMethodAccessorImpl.java:62)
sun.reflect.DelegatingMethodAccessorImpl.invoke(DelegatingMethodAccessorImpl.java:43)
java.lang.reflect.Method.invoke(Method.java:498)
com.thoughtworks.gauge.execution.MethodExecutor.execute(MethodExecutor.java:31)
com.thoughtworks.gauge.execution.StepExecutionStage.executeStepMethod(StepExecutionStage.java:94)
com.thoughtworks.gauge.execution.StepExecutionStage.executeStep(StepExecutionStage.java:77)
com.thoughtworks.gauge.execution.StepExecutionStage.execute(StepExecutionStage.java:58)
com.thoughtworks.gauge.execution.AbstractExecutionStage.executeNext(AbstractExecutionStage.java:24)
com.thoughtworks.gauge.execution.HookExecutionStage.execute(HookExecutionStage.java:42)
com.thoughtworks.gauge.execution.ExecutionPipeline.start(ExecutionPipeline.java:31)
com.thoughtworks.gauge.processor.ExecuteStepProcessor.process(ExecuteStepProcessor.java:34)
com.thoughtworks.gauge.connection.MessageDispatcher.dispatchMessages(MessageDispatcher.java:72)
com.thoughtworks.gauge.GaugeRuntime.main(GaugeRuntime.java:37)
22:20:53.041 Specifications:	1 executed	0 passed	1 failed	0 skipped
22:20:53.041 Scenarios:	1 executed	0 passed	1 failed	0 skipped
22:20:53.041 
Total time taken: 1.241s
01:36:05.810 Checking updates...
01:36:08.270 Unable to start plugin html-report. Plugin html-report is not installed. To install, run `gauge --install html-report`.
01:36:08.288 # Specification Heading
01:36:08.290 ## Vowel counts in multiple word
01:36:08.292 * Vowels in English language are "aeiou".

01:36:08.327 * Almost all words have vowels 

     |Word  |Vowel Count|
     |------|-----------|
     |Gauge |3          |
     |Mingle|2          |
     |Snap  |1          |
     |GoCD  |1          |
     |Rhythm|0          |
01:36:09.473 
Failed Step: Almost all words have vowels
01:36:09.473 Specification: specs\example.spec:29
01:36:09.473 Error Message: java.lang.NullPointerException
01:36:09.473 Stacktrace: 
StepImplementation.countVowels(StepImplementation.java:44)
StepImplementation.verifyVowelsCountInMultipleWords(StepImplementation.java:35)
sun.reflect.NativeMethodAccessorImpl.invoke0(Native Method)
sun.reflect.NativeMethodAccessorImpl.invoke(NativeMethodAccessorImpl.java:62)
sun.reflect.DelegatingMethodAccessorImpl.invoke(DelegatingMethodAccessorImpl.java:43)
java.lang.reflect.Method.invoke(Method.java:498)
com.thoughtworks.gauge.execution.MethodExecutor.execute(MethodExecutor.java:31)
com.thoughtworks.gauge.execution.StepExecutionStage.executeStepMethod(StepExecutionStage.java:94)
com.thoughtworks.gauge.execution.StepExecutionStage.executeStep(StepExecutionStage.java:77)
com.thoughtworks.gauge.execution.StepExecutionStage.execute(StepExecutionStage.java:58)
com.thoughtworks.gauge.execution.AbstractExecutionStage.executeNext(AbstractExecutionStage.java:24)
com.thoughtworks.gauge.execution.HookExecutionStage.execute(HookExecutionStage.java:42)
com.thoughtworks.gauge.execution.ExecutionPipeline.start(ExecutionPipeline.java:31)
com.thoughtworks.gauge.processor.ExecuteStepProcessor.process(ExecuteStepProcessor.java:34)
com.thoughtworks.gauge.connection.MessageDispatcher.dispatchMessages(MessageDispatcher.java:72)
com.thoughtworks.gauge.GaugeRuntime.main(GaugeRuntime.java:37)
01:36:09.784 Specifications:	1 executed	0 passed	1 failed	0 skipped
01:36:09.784 Scenarios:	1 executed	0 passed	1 failed	0 skipped
01:36:09.784 
Total time taken: 1.208s
11:01:18.743 Checking updates...
11:01:26.894 Unable to start plugin html-report. Plugin html-report is not installed. To install, run `gauge --install html-report`.
11:01:26.919 # Specification Heading
11:01:26.927 ## Vowel counts in single word
11:01:26.927 * Vowels in English language are "aeiou".

11:01:26.982 * The word "gauge" has "3" vowels.

11:01:28.389 
Failed Step: The word "gauge" has "3" vowels.
11:01:28.390 Specification: specs\example.spec:18
11:01:28.390 Error Message: java.lang.NullPointerException
11:01:28.390 Stacktrace: 
StepImplementation.countVowels(StepImplementation.java:44)
StepImplementation.verifyVowelsCountInWord(StepImplementation.java:25)
sun.reflect.NativeMethodAccessorImpl.invoke0(Native Method)
sun.reflect.NativeMethodAccessorImpl.invoke(NativeMethodAccessorImpl.java:62)
sun.reflect.DelegatingMethodAccessorImpl.invoke(DelegatingMethodAccessorImpl.java:43)
java.lang.reflect.Method.invoke(Method.java:498)
com.thoughtworks.gauge.execution.MethodExecutor.execute(MethodExecutor.java:31)
com.thoughtworks.gauge.execution.StepExecutionStage.executeStepMethod(StepExecutionStage.java:94)
com.thoughtworks.gauge.execution.StepExecutionStage.executeStep(StepExecutionStage.java:77)
com.thoughtworks.gauge.execution.StepExecutionStage.execute(StepExecutionStage.java:58)
com.thoughtworks.gauge.execution.AbstractExecutionStage.executeNext(AbstractExecutionStage.java:24)
com.thoughtworks.gauge.execution.HookExecutionStage.execute(HookExecutionStage.java:42)
com.thoughtworks.gauge.execution.ExecutionPipeline.start(ExecutionPipeline.java:31)
com.thoughtworks.gauge.processor.ExecuteStepProcessor.process(ExecuteStepProcessor.java:34)
com.thoughtworks.gauge.connection.MessageDispatcher.dispatchMessages(MessageDispatcher.java:72)
com.thoughtworks.gauge.GaugeRuntime.main(GaugeRuntime.java:37)
11:01:28.727 Specifications:	1 executed	0 passed	1 failed	0 skipped
11:01:28.727 Scenarios:	1 executed	0 passed	1 failed	0 skipped
11:01:28.727 
Total time taken: 1.534s
11:25:54.254 Got a kill message. Killing runner.
11:25:58.563 Killing runner with PID:1232 forcefully
11:26:57.961 Checking updates...
11:27:06.095 Unable to start plugin html-report. Plugin html-report is not installed. To install, run `gauge --install html-report`.
11:27:06.118 # Specification Heading
11:27:06.120 ## Vowel counts in single word
11:27:06.122 * Vowels in English language are "aeiou".

11:27:06.193 * The word "gauge" has "3" vowels.

11:27:06.476 Specifications:	1 executed	1 passed	0 failed	0 skipped
11:27:06.476 Scenarios:	1 executed	1 passed	0 failed	0 skipped
11:27:06.476 
Total time taken: 131ms
11:53:41.048 Checking updates...
11:53:48.329 Unable to start plugin html-report. Plugin html-report is not installed. To install, run `gauge --install html-report`.
11:53:48.360 # Specification Heading
11:53:48.362 ## Vowel counts in single word
11:53:48.364 * Vowels in English language are "aeiou".

11:53:48.424 * The word "gauge" has "2" vowels.

11:53:49.622 
Failed Step: The word "gauge" has "2" vowels.
11:53:49.622 Specification: specs\example.spec:18
11:53:49.622 Error Message: java.lang.AssertionError: expected:<2> but was:<3>
11:53:49.622 Stacktrace: 
org.junit.Assert.fail(Assert.java:88)
org.junit.Assert.failNotEquals(Assert.java:834)
org.junit.Assert.assertEquals(Assert.java:645)
org.junit.Assert.assertEquals(Assert.java:631)
StepImplementation.verifyVowelsCountInWord(StepImplementation.java:27)
sun.reflect.NativeMethodAccessorImpl.invoke0(Native Method)
sun.reflect.NativeMethodAccessorImpl.invoke(NativeMethodAccessorImpl.java:62)
sun.reflect.DelegatingMethodAccessorImpl.invoke(DelegatingMethodAccessorImpl.java:43)
java.lang.reflect.Method.invoke(Method.java:498)
com.thoughtworks.gauge.execution.MethodExecutor.execute(MethodExecutor.java:31)
com.thoughtworks.gauge.execution.StepExecutionStage.executeStepMethod(StepExecutionStage.java:94)
com.thoughtworks.gauge.execution.StepExecutionStage.executeStep(StepExecutionStage.java:77)
com.thoughtworks.gauge.execution.StepExecutionStage.execute(StepExecutionStage.java:58)
com.thoughtworks.gauge.execution.AbstractExecutionStage.executeNext(AbstractExecutionStage.java:24)
com.thoughtworks.gauge.execution.HookExecutionStage.execute(HookExecutionStage.java:42)
com.thoughtworks.gauge.execution.ExecutionPipeline.start(ExecutionPipeline.java:31)
com.thoughtworks.gauge.processor.ExecuteStepProcessor.process(ExecuteStepProcessor.java:34)
com.thoughtworks.gauge.connection.MessageDispatcher.dispatchMessages(MessageDispatcher.java:72)
com.thoughtworks.gauge.GaugeRuntime.main(GaugeRuntime.java:37)
11:53:50.108 Specifications:	1 executed	0 passed	1 failed	0 skipped
11:53:50.108 Scenarios:	1 executed	0 passed	1 failed	0 skipped
11:53:50.108 
Total time taken: 1.3s
11:54:17.859 Checking updates...
11:54:23.051 Unable to start plugin html-report. Plugin html-report is not installed. To install, run `gauge --install html-report`.
11:54:23.058 # Specification Heading
11:54:23.058 ## Vowel counts in single word
11:54:23.059 * Vowels in English language are "aeiou".

11:54:23.076 * The word "gaugee" has "4" vowels.

11:54:23.283 Specifications:	1 executed	1 passed	0 failed	0 skipped
11:54:23.283 Scenarios:	1 executed	1 passed	0 failed	0 skipped
11:54:23.283 
Total time taken: 31ms
12:15:38.299 Checking updates...
12:15:46.323 Unable to start plugin html-report. Plugin html-report is not installed. To install, run `gauge --install html-report`.
12:15:46.350 # Bilyoner Login Spec
12:15:46.352 ## Successful Login
12:15:46.355 * Open "https://www.bilyoner.com" on any browser
12:15:47.591 
Failed Step: Open "https://www.bilyoner.com" on any browser
12:15:47.591 Specification: specs\login.spec:11
12:15:47.591 Error Message: java.lang.NullPointerException
12:15:47.591 Stacktrace: 
LoginTest.openURL(LoginTest.java:32)
sun.reflect.NativeMethodAccessorImpl.invoke0(Native Method)
sun.reflect.NativeMethodAccessorImpl.invoke(NativeMethodAccessorImpl.java:62)
sun.reflect.DelegatingMethodAccessorImpl.invoke(DelegatingMethodAccessorImpl.java:43)
java.lang.reflect.Method.invoke(Method.java:498)
com.thoughtworks.gauge.execution.MethodExecutor.execute(MethodExecutor.java:31)
com.thoughtworks.gauge.execution.StepExecutionStage.executeStepMethod(StepExecutionStage.java:94)
com.thoughtworks.gauge.execution.StepExecutionStage.executeStep(StepExecutionStage.java:77)
com.thoughtworks.gauge.execution.StepExecutionStage.execute(StepExecutionStage.java:58)
com.thoughtworks.gauge.execution.AbstractExecutionStage.executeNext(AbstractExecutionStage.java:24)
com.thoughtworks.gauge.execution.HookExecutionStage.execute(HookExecutionStage.java:42)
com.thoughtworks.gauge.execution.ExecutionPipeline.start(ExecutionPipeline.java:31)
com.thoughtworks.gauge.processor.ExecuteStepProcessor.process(ExecuteStepProcessor.java:34)
com.thoughtworks.gauge.connection.MessageDispatcher.dispatchMessages(MessageDispatcher.java:72)
com.thoughtworks.gauge.GaugeRuntime.main(GaugeRuntime.java:37)
12:15:47.998 Specifications:	1 executed	0 passed	1 failed	0 skipped
12:15:47.998 Scenarios:	1 executed	0 passed	1 failed	0 skipped
12:15:47.998 
Total time taken: 1.271s
12:19:16.146 Checking updates...
12:19:21.769 Unable to start plugin html-report. Plugin html-report is not installed. To install, run `gauge --install html-report`.
12:19:21.777 # Bilyoner Login Spec
12:19:21.777 ## Successful Login
12:19:21.778 * Open "https://www.bilyoner.com" on any browser
12:19:48.723 * Fill user id input with a valid user id
12:19:48.941 * Fill password input with a valid password
12:19:49.103 * Click login button

12:19:49.923 Specifications:	1 executed	1 passed	0 failed	0 skipped
12:19:49.923 Scenarios:	1 executed	1 passed	0 failed	0 skipped
12:19:49.923 
Total time taken: 27.452s
13:16:40.630 Checking updates...
13:16:47.433 Unable to start plugin html-report. Plugin html-report is not installed. To install, run `gauge --install html-report`.
13:16:47.458 # Bilyoner Login Spec
13:16:47.460 ## Unsuccessful Login
13:16:47.463 * Validate "https://www.bilyoner.com" opened on browser
13:16:49.061 
Failed Step: Validate "https://www.bilyoner.com" opened on browser
13:16:49.061 Specification: specs\login.spec:20
13:16:49.061 Error Message: java.lang.NullPointerException
13:16:49.061 Stacktrace: 
LoginTest.implementation1(LoginTest.java:56)
sun.reflect.NativeMethodAccessorImpl.invoke0(Native Method)
sun.reflect.NativeMethodAccessorImpl.invoke(NativeMethodAccessorImpl.java:62)
sun.reflect.DelegatingMethodAccessorImpl.invoke(DelegatingMethodAccessorImpl.java:43)
java.lang.reflect.Method.invoke(Method.java:498)
com.thoughtworks.gauge.execution.MethodExecutor.execute(MethodExecutor.java:31)
com.thoughtworks.gauge.execution.StepExecutionStage.executeStepMethod(StepExecutionStage.java:94)
com.thoughtworks.gauge.execution.StepExecutionStage.executeStep(StepExecutionStage.java:77)
com.thoughtworks.gauge.execution.StepExecutionStage.execute(StepExecutionStage.java:58)
com.thoughtworks.gauge.execution.AbstractExecutionStage.executeNext(AbstractExecutionStage.java:24)
com.thoughtworks.gauge.execution.HookExecutionStage.execute(HookExecutionStage.java:42)
com.thoughtworks.gauge.execution.ExecutionPipeline.start(ExecutionPipeline.java:31)
com.thoughtworks.gauge.processor.ExecuteStepProcessor.process(ExecuteStepProcessor.java:34)
com.thoughtworks.gauge.connection.MessageDispatcher.dispatchMessages(MessageDispatcher.java:72)
com.thoughtworks.gauge.GaugeRuntime.main(GaugeRuntime.java:37)
13:16:49.412 Specifications:	1 executed	0 passed	1 failed	0 skipped
13:16:49.412 Scenarios:	1 executed	0 passed	1 failed	0 skipped
13:16:49.412 
Total time taken: 1.65s
13:18:56.057 Checking updates...
13:19:02.154 Unable to start plugin html-report. Plugin html-report is not installed. To install, run `gauge --install html-report`.
13:19:02.184 # Bilyoner Login Spec
13:19:02.184 ## Unsuccessful Login
13:19:02.188 * Validate "https://www.bilyoner.com" opened on browser
13:19:03.648 
Failed Step: Validate "https://www.bilyoner.com" opened on browser
13:19:03.648 Specification: specs\login.spec:20
13:19:03.648 Error Message: java.lang.NullPointerException
13:19:03.648 Stacktrace: 
LoginTest.implementation1(LoginTest.java:56)
sun.reflect.NativeMethodAccessorImpl.invoke0(Native Method)
sun.reflect.NativeMethodAccessorImpl.invoke(NativeMethodAccessorImpl.java:62)
sun.reflect.DelegatingMethodAccessorImpl.invoke(DelegatingMethodAccessorImpl.java:43)
java.lang.reflect.Method.invoke(Method.java:498)
com.thoughtworks.gauge.execution.MethodExecutor.execute(MethodExecutor.java:31)
com.thoughtworks.gauge.execution.StepExecutionStage.executeStepMethod(StepExecutionStage.java:94)
com.thoughtworks.gauge.execution.StepExecutionStage.executeStep(StepExecutionStage.java:77)
com.thoughtworks.gauge.execution.StepExecutionStage.execute(StepExecutionStage.java:58)
com.thoughtworks.gauge.execution.AbstractExecutionStage.executeNext(AbstractExecutionStage.java:24)
com.thoughtworks.gauge.execution.HookExecutionStage.execute(HookExecutionStage.java:42)
com.thoughtworks.gauge.execution.ExecutionPipeline.start(ExecutionPipeline.java:31)
com.thoughtworks.gauge.processor.ExecuteStepProcessor.process(ExecuteStepProcessor.java:34)
com.thoughtworks.gauge.connection.MessageDispatcher.dispatchMessages(MessageDispatcher.java:72)
com.thoughtworks.gauge.GaugeRuntime.main(GaugeRuntime.java:37)
13:19:04.016 Specifications:	1 executed	0 passed	1 failed	0 skipped
13:19:04.016 Scenarios:	1 executed	0 passed	1 failed	0 skipped
13:19:04.016 
Total time taken: 1.528s
13:21:27.471 Checking updates...
13:21:35.720 Unable to start plugin html-report. Plugin html-report is not installed. To install, run `gauge --install html-report`.
13:21:35.753 # Bilyoner Login Spec
13:21:35.762 ## Unsuccessful Login
13:21:35.764 * Validate "https://www.bilyoner.com" opened on browser
13:22:05.449 * Validate there is no logged in user
13:22:05.451 * Fill user id input with "11111111"
13:22:05.452 * Fill password input with "111111"
13:22:05.454 * Click login button
13:22:05.875 * Validate "Giriş/Şifre bilgileriniz hatalıdır! Lütfen tekrar deneyiniz..." message is visible
13:22:05.886 * Refresh web page
13:22:06.654 Specifications:	1 executed	1 passed	0 failed	0 skipped
13:22:06.654 Scenarios:	1 executed	1 passed	0 failed	0 skipped
13:22:06.654 
Total time taken: 30.178s
13:29:53.651 Checking updates...
13:30:01.414 Unable to start plugin html-report. Plugin html-report is not installed. To install, run `gauge --install html-report`.
13:30:01.448 # Bilyoner Login Spec
13:30:01.448 ## Unsuccessful Login
13:30:01.465 * Validate "https://www.bilyoner.com" opened on browser
13:30:02.812 
Failed Step: Validate "https://www.bilyoner.com" opened on browser
13:30:02.813 Specification: specs\login.spec:20
13:30:02.813 Error Message: java.lang.NullPointerException
13:30:02.813 Stacktrace: 
LoginTest.validateURL(LoginTest.java:59)
sun.reflect.NativeMethodAccessorImpl.invoke0(Native Method)
sun.reflect.NativeMethodAccessorImpl.invoke(NativeMethodAccessorImpl.java:62)
sun.reflect.DelegatingMethodAccessorImpl.invoke(DelegatingMethodAccessorImpl.java:43)
java.lang.reflect.Method.invoke(Method.java:498)
com.thoughtworks.gauge.execution.MethodExecutor.execute(MethodExecutor.java:31)
com.thoughtworks.gauge.execution.StepExecutionStage.executeStepMethod(StepExecutionStage.java:94)
com.thoughtworks.gauge.execution.StepExecutionStage.executeStep(StepExecutionStage.java:77)
com.thoughtworks.gauge.execution.StepExecutionStage.execute(StepExecutionStage.java:58)
com.thoughtworks.gauge.execution.AbstractExecutionStage.executeNext(AbstractExecutionStage.java:24)
com.thoughtworks.gauge.execution.HookExecutionStage.execute(HookExecutionStage.java:42)
com.thoughtworks.gauge.execution.ExecutionPipeline.start(ExecutionPipeline.java:31)
com.thoughtworks.gauge.processor.ExecuteStepProcessor.process(ExecuteStepProcessor.java:34)
com.thoughtworks.gauge.connection.MessageDispatcher.dispatchMessages(MessageDispatcher.java:72)
com.thoughtworks.gauge.GaugeRuntime.main(GaugeRuntime.java:37)
13:30:03.123 Specifications:	1 executed	0 passed	1 failed	0 skipped
13:30:03.123 Scenarios:	1 executed	0 passed	1 failed	0 skipped
13:30:03.123 
Total time taken: 1.403s
13:32:23.925 Checking updates...
13:32:30.621 Unable to start plugin html-report. Plugin html-report is not installed. To install, run `gauge --install html-report`.
13:32:30.642 # Bilyoner Login Spec
13:32:30.644 ## Unsuccessful Login
13:32:30.648 * Validate "https://www.bilyoner.com" opened on browser
13:32:59.636 * Validate there is no logged in user
13:32:59.638 * Fill user id input with "11111111"
13:32:59.641 * Fill password input with "111111"
13:32:59.643 * Click login button
13:32:59.988 * Validate "Giriş/Şifre bilgileriniz hatalıdır! Lütfen tekrar deneyiniz..." message is visible
13:32:59.990 * Refresh web page
13:33:00.710 Specifications:	1 executed	1 passed	0 failed	0 skipped
13:33:00.710 Scenarios:	1 executed	1 passed	0 failed	0 skipped
13:33:00.710 
Total time taken: 29.385s
13:55:29.730 Checking updates...
13:55:36.776 Unable to start plugin html-report. Plugin html-report is not installed. To install, run `gauge --install html-report`.
13:55:36.796 # Bilyoner Login Spec
13:55:36.799 ## Unsuccessful Login
13:55:36.804 * Validate "https://www.bilyoner.com" opened on browser
13:56:05.318 * Validate there is no logged in user
13:56:05.587 * Fill user id input with "11111111"
13:56:05.588 * Fill password input with "111111"
13:56:05.589 * Click login button
13:56:05.750 * Validate "Giriş/Şifre bilgileriniz hatalıdır! Lütfen tekrar deneyiniz..." message is visible
13:56:05.753 * Refresh web page
13:56:06.470 Specifications:	1 executed	1 passed	0 failed	0 skipped
13:56:06.470 Scenarios:	1 executed	1 passed	0 failed	0 skipped
13:56:06.470 
Total time taken: 28.985s
14:35:27.119 Checking updates...
14:35:33.827 Unable to start plugin html-report. Plugin html-report is not installed. To install, run `gauge --install html-report`.
14:35:33.852 # Bilyoner Login Spec
14:35:33.855 ## Unsuccessful Login
14:35:33.863 * Validate "https://www.bilyoner.com" opened on browser
14:36:02.444 * Validate there is no logged in user
14:36:02.654 * Fill user id input with "11111111"
14:36:02.768 * Fill password input with "111111"
14:36:02.864 * Click login button
14:36:02.979 * Validate "Giriş/Şifre bilgileriniz hatalıdır! Lütfen tekrar deneyiniz..." message is visible
14:36:03.131 * Refresh web page
14:36:08.556 Specifications:	1 executed	1 passed	0 failed	0 skipped
14:36:08.556 Scenarios:	1 executed	1 passed	0 failed	0 skipped
14:36:08.556 
Total time taken: 32.914s
16:56:13.979 Checking updates...
16:56:22.625 Unable to start plugin html-report. Plugin html-report is not installed. To install, run `gauge --install html-report`.
16:56:22.650 # Bilyoner Betting Spec
16:56:22.653 ## Open Bahis Yap Page
16:56:22.657 * User must be logged in

16:56:39.493 * Move mouse to hoverable "IDDAA" button
16:56:40.218 * Validate iddaa dropdown menu opened and "9" element is visible
16:56:40.381 * Click "Bahis Yap" button
16:56:46.997 * Validate page url is "https://www.bilyoner.com/iddaa/iddaa-bahis-yap"

16:56:48.259 Specifications:	1 executed	1 passed	0 failed	0 skipped
16:56:48.259 Scenarios:	1 executed	1 passed	0 failed	0 skipped
16:56:48.259 
Total time taken: 24.425s
17:03:11.419 Checking updates...
17:03:17.814 Unable to start plugin html-report. Plugin html-report is not installed. To install, run `gauge --install html-report`.
17:03:17.824 # Bilyoner Betting Spec
17:03:17.824 ## Open Bahis Yap Page
17:03:17.827 * User must be logged in

17:03:32.946 * Move mouse to hoverable "IDDAA" button
17:03:33.302 * Validate iddaa dropdown menu opened and "9" element is visible
17:03:33.466 * Click "Bahis Yap" button
17:03:33.674 * Validate page url is "https://www.bilyoner.com/iddaa/iddaa-bahis-yap"

17:03:36.709 Specifications:	1 executed	1 passed	0 failed	0 skipped
17:03:36.709 Scenarios:	1 executed	1 passed	0 failed	0 skipped
17:03:36.709 
Total time taken: 17.777s
17:46:14.721 Checking updates...
17:46:19.818 Unable to start plugin html-report. Plugin html-report is not installed. To install, run `gauge --install html-report`.
17:46:19.829 # Bilyoner Betting Spec
17:46:19.832 ## Choose Matches
17:46:19.842 * User must be logged in

17:46:28.770 * Choose one of iy1 bet type randomly from available selections
17:46:59.043 * Choose one of h2 bet type randomly from available selections
17:46:59.045 * Choose one of ms1 bet type randomly from available selections
17:46:59.048 * Choose one of any bet type from mbs3 matches which are available on the Bahis Yap page
17:46:59.051 * Validate 4 match added to betslip
17:46:59.053 * Validate Kuponum is opened
17:46:59.055 * Validate Coupon Header background is green

17:46:59.775 Specifications:	1 executed	1 passed	0 failed	0 skipped
17:46:59.775 Scenarios:	1 executed	1 passed	0 failed	0 skipped
17:46:59.775 
Total time taken: 39.24s
17:50:13.671 Checking updates...
17:50:21.439 Unable to start plugin html-report. Plugin html-report is not installed. To install, run `gauge --install html-report`.
17:50:21.473 # Bilyoner Betting Spec
17:50:21.474 ## Choose Matches
17:50:21.476 * User must be logged in

17:50:39.510 * Choose one of iy1 bet type randomly from available selections
17:51:09.990 * Choose one of h2 bet type randomly from available selections
17:51:09.993 * Choose one of ms1 bet type randomly from available selections
17:51:09.996 * Choose one of any bet type from mbs3 matches which are available on the Bahis Yap page
17:51:09.999 * Validate 4 match added to betslip
17:51:10.002 * Validate Kuponum is opened
17:51:10.006 * Validate Coupon Header background is green

17:51:11.125 Specifications:	1 executed	1 passed	0 failed	0 skipped
17:51:11.125 Scenarios:	1 executed	1 passed	0 failed	0 skipped
17:51:11.125 
Total time taken: 48.578s
20:14:31.582 Checking updates...
20:14:33.249 Unable to start plugin html-report. Plugin html-report is not installed. To install, run `gauge --install html-report`.
20:14:33.258 # Bilyoner Betting Spec
20:14:33.258 ## Choose Matches
20:14:33.259 * User must be logged in

20:15:07.915 * Choose one of iy1 bet type randomly from available selections
20:15:39.504 * Choose one of h2 bet type randomly from available selections
20:15:39.506 * Choose one of ms1 bet type randomly from available selections
20:15:39.517 * Choose one of any bet type from mbs3 matches which are available on the Bahis Yap page
20:15:39.521 * Validate 4 match added to betslip
20:15:39.525 * Validate Kuponum is opened
20:15:39.527 * Validate Coupon Header background is green

20:15:40.751 Specifications:	1 executed	1 passed	0 failed	0 skipped
20:15:40.751 Scenarios:	1 executed	1 passed	0 failed	0 skipped
20:15:40.751 
Total time taken: 1m6.287s
20:16:17.834 Checking updates...
20:16:25.968 Unable to start plugin html-report. Plugin html-report is not installed. To install, run `gauge --install html-report`.
20:16:25.999 # Bilyoner Betting Spec
20:16:25.999 ## Choose Matches
20:16:26.059 * User must be logged in

20:17:01.873 * Choose one of iy1 bet type randomly from available selections
20:17:06.301 
Failed Step: Choose one of iy1 bet type randomly from available selections
20:17:06.301 Specification: specs\betting.spec:27
20:17:06.301 Error Message: org.openqa.selenium.UnhandledAlertException: Unexpected modal dialog (text: Giriş/Şifre bilgilerinizi kontrol ediniz!): Giriş/Şifre bilgilerinizi kontrol ediniz!
Build info: version: '2.53.1', revision: 'a36b8b1cd5757287168e54b817830adce9b0158d', time: '2016-06-30 19:26:09'
System info: host: 'NBONDERDIRI', ip: '192.168.43.5', os.name: 'Windows 8.1', os.arch: 'amd64', os.version: '6.3', java.version: '1.8.0_77'
Driver info: org.openqa.selenium.firefox.FirefoxDriver
Capabilities [{applicationCacheEnabled=true, rotatable=false, handlesAlerts=true, databaseEnabled=true, version=46.0.1, platform=WINDOWS, nativeEvents=false, acceptSslCerts=true, webStorageEnabled=true, locationContextEnabled=true, browserName=firefox, takesScreenshot=true, javascriptEnabled=true, cssSelectorsEnabled=true}]
Session ID: 5a7e1108-c123-4220-b59c-5e2543728c7a
20:17:06.301 Stacktrace: 
sun.reflect.NativeConstructorAccessorImpl.newInstance0(Native Method)
sun.reflect.NativeConstructorAccessorImpl.newInstance(NativeConstructorAccessorImpl.java:62)
sun.reflect.DelegatingConstructorAccessorImpl.newInstance(DelegatingConstructorAccessorImpl.java:45)
java.lang.reflect.Constructor.newInstance(Constructor.java:423)
org.openqa.selenium.remote.ErrorHandler.createThrowable(ErrorHandler.java:206)
org.openqa.selenium.remote.ErrorHandler.createUnhandledAlertException(ErrorHandler.java:187)
org.openqa.selenium.remote.ErrorHandler.throwIfResponseFailed(ErrorHandler.java:154)
org.openqa.selenium.remote.RemoteWebDriver.execute(RemoteWebDriver.java:678)
org.openqa.selenium.remote.RemoteWebDriver.execute(RemoteWebDriver.java:701)
org.openqa.selenium.remote.RemoteWebDriver.getCurrentUrl(RemoteWebDriver.java:326)
BettingTest.chooseFirstBet(BettingTest.java:77)
sun.reflect.NativeMethodAccessorImpl.invoke0(Native Method)
sun.reflect.NativeMethodAccessorImpl.invoke(NativeMethodAccessorImpl.java:62)
sun.reflect.DelegatingMethodAccessorImpl.invoke(DelegatingMethodAccessorImpl.java:43)
java.lang.reflect.Method.invoke(Method.java:498)
com.thoughtworks.gauge.execution.MethodExecutor.execute(MethodExecutor.java:31)
com.thoughtworks.gauge.execution.StepExecutionStage.executeStepMethod(StepExecutionStage.java:96)
com.thoughtworks.gauge.execution.StepExecutionStage.executeStep(StepExecutionStage.java:77)
com.thoughtworks.gauge.execution.StepExecutionStage.execute(StepExecutionStage.java:58)
com.thoughtworks.gauge.execution.AbstractExecutionStage.executeNext(AbstractExecutionStage.java:24)
com.thoughtworks.gauge.execution.HookExecutionStage.execute(HookExecutionStage.java:42)
com.thoughtworks.gauge.execution.ExecutionPipeline.start(ExecutionPipeline.java:31)
com.thoughtworks.gauge.processor.ExecuteStepProcessor.process(ExecuteStepProcessor.java:34)
com.thoughtworks.gauge.connection.MessageDispatcher.dispatchMessages(MessageDispatcher.java:72)
com.thoughtworks.gauge.GaugeRuntime.main(GaugeRuntime.java:37)
20:17:07.228 Specifications:	1 executed	0 passed	1 failed	0 skipped
20:17:07.228 Scenarios:	1 executed	0 passed	1 failed	0 skipped
20:17:07.228 
Total time taken: 40.338s
20:19:11.474 Checking updates...
20:19:16.756 Unable to start plugin html-report. Plugin html-report is not installed. To install, run `gauge --install html-report`.
20:19:16.765 # Bilyoner Betting Spec
20:19:16.766 ## Choose Matches
20:19:16.767 * User must be logged in

20:19:52.128 * Choose one of iy1 bet type randomly from available selections
20:20:01.146 * Choose one of h2 bet type randomly from available selections
20:20:01.153 * Choose one of ms1 bet type randomly from available selections
20:20:01.162 * Choose one of any bet type from mbs3 matches which are available on the Bahis Yap page
20:20:01.167 * Validate 4 match added to betslip
20:20:01.169 * Validate Kuponum is opened
20:20:01.173 * Validate Coupon Header background is green

20:20:02.302 Specifications:	1 executed	1 passed	0 failed	0 skipped
20:20:02.302 Scenarios:	1 executed	1 passed	0 failed	0 skipped
20:20:02.302 
Total time taken: 44.425s
22:31:22.722 Checking updates...
22:31:27.507 Unable to start plugin html-report. Plugin html-report is not installed. To install, run `gauge --install html-report`.
22:31:27.549 # Bilyoner Betting Spec
22:31:27.551 ## Choose Matches
22:31:27.555 * User must be logged in

22:31:51.833 * Choose one of iy1 bet type randomly from available selections
22:31:57.604 * Choose one of h2 bet type randomly from available selections
22:31:57.607 * Choose one of ms1 bet type randomly from available selections
22:31:57.610 * Choose one of any bet type from mbs3 matches which are available on the Bahis Yap page
22:31:57.615 * Validate 4 match added to betslip
22:31:57.617 * Validate Kuponum is opened
22:31:57.620 * Validate Coupon Header background is green

22:31:58.731 Specifications:	1 executed	1 passed	0 failed	0 skipped
22:31:58.731 Scenarios:	1 executed	1 passed	0 failed	0 skipped
22:31:58.731 
Total time taken: 30.119s
22:44:10.213 Checking updates...
22:44:17.268 Unable to start plugin html-report. Plugin html-report is not installed. To install, run `gauge --install html-report`.
22:44:17.286 # Bilyoner Betting Spec
22:44:17.287 ## Choose Matches
22:44:17.289 * User must be logged in

22:45:34.844 * Choose one of iy1 bet type randomly from available selections
22:45:41.970 * Choose one of h2 bet type randomly from available selections
22:45:41.975 * Choose one of ms1 bet type randomly from available selections
22:45:41.981 * Choose one of any bet type from mbs3 matches which are available on the Bahis Yap page
22:45:41.985 * Validate 4 match added to betslip
22:45:41.989 * Validate Kuponum is opened
22:45:41.993 * Validate Coupon Header background is green

22:45:43.219 Specifications:	1 executed	1 passed	0 failed	0 skipped
22:45:43.219 Scenarios:	1 executed	1 passed	0 failed	0 skipped
22:45:43.219 
Total time taken: 1m24.735s
22:46:20.942 Unable to start plugin html-report. Plugin html-report is not installed. To install, run `gauge --install html-report`.
22:46:20.952 # Bilyoner Betting Spec
22:46:20.952 ## Choose Matches
22:46:20.965 * User must be logged in

22:46:22.374 Checking updates...
22:47:23.053 * Choose one of iy1 bet type randomly from available selections
22:47:51.581 * Choose one of h2 bet type randomly from available selections
22:47:51.584 * Choose one of ms1 bet type randomly from available selections
22:47:51.586 * Choose one of any bet type from mbs3 matches which are available on the Bahis Yap page
22:47:51.589 * Validate 4 match added to betslip
22:47:51.592 * Validate Kuponum is opened
22:47:51.594 * Validate Coupon Header background is green

22:47:52.706 Specifications:	1 executed	1 passed	0 failed	0 skipped
22:47:52.706 Scenarios:	1 executed	1 passed	0 failed	0 skipped
22:47:52.706 
Total time taken: 1m30.66s
22:48:41.138 Checking updates...
22:48:43.119 Unable to start plugin html-report. Plugin html-report is not installed. To install, run `gauge --install html-report`.
22:48:43.150 # Bilyoner Betting Spec
22:48:43.151 ## Choose Matches
22:48:43.153 * User must be logged in

22:50:04.844 * Choose one of iy1 bet type randomly from available selections
22:50:17.327 * Choose one of h2 bet type randomly from available selections
22:50:17.334 * Choose one of ms1 bet type randomly from available selections
22:50:17.340 * Choose one of any bet type from mbs3 matches which are available on the Bahis Yap page
22:50:17.343 * Validate 4 match added to betslip
22:50:17.345 * Validate Kuponum is opened
22:50:17.349 * Validate Coupon Header background is green

22:50:18.361 Specifications:	1 executed	1 passed	0 failed	0 skipped
22:50:18.361 Scenarios:	1 executed	1 passed	0 failed	0 skipped
22:50:18.361 
Total time taken: 1m34.235s
22:51:34.590 Checking updates...
22:51:37.973 Unable to start plugin html-report. Plugin html-report is not installed. To install, run `gauge --install html-report`.
22:51:38.002 # Bilyoner Betting Spec
22:51:38.004 ## Choose Matches
22:51:38.005 * User must be logged in

22:52:03.918 * Choose one of iy1 bet type randomly from available selections
22:52:14.807 * Choose one of h2 bet type randomly from available selections
22:52:14.810 * Choose one of ms1 bet type randomly from available selections
22:52:14.814 * Choose one of any bet type from mbs3 matches which are available on the Bahis Yap page
22:52:14.817 * Validate 4 match added to betslip
22:52:14.820 * Validate Kuponum is opened
22:52:14.822 * Validate Coupon Header background is green

22:52:15.934 Specifications:	1 executed	1 passed	0 failed	0 skipped
22:52:15.934 Scenarios:	1 executed	1 passed	0 failed	0 skipped
22:52:15.934 
Total time taken: 36.856s
22:54:33.811 Checking updates...
22:54:40.384 Unable to start plugin html-report. Plugin html-report is not installed. To install, run `gauge --install html-report`.
22:54:40.407 # Bilyoner Betting Spec
22:54:40.408 ## Choose Matches
22:54:40.417 * User must be logged in

22:55:03.970 * Choose one of iy1 bet type randomly from available selections
22:55:07.482 
Failed Step: Choose one of iy1 bet type randomly from available selections
22:55:07.482 Specification: specs\betting.spec:27
22:55:07.482 Error Message: org.openqa.selenium.UnhandledAlertException: Unexpected modal dialog (text: Giriş/Şifre bilgilerinizi kontrol ediniz!): Giriş/Şifre bilgilerinizi kontrol ediniz!
Build info: version: '2.53.1', revision: 'a36b8b1cd5757287168e54b817830adce9b0158d', time: '2016-06-30 19:26:09'
System info: host: 'NBONDERDIRI', ip: '192.168.0.100', os.name: 'Windows 8.1', os.arch: 'amd64', os.version: '6.3', java.version: '1.8.0_77'
Driver info: org.openqa.selenium.firefox.FirefoxDriver
Capabilities [{applicationCacheEnabled=true, rotatable=false, handlesAlerts=true, databaseEnabled=true, version=46.0.1, platform=WINDOWS, nativeEvents=false, acceptSslCerts=true, webStorageEnabled=true, locationContextEnabled=true, browserName=firefox, takesScreenshot=true, javascriptEnabled=true, cssSelectorsEnabled=true}]
Session ID: d35adcde-76f7-4064-851b-80c2cd43b2ae
22:55:07.482 Stacktrace: 
sun.reflect.NativeConstructorAccessorImpl.newInstance0(Native Method)
sun.reflect.NativeConstructorAccessorImpl.newInstance(NativeConstructorAccessorImpl.java:62)
sun.reflect.DelegatingConstructorAccessorImpl.newInstance(DelegatingConstructorAccessorImpl.java:45)
java.lang.reflect.Constructor.newInstance(Constructor.java:423)
org.openqa.selenium.remote.ErrorHandler.createThrowable(ErrorHandler.java:206)
org.openqa.selenium.remote.ErrorHandler.createUnhandledAlertException(ErrorHandler.java:187)
org.openqa.selenium.remote.ErrorHandler.throwIfResponseFailed(ErrorHandler.java:154)
org.openqa.selenium.remote.RemoteWebDriver.execute(RemoteWebDriver.java:678)
org.openqa.selenium.remote.RemoteWebDriver.execute(RemoteWebDriver.java:701)
org.openqa.selenium.remote.RemoteWebDriver.getCurrentUrl(RemoteWebDriver.java:326)
BettingTest.chooseFirstBet(BettingTest.java:77)
sun.reflect.NativeMethodAccessorImpl.invoke0(Native Method)
sun.reflect.NativeMethodAccessorImpl.invoke(NativeMethodAccessorImpl.java:62)
sun.reflect.DelegatingMethodAccessorImpl.invoke(DelegatingMethodAccessorImpl.java:43)
java.lang.reflect.Method.invoke(Method.java:498)
com.thoughtworks.gauge.execution.MethodExecutor.execute(MethodExecutor.java:31)
com.thoughtworks.gauge.execution.StepExecutionStage.executeStepMethod(StepExecutionStage.java:96)
com.thoughtworks.gauge.execution.StepExecutionStage.executeStep(StepExecutionStage.java:77)
com.thoughtworks.gauge.execution.StepExecutionStage.execute(StepExecutionStage.java:58)
com.thoughtworks.gauge.execution.AbstractExecutionStage.executeNext(AbstractExecutionStage.java:24)
com.thoughtworks.gauge.execution.HookExecutionStage.execute(HookExecutionStage.java:42)
com.thoughtworks.gauge.execution.ExecutionPipeline.start(ExecutionPipeline.java:31)
com.thoughtworks.gauge.processor.ExecuteStepProcessor.process(ExecuteStepProcessor.java:34)
com.thoughtworks.gauge.connection.MessageDispatcher.dispatchMessages(MessageDispatcher.java:72)
com.thoughtworks.gauge.GaugeRuntime.main(GaugeRuntime.java:37)
22:55:08.618 Specifications:	1 executed	0 passed	1 failed	0 skipped
22:55:08.618 Scenarios:	1 executed	0 passed	1 failed	0 skipped
22:55:08.618 
Total time taken: 27.102s
23:08:28.308 Checking updates...
23:08:35.045 Unable to start plugin html-report. Plugin html-report is not installed. To install, run `gauge --install html-report`.
23:08:35.066 # Bilyoner Betting Spec
23:08:35.068 ## Choose Matches
23:08:35.071 * User must be logged in

23:09:07.159 * Choose one of iy1 bet type randomly from available selections
23:09:13.819 
Failed Step: Choose one of iy1 bet type randomly from available selections
23:09:13.819 Specification: specs\betting.spec:27
23:09:13.819 Error Message: java.lang.IndexOutOfBoundsException: Index: 1, Size: 1
23:09:13.819 Stacktrace: 
java.util.ArrayList.rangeCheck(ArrayList.java:653)
java.util.ArrayList.get(ArrayList.java:429)
BettingTest.chooseFirstBet(BettingTest.java:80)
sun.reflect.NativeMethodAccessorImpl.invoke0(Native Method)
sun.reflect.NativeMethodAccessorImpl.invoke(NativeMethodAccessorImpl.java:62)
sun.reflect.DelegatingMethodAccessorImpl.invoke(DelegatingMethodAccessorImpl.java:43)
java.lang.reflect.Method.invoke(Method.java:498)
com.thoughtworks.gauge.execution.MethodExecutor.execute(MethodExecutor.java:31)
com.thoughtworks.gauge.execution.StepExecutionStage.executeStepMethod(StepExecutionStage.java:96)
com.thoughtworks.gauge.execution.StepExecutionStage.executeStep(StepExecutionStage.java:77)
com.thoughtworks.gauge.execution.StepExecutionStage.execute(StepExecutionStage.java:58)
com.thoughtworks.gauge.execution.AbstractExecutionStage.executeNext(AbstractExecutionStage.java:24)
com.thoughtworks.gauge.execution.HookExecutionStage.execute(HookExecutionStage.java:42)
com.thoughtworks.gauge.execution.ExecutionPipeline.start(ExecutionPipeline.java:31)
com.thoughtworks.gauge.processor.ExecuteStepProcessor.process(ExecuteStepProcessor.java:34)
com.thoughtworks.gauge.connection.MessageDispatcher.dispatchMessages(MessageDispatcher.java:72)
com.thoughtworks.gauge.GaugeRuntime.main(GaugeRuntime.java:37)
23:09:15.227 Specifications:	1 executed	0 passed	1 failed	0 skipped
23:09:15.227 Scenarios:	1 executed	0 passed	1 failed	0 skipped
23:09:15.227 
Total time taken: 38.777s
23:11:00.216 Checking updates...
23:11:05.631 Unable to start plugin html-report. Plugin html-report is not installed. To install, run `gauge --install html-report`.
23:11:05.639 # Bilyoner Betting Spec
23:11:05.639 ## Choose Matches
23:11:05.640 * User must be logged in

23:11:30.319 * Choose one of iy1 bet type randomly from available selections
23:11:39.673 * Choose one of h2 bet type randomly from available selections
23:11:39.677 * Choose one of ms1 bet type randomly from available selections
23:11:39.681 * Choose one of any bet type from mbs3 matches which are available on the Bahis Yap page
23:11:39.684 * Validate 4 match added to betslip
23:11:39.686 * Validate Kuponum is opened
23:11:39.689 * Validate Coupon Header background is green

23:11:40.800 Specifications:	1 executed	1 passed	0 failed	0 skipped
23:11:40.800 Scenarios:	1 executed	1 passed	0 failed	0 skipped
23:11:40.800 
Total time taken: 34.063s
00:21:10.453 Checking updates...
00:21:16.516 Unable to start plugin html-report. Plugin html-report is not installed. To install, run `gauge --install html-report`.
00:21:16.541 # Bilyoner Betting Spec
00:21:16.546 ## Choose Matches
00:21:16.587 * User must be logged in

00:21:40.078 * Choose one of iy1 bet type randomly from available selections
00:21:45.356 * Choose one of h2 bet type randomly from available selections
00:21:46.025 * Choose one of ms1 bet type randomly from available selections
00:21:47.269 * Validate 4 match added to betslip
00:22:17.429 * Validate Kuponum is opened
00:22:17.432 * Validate Coupon Header background is green

00:22:18.887 Specifications:	1 executed	1 passed	0 failed	0 skipped
00:22:18.887 Scenarios:	1 executed	1 passed	0 failed	0 skipped
00:22:18.887 
Total time taken: 1m0.924s
00:26:37.938 Checking updates...
00:26:44.216 Unable to start plugin html-report. Plugin html-report is not installed. To install, run `gauge --install html-report`.
00:26:44.230 # Bilyoner Betting Spec
00:26:44.231 ## Choose Matches
00:26:44.233 * User must be logged in

00:27:04.599 * Choose one of iy1 bet type randomly from available selections
00:27:08.934 
Failed Step: Choose one of iy1 bet type randomly from available selections
00:27:08.935 Specification: specs\betting.spec:27
00:27:08.935 Error Message: org.openqa.selenium.UnhandledAlertException: Unexpected modal dialog (text: Giriş/Şifre bilgilerinizi kontrol ediniz!): Giriş/Şifre bilgilerinizi kontrol ediniz!
Build info: version: '2.53.1', revision: 'a36b8b1cd5757287168e54b817830adce9b0158d', time: '2016-06-30 19:26:09'
System info: host: 'NBONDERDIRI', ip: '192.168.0.100', os.name: 'Windows 8.1', os.arch: 'amd64', os.version: '6.3', java.version: '1.8.0_77'
Driver info: org.openqa.selenium.firefox.FirefoxDriver
Capabilities [{applicationCacheEnabled=true, rotatable=false, handlesAlerts=true, databaseEnabled=true, version=46.0.1, platform=WINDOWS, nativeEvents=false, acceptSslCerts=true, webStorageEnabled=true, locationContextEnabled=true, browserName=firefox, takesScreenshot=true, javascriptEnabled=true, cssSelectorsEnabled=true}]
Session ID: 92462244-daf5-4992-8dac-fb03d48eddcf
00:27:08.935 Stacktrace: 
sun.reflect.NativeConstructorAccessorImpl.newInstance0(Native Method)
sun.reflect.NativeConstructorAccessorImpl.newInstance(NativeConstructorAccessorImpl.java:62)
sun.reflect.DelegatingConstructorAccessorImpl.newInstance(DelegatingConstructorAccessorImpl.java:45)
java.lang.reflect.Constructor.newInstance(Constructor.java:423)
org.openqa.selenium.remote.ErrorHandler.createThrowable(ErrorHandler.java:206)
org.openqa.selenium.remote.ErrorHandler.createUnhandledAlertException(ErrorHandler.java:187)
org.openqa.selenium.remote.ErrorHandler.throwIfResponseFailed(ErrorHandler.java:154)
org.openqa.selenium.remote.RemoteWebDriver.execute(RemoteWebDriver.java:678)
org.openqa.selenium.remote.RemoteWebDriver.execute(RemoteWebDriver.java:701)
org.openqa.selenium.remote.RemoteWebDriver.getCurrentUrl(RemoteWebDriver.java:326)
BettingTest.chooseFirstBet(BettingTest.java:77)
sun.reflect.NativeMethodAccessorImpl.invoke0(Native Method)
sun.reflect.NativeMethodAccessorImpl.invoke(NativeMethodAccessorImpl.java:62)
sun.reflect.DelegatingMethodAccessorImpl.invoke(DelegatingMethodAccessorImpl.java:43)
java.lang.reflect.Method.invoke(Method.java:498)
com.thoughtworks.gauge.execution.MethodExecutor.execute(MethodExecutor.java:31)
com.thoughtworks.gauge.execution.StepExecutionStage.executeStepMethod(StepExecutionStage.java:96)
com.thoughtworks.gauge.execution.StepExecutionStage.executeStep(StepExecutionStage.java:77)
com.thoughtworks.gauge.execution.StepExecutionStage.execute(StepExecutionStage.java:58)
com.thoughtworks.gauge.execution.AbstractExecutionStage.executeNext(AbstractExecutionStage.java:24)
com.thoughtworks.gauge.execution.HookExecutionStage.execute(HookExecutionStage.java:42)
com.thoughtworks.gauge.execution.ExecutionPipeline.start(ExecutionPipeline.java:31)
com.thoughtworks.gauge.processor.ExecuteStepProcessor.process(ExecuteStepProcessor.java:34)
com.thoughtworks.gauge.connection.MessageDispatcher.dispatchMessages(MessageDispatcher.java:72)
com.thoughtworks.gauge.GaugeRuntime.main(GaugeRuntime.java:37)
00:27:09.994 Specifications:	1 executed	0 passed	1 failed	0 skipped
00:27:09.994 Scenarios:	1 executed	0 passed	1 failed	0 skipped
00:27:09.994 
Total time taken: 24.72s
00:28:29.460 Checking updates...
00:28:35.096 Unable to start plugin html-report. Plugin html-report is not installed. To install, run `gauge --install html-report`.
00:28:35.104 # Bilyoner Betting Spec
00:28:35.105 ## Choose Matches
00:28:35.106 * User must be logged in

00:28:53.591 * Choose one of iy1 bet type randomly from available selections
00:28:58.903 * Choose one of h2 bet type randomly from available selections
00:29:00.268 * Choose one of ms1 bet type randomly from available selections
00:29:01.442 * Validate 4 match added to betslip
00:29:31.859 * Validate Kuponum is opened
00:29:31.862 * Validate Coupon Header background is green

00:29:33.107 Specifications:	1 executed	1 passed	0 failed	0 skipped
00:29:33.107 Scenarios:	1 executed	1 passed	0 failed	0 skipped
00:29:33.107 
Total time taken: 56.773s
00:41:40.157 Checking updates...
00:41:45.555 Unable to start plugin html-report. Plugin html-report is not installed. To install, run `gauge --install html-report`.
00:41:45.567 # Bilyoner Betting Spec
00:41:45.567 ## Choose Matches
00:41:45.582 * User must be logged in

00:42:06.977 * Choose one of iy1 bet type randomly from available selections
00:42:12.390 * Choose one of h2 bet type randomly from available selections
00:42:13.730 * Choose one of ms1 bet type randomly from available selections
00:42:15.288 * Validate 4 match added to betslip
00:42:15.697 * Validate Kuponum is opened
00:42:15.699 * Validate Coupon Header background is green

00:42:16.814 Specifications:	1 executed	1 passed	0 failed	0 skipped
00:42:16.814 Scenarios:	1 executed	1 passed	0 failed	0 skipped
00:42:16.814 
Total time taken: 30.151s
01:22:07.425 Checking updates...
01:22:13.643 Unable to start plugin html-report. Plugin html-report is not installed. To install, run `gauge --install html-report`.
01:22:13.664 # Bilyoner Betting Spec
01:22:13.666 ## Choose Matches
01:22:13.669 * User must be logged in

01:22:39.262 * Choose one of iy1 bet type randomly from available selections
01:22:46.161 * Choose one of h2 bet type randomly from available selections
01:23:17.570 
Failed Step: Choose one of h2 bet type randomly from available selections
01:23:17.570 Specification: specs\betting.spec:28
01:23:17.570 Error Message: org.openqa.selenium.NoSuchElementException: Unable to locate element: {"method":"xpath","selector":"/html/body/div[1]/div[3]/div[2]/div[1]/div/div/div[2]/div[6]/div/div[10]/span[20]/div/span/span[1]"}
Command duration or timeout: 30.36 seconds
For documentation on this error, please visit: http://seleniumhq.org/exceptions/no_such_element.html
Build info: version: '2.53.1', revision: 'a36b8b1cd5757287168e54b817830adce9b0158d', time: '2016-06-30 19:26:09'
System info: host: 'NBONDERDIRI', ip: '192.168.0.100', os.name: 'Windows 8.1', os.arch: 'amd64', os.version: '6.3', java.version: '1.8.0_77'
Driver info: org.openqa.selenium.firefox.FirefoxDriver
Capabilities [{applicationCacheEnabled=true, rotatable=false, handlesAlerts=true, databaseEnabled=true, version=46.0.1, platform=WINDOWS, nativeEvents=false, acceptSslCerts=true, webStorageEnabled=true, locationContextEnabled=true, browserName=firefox, takesScreenshot=true, javascriptEnabled=true, cssSelectorsEnabled=true}]
Session ID: 6ba5e0be-d7e8-4936-bbde-e1006ee954dd
*** Element info: {Using=xpath, value=/html/body/div[1]/div[3]/div[2]/div[1]/div/div/div[2]/div[6]/div/div[10]/span[20]/div/span/span[1]}
01:23:17.570 Stacktrace: 
sun.reflect.NativeConstructorAccessorImpl.newInstance0(Native Method)
sun.reflect.NativeConstructorAccessorImpl.newInstance(NativeConstructorAccessorImpl.java:62)
sun.reflect.DelegatingConstructorAccessorImpl.newInstance(DelegatingConstructorAccessorImpl.java:45)
java.lang.reflect.Constructor.newInstance(Constructor.java:423)
org.openqa.selenium.remote.ErrorHandler.createThrowable(ErrorHandler.java:206)
org.openqa.selenium.remote.ErrorHandler.throwIfResponseFailed(ErrorHandler.java:158)
org.openqa.selenium.remote.RemoteWebDriver.execute(RemoteWebDriver.java:678)
org.openqa.selenium.remote.RemoteWebDriver.findElement(RemoteWebDriver.java:363)
org.openqa.selenium.remote.RemoteWebDriver.findElementByXPath(RemoteWebDriver.java:500)
org.openqa.selenium.By$ByXPath.findElement(By.java:361)
org.openqa.selenium.remote.RemoteWebDriver.findElement(RemoteWebDriver.java:355)
BettingTest.chooseSecondBet(BettingTest.java:83)
sun.reflect.NativeMethodAccessorImpl.invoke0(Native Method)
sun.reflect.NativeMethodAccessorImpl.invoke(NativeMethodAccessorImpl.java:62)
sun.reflect.DelegatingMethodAccessorImpl.invoke(DelegatingMethodAccessorImpl.java:43)
java.lang.reflect.Method.invoke(Method.java:498)
com.thoughtworks.gauge.execution.MethodExecutor.execute(MethodExecutor.java:31)
com.thoughtworks.gauge.execution.StepExecutionStage.executeStepMethod(StepExecutionStage.java:96)
com.thoughtworks.gauge.execution.StepExecutionStage.executeStep(StepExecutionStage.java:77)
com.thoughtworks.gauge.execution.StepExecutionStage.execute(StepExecutionStage.java:58)
com.thoughtworks.gauge.execution.AbstractExecutionStage.executeNext(AbstractExecutionStage.java:24)
com.thoughtworks.gauge.execution.HookExecutionStage.execute(HookExecutionStage.java:42)
com.thoughtworks.gauge.execution.ExecutionPipeline.start(ExecutionPipeline.java:31)
com.thoughtworks.gauge.processor.ExecuteStepProcessor.process(ExecuteStepProcessor.java:34)
com.thoughtworks.gauge.connection.MessageDispatcher.dispatchMessages(MessageDispatcher.java:72)
com.thoughtworks.gauge.GaugeRuntime.main(GaugeRuntime.java:37)
01:23:18.793 Specifications:	1 executed	0 passed	1 failed	0 skipped
01:23:18.793 Scenarios:	1 executed	0 passed	1 failed	0 skipped
01:23:18.793 
Total time taken: 1m3.933s
01:25:50.471 Checking updates...
01:25:56.790 [ValidationError] C:\Users\admin\IdeaProjects\bddExerciseProject\specs\betting.spec:31: Step implementation not found => 'Validate 4 match added to betslip'
01:25:56.794 Unable to start plugin html-report. Plugin html-report is not installed. To install, run `gauge --install html-report`.
01:25:57.031 Specifications:	0 executed	0 passed	0 failed	1 skipped
01:25:57.031 Scenarios:	0 executed	0 passed	0 failed	1 skipped
01:25:57.031 
Total time taken: 24ms
01:28:11.244 Checking updates...
01:28:18.163 Unable to start plugin html-report. Plugin html-report is not installed. To install, run `gauge --install html-report`.
01:28:18.182 # Bilyoner Betting Spec
01:28:18.186 ## Choose Matches
01:28:18.192 * User must be logged in

01:28:56.382 * Choose one of iy1 bet type randomly from available selections
01:29:00.843 * Validate Kuponum is opened
01:29:01.252 * Validate Coupon Header background is green

01:29:02.363 Specifications:	1 executed	1 passed	0 failed	0 skipped
01:29:02.363 Scenarios:	1 executed	1 passed	0 failed	0 skipped
01:29:02.363 
Total time taken: 43.096s
02:01:10.418 Checking updates...
02:01:16.887 Unable to start plugin html-report. Plugin html-report is not installed. To install, run `gauge --install html-report`.
02:01:16.965 # Bilyoner Betting Spec
02:01:16.965 ## Choose Matches
02:01:16.970 * User must be logged in

02:01:36.613 * Choose one of iy1 bet type randomly from available selections
02:01:43.665 * Validate Kuponum is opened
02:01:43.871 * Validate Coupon Header background is green

02:01:44.889 Specifications:	1 executed	1 passed	0 failed	0 skipped
02:01:44.889 Scenarios:	1 executed	1 passed	0 failed	0 skipped
02:01:44.889 
Total time taken: 26.99s
02:17:49.918 Checking updates...
02:17:56.235 Unable to start plugin html-report. Plugin html-report is not installed. To install, run `gauge --install html-report`.
02:17:56.263 # Bilyoner Betting Spec
02:17:56.264 ## Choose Matches
02:17:56.267 * User must be logged in

02:18:21.773 * Choose one of iy1 bet type randomly from available selections
02:18:29.181 * Choose one of h2 bet type randomly from available selections
02:18:30.669 * Choose one of ms1 bet type randomly from available selections
02:18:32.373 * Choose one of any bet type from mbs3 matches which are available on the Bahis Yap page
02:18:34.385 * Validate 4 match added to betslip
02:19:05.811 
Failed Step: Validate 4 match added to betslip
02:19:05.812 Specification: specs\betting.spec:31
02:19:05.812 Error Message: org.openqa.selenium.NoSuchElementException: Unable to locate element: {"method":"xpath","selector":"/html/body/div[1]/div[1]/div[2]/div[2]/div[1]/div[9]/div[1]/div[1]/div[2]/div[5]/span[1]/span[3]"}
Command duration or timeout: 30.37 seconds
For documentation on this error, please visit: http://seleniumhq.org/exceptions/no_such_element.html
Build info: version: '2.53.1', revision: 'a36b8b1cd5757287168e54b817830adce9b0158d', time: '2016-06-30 19:26:09'
System info: host: 'NBONDERDIRI', ip: '192.168.0.100', os.name: 'Windows 8.1', os.arch: 'amd64', os.version: '6.3', java.version: '1.8.0_77'
Driver info: org.openqa.selenium.firefox.FirefoxDriver
Capabilities [{applicationCacheEnabled=true, rotatable=false, handlesAlerts=true, databaseEnabled=true, version=46.0.1, platform=WINDOWS, nativeEvents=false, acceptSslCerts=true, webStorageEnabled=true, locationContextEnabled=true, browserName=firefox, takesScreenshot=true, javascriptEnabled=true, cssSelectorsEnabled=true}]
Session ID: 5074146b-c5ab-4143-8dc0-a84f255206aa
*** Element info: {Using=xpath, value=/html/body/div[1]/div[1]/div[2]/div[2]/div[1]/div[9]/div[1]/div[1]/div[2]/div[5]/span[1]/span[3]}
02:19:05.812 Stacktrace: 
sun.reflect.NativeConstructorAccessorImpl.newInstance0(Native Method)
sun.reflect.NativeConstructorAccessorImpl.newInstance(NativeConstructorAccessorImpl.java:62)
sun.reflect.DelegatingConstructorAccessorImpl.newInstance(DelegatingConstructorAccessorImpl.java:45)
java.lang.reflect.Constructor.newInstance(Constructor.java:423)
org.openqa.selenium.remote.ErrorHandler.createThrowable(ErrorHandler.java:206)
org.openqa.selenium.remote.ErrorHandler.throwIfResponseFailed(ErrorHandler.java:158)
org.openqa.selenium.remote.RemoteWebDriver.execute(RemoteWebDriver.java:678)
org.openqa.selenium.remote.RemoteWebDriver.findElement(RemoteWebDriver.java:363)
org.openqa.selenium.remote.RemoteWebDriver.findElementByXPath(RemoteWebDriver.java:500)
org.openqa.selenium.By$ByXPath.findElement(By.java:361)
org.openqa.selenium.remote.RemoteWebDriver.findElement(RemoteWebDriver.java:355)
BettingTest.validateBetslip(BettingTest.java:105)
sun.reflect.NativeMethodAccessorImpl.invoke0(Native Method)
sun.reflect.NativeMethodAccessorImpl.invoke(NativeMethodAccessorImpl.java:62)
sun.reflect.DelegatingMethodAccessorImpl.invoke(DelegatingMethodAccessorImpl.java:43)
java.lang.reflect.Method.invoke(Method.java:498)
com.thoughtworks.gauge.execution.MethodExecutor.execute(MethodExecutor.java:31)
com.thoughtworks.gauge.execution.StepExecutionStage.executeStepMethod(StepExecutionStage.java:96)
com.thoughtworks.gauge.execution.StepExecutionStage.executeStep(StepExecutionStage.java:77)
com.thoughtworks.gauge.execution.StepExecutionStage.execute(StepExecutionStage.java:58)
com.thoughtworks.gauge.execution.AbstractExecutionStage.executeNext(AbstractExecutionStage.java:24)
com.thoughtworks.gauge.execution.HookExecutionStage.execute(HookExecutionStage.java:42)
com.thoughtworks.gauge.execution.ExecutionPipeline.start(ExecutionPipeline.java:31)
com.thoughtworks.gauge.processor.ExecuteStepProcessor.process(ExecuteStepProcessor.java:34)
com.thoughtworks.gauge.connection.MessageDispatcher.dispatchMessages(MessageDispatcher.java:72)
com.thoughtworks.gauge.GaugeRuntime.main(GaugeRuntime.java:37)
02:19:07.035 Specifications:	1 executed	0 passed	1 failed	0 skipped
02:19:07.035 Scenarios:	1 executed	0 passed	1 failed	0 skipped
02:19:07.035 
Total time taken: 1m9.581s
02:21:27.934 Checking updates...
02:21:34.152 Unable to start plugin html-report. Plugin html-report is not installed. To install, run `gauge --install html-report`.
02:21:34.184 # Bilyoner Betting Spec
02:21:34.186 ## Choose Matches
02:21:34.188 * User must be logged in

02:21:55.005 * Choose one of iy1 bet type randomly from available selections
02:22:02.224 * Choose one of h2 bet type randomly from available selections
02:22:04.286 * Choose one of ms1 bet type randomly from available selections
02:22:05.916 * Choose one of any bet type from mbs3 matches which are available on the Bahis Yap page
02:22:07.607 * Validate 4 match added to betslip
02:22:09.385 
Failed Step: Validate 4 match added to betslip
02:22:09.385 Specification: specs\betting.spec:31
02:22:09.385 Error Message: java.lang.AssertionError: expected: java.lang.Integer<4> but was: java.lang.String<4>
02:22:09.385 Stacktrace: 
org.junit.Assert.fail(Assert.java:88)
org.junit.Assert.failNotEquals(Assert.java:834)
org.junit.Assert.assertEquals(Assert.java:118)
org.junit.Assert.assertEquals(Assert.java:144)
BettingTest.validateBetslip(BettingTest.java:106)
sun.reflect.NativeMethodAccessorImpl.invoke0(Native Method)
sun.reflect.NativeMethodAccessorImpl.invoke(NativeMethodAccessorImpl.java:62)
sun.reflect.DelegatingMethodAccessorImpl.invoke(DelegatingMethodAccessorImpl.java:43)
java.lang.reflect.Method.invoke(Method.java:498)
com.thoughtworks.gauge.execution.MethodExecutor.execute(MethodExecutor.java:31)
com.thoughtworks.gauge.execution.StepExecutionStage.executeStepMethod(StepExecutionStage.java:96)
com.thoughtworks.gauge.execution.StepExecutionStage.executeStep(StepExecutionStage.java:77)
com.thoughtworks.gauge.execution.StepExecutionStage.execute(StepExecutionStage.java:58)
com.thoughtworks.gauge.execution.AbstractExecutionStage.executeNext(AbstractExecutionStage.java:24)
com.thoughtworks.gauge.execution.HookExecutionStage.execute(HookExecutionStage.java:42)
com.thoughtworks.gauge.execution.ExecutionPipeline.start(ExecutionPipeline.java:31)
com.thoughtworks.gauge.processor.ExecuteStepProcessor.process(ExecuteStepProcessor.java:34)
com.thoughtworks.gauge.connection.MessageDispatcher.dispatchMessages(MessageDispatcher.java:72)
com.thoughtworks.gauge.GaugeRuntime.main(GaugeRuntime.java:37)
02:22:10.493 Specifications:	1 executed	0 passed	1 failed	0 skipped
02:22:10.493 Scenarios:	1 executed	0 passed	1 failed	0 skipped
02:22:10.493 
Total time taken: 35.238s
02:27:23.282 Checking updates...
02:27:31.391 Unable to start plugin html-report. Plugin html-report is not installed. To install, run `gauge --install html-report`.
02:27:31.419 # Bilyoner Betting Spec
02:27:31.419 ## Choose Matches
02:27:31.429 * User must be logged in

02:27:53.480 * Choose one of iy1 bet type randomly from available selections
02:28:00.510 * Choose one of h2 bet type randomly from available selections
02:28:02.565 * Choose one of ms1 bet type randomly from available selections
02:28:04.387 * Choose one of any bet type from mbs3 matches which are available on the Bahis Yap page
02:28:06.189 * Validate 4 match added to betslip
02:28:08.124 
Failed Step: Validate 4 match added to betslip
02:28:08.124 Specification: specs\betting.spec:31
02:28:08.124 Error Message: java.lang.AssertionError: expected: java.lang.Integer<4> but was: java.lang.String<4>
02:28:08.124 Stacktrace: 
org.junit.Assert.fail(Assert.java:88)
org.junit.Assert.failNotEquals(Assert.java:834)
org.junit.Assert.assertEquals(Assert.java:118)
org.junit.Assert.assertEquals(Assert.java:144)
BettingTest.validateBetslip(BettingTest.java:109)
sun.reflect.NativeMethodAccessorImpl.invoke0(Native Method)
sun.reflect.NativeMethodAccessorImpl.invoke(NativeMethodAccessorImpl.java:62)
sun.reflect.DelegatingMethodAccessorImpl.invoke(DelegatingMethodAccessorImpl.java:43)
java.lang.reflect.Method.invoke(Method.java:498)
com.thoughtworks.gauge.execution.MethodExecutor.execute(MethodExecutor.java:31)
com.thoughtworks.gauge.execution.StepExecutionStage.executeStepMethod(StepExecutionStage.java:96)
com.thoughtworks.gauge.execution.StepExecutionStage.executeStep(StepExecutionStage.java:77)
com.thoughtworks.gauge.execution.StepExecutionStage.execute(StepExecutionStage.java:58)
com.thoughtworks.gauge.execution.AbstractExecutionStage.executeNext(AbstractExecutionStage.java:24)
com.thoughtworks.gauge.execution.HookExecutionStage.execute(HookExecutionStage.java:42)
com.thoughtworks.gauge.execution.ExecutionPipeline.start(ExecutionPipeline.java:31)
com.thoughtworks.gauge.processor.ExecuteStepProcessor.process(ExecuteStepProcessor.java:34)
com.thoughtworks.gauge.connection.MessageDispatcher.dispatchMessages(MessageDispatcher.java:72)
com.thoughtworks.gauge.GaugeRuntime.main(GaugeRuntime.java:37)
02:28:09.336 Specifications:	1 executed	0 passed	1 failed	0 skipped
02:28:09.336 Scenarios:	1 executed	0 passed	1 failed	0 skipped
02:28:09.336 
Total time taken: 36.741s
02:32:36.099 Checking updates...
02:32:42.813 Unable to start plugin html-report. Plugin html-report is not installed. To install, run `gauge --install html-report`.
02:32:42.830 # Bilyoner Betting Spec
02:32:42.831 ## Choose Matches
02:32:42.834 * User must be logged in

02:33:10.337 * Choose one of iy1 bet type randomly from available selections
02:33:17.356 * Choose one of h2 bet type randomly from available selections
02:33:19.113 * Choose one of ms1 bet type randomly from available selections
02:33:20.739 * Choose one of any bet type from mbs3 matches which are available on the Bahis Yap page
02:33:22.318 * Validate 4 match added to betslip
02:33:23.210 * Validate Kuponum is opened
02:33:54.335 
Failed Step: Validate Kuponum is opened
02:33:54.335 Specification: specs\betting.spec:32
02:33:54.335 Error Message: org.openqa.selenium.NoSuchElementException: Unable to locate element: {"method":"class name","selector":"acikKirmizi"}
Command duration or timeout: 30.03 seconds
For documentation on this error, please visit: http://seleniumhq.org/exceptions/no_such_element.html
Build info: version: '2.53.1', revision: 'a36b8b1cd5757287168e54b817830adce9b0158d', time: '2016-06-30 19:26:09'
System info: host: 'NBONDERDIRI', ip: '192.168.0.100', os.name: 'Windows 8.1', os.arch: 'amd64', os.version: '6.3', java.version: '1.8.0_77'
Driver info: org.openqa.selenium.firefox.FirefoxDriver
Capabilities [{applicationCacheEnabled=true, rotatable=false, handlesAlerts=true, databaseEnabled=true, version=46.0.1, platform=WINDOWS, nativeEvents=false, acceptSslCerts=true, webStorageEnabled=true, locationContextEnabled=true, browserName=firefox, takesScreenshot=true, javascriptEnabled=true, cssSelectorsEnabled=true}]
Session ID: 732248be-e3d1-4ef1-b95c-ceb5c97f9000
*** Element info: {Using=class name, value=acikKirmizi}
02:33:54.335 Stacktrace: 
sun.reflect.NativeConstructorAccessorImpl.newInstance0(Native Method)
sun.reflect.NativeConstructorAccessorImpl.newInstance(NativeConstructorAccessorImpl.java:62)
sun.reflect.DelegatingConstructorAccessorImpl.newInstance(DelegatingConstructorAccessorImpl.java:45)
java.lang.reflect.Constructor.newInstance(Constructor.java:423)
org.openqa.selenium.remote.ErrorHandler.createThrowable(ErrorHandler.java:206)
org.openqa.selenium.remote.ErrorHandler.throwIfResponseFailed(ErrorHandler.java:158)
org.openqa.selenium.remote.RemoteWebDriver.execute(RemoteWebDriver.java:678)
org.openqa.selenium.remote.RemoteWebDriver.findElement(RemoteWebDriver.java:363)
org.openqa.selenium.remote.RemoteWebDriver.findElementByClassName(RemoteWebDriver.java:477)
org.openqa.selenium.By$ByClassName.findElement(By.java:391)
org.openqa.selenium.remote.RemoteWebDriver.findElement(RemoteWebDriver.java:355)
BettingTest.validateCouponIsOpened(BettingTest.java:116)
sun.reflect.NativeMethodAccessorImpl.invoke0(Native Method)
sun.reflect.NativeMethodAccessorImpl.invoke(NativeMethodAccessorImpl.java:62)
sun.reflect.DelegatingMethodAccessorImpl.invoke(DelegatingMethodAccessorImpl.java:43)
java.lang.reflect.Method.invoke(Method.java:498)
com.thoughtworks.gauge.execution.MethodExecutor.execute(MethodExecutor.java:31)
com.thoughtworks.gauge.execution.StepExecutionStage.executeStepMethod(StepExecutionStage.java:96)
com.thoughtworks.gauge.execution.StepExecutionStage.executeStep(StepExecutionStage.java:77)
com.thoughtworks.gauge.execution.StepExecutionStage.execute(StepExecutionStage.java:58)
com.thoughtworks.gauge.execution.AbstractExecutionStage.executeNext(AbstractExecutionStage.java:24)
com.thoughtworks.gauge.execution.HookExecutionStage.execute(HookExecutionStage.java:42)
com.thoughtworks.gauge.execution.ExecutionPipeline.start(ExecutionPipeline.java:31)
com.thoughtworks.gauge.processor.ExecuteStepProcessor.process(ExecuteStepProcessor.java:34)
com.thoughtworks.gauge.connection.MessageDispatcher.dispatchMessages(MessageDispatcher.java:72)
com.thoughtworks.gauge.GaugeRuntime.main(GaugeRuntime.java:37)
02:33:55.542 Specifications:	1 executed	0 passed	1 failed	0 skipped
02:33:55.542 Scenarios:	1 executed	0 passed	1 failed	0 skipped
02:33:55.542 
Total time taken: 1m11.525s
02:35:48.592 Checking updates...
02:35:54.593 Unable to start plugin html-report. Plugin html-report is not installed. To install, run `gauge --install html-report`.
02:35:54.601 # Bilyoner Betting Spec
02:35:54.602 ## Choose Matches
02:35:54.603 * User must be logged in

02:36:14.391 * Choose one of iy1 bet type randomly from available selections
02:36:21.076 * Choose one of h2 bet type randomly from available selections
02:36:22.627 * Choose one of ms1 bet type randomly from available selections
02:36:24.200 * Choose one of any bet type from mbs3 matches which are available on the Bahis Yap page
02:36:25.968 * Validate 4 match added to betslip
02:36:26.827 * Validate Kuponum is opened
02:36:27.009 * Validate Coupon Header background is green

02:36:28.020 Specifications:	1 executed	1 passed	0 failed	0 skipped
02:36:28.020 Scenarios:	1 executed	1 passed	0 failed	0 skipped
02:36:28.020 
Total time taken: 32.422s
09:40:50.640 Checking updates...
09:40:57.263 Unable to start plugin html-report. Plugin html-report is not installed. To install, run `gauge --install html-report`.
09:40:57.290 # Bilyoner Betting Spec
09:40:57.291 ## Choose Matches
09:40:57.295 * User must be logged in

09:41:33.258 * Choose one of iy1 bet type randomly from available selections
09:41:42.382 
Failed Step: Choose one of iy1 bet type randomly from available selections
09:41:42.382 Specification: specs\betting.spec:27
09:41:42.382 Error Message: org.openqa.selenium.InvalidSelectorException: The given selector /html/body/div[1]/div[3]/div[2]/div[1]/div/div/div[2]/div[6]/div/div[18]/span[12]/div/span/span[1]] is either invalid or does not result in a WebElement. The following error occurred:
InvalidSelectorError: Unable to locate an element with the xpath expression /html/body/div[1]/div[3]/div[2]/div[1]/div/div/div[2]/div[6]/div/div[18]/span[12]/div/span/span[1]] because of the following error:
SyntaxError: The expression is not a legal expression.
Command duration or timeout: 862 milliseconds
For documentation on this error, please visit: http://seleniumhq.org/exceptions/invalid_selector_exception.html
Build info: version: '2.53.1', revision: 'a36b8b1cd5757287168e54b817830adce9b0158d', time: '2016-06-30 19:26:09'
System info: host: 'NBONDERDIRI', ip: '192.20.107.117', os.name: 'Windows 8.1', os.arch: 'amd64', os.version: '6.3', java.version: '1.8.0_77'
Driver info: org.openqa.selenium.firefox.FirefoxDriver
Capabilities [{applicationCacheEnabled=true, rotatable=false, handlesAlerts=true, databaseEnabled=true, version=46.0.1, platform=WINDOWS, nativeEvents=false, acceptSslCerts=true, webStorageEnabled=true, locationContextEnabled=true, browserName=firefox, takesScreenshot=true, javascriptEnabled=true, cssSelectorsEnabled=true}]
Session ID: d1043806-d7d9-40dd-8078-158c7151f684
*** Element info: {Using=xpath, value=/html/body/div[1]/div[3]/div[2]/div[1]/div/div/div[2]/div[6]/div/div[18]/span[12]/div/span/span[1]]}
09:41:42.382 Stacktrace: 
sun.reflect.NativeConstructorAccessorImpl.newInstance0(Native Method)
sun.reflect.NativeConstructorAccessorImpl.newInstance(NativeConstructorAccessorImpl.java:62)
sun.reflect.DelegatingConstructorAccessorImpl.newInstance(DelegatingConstructorAccessorImpl.java:45)
java.lang.reflect.Constructor.newInstance(Constructor.java:423)
org.openqa.selenium.remote.ErrorHandler.createThrowable(ErrorHandler.java:206)
org.openqa.selenium.remote.ErrorHandler.throwIfResponseFailed(ErrorHandler.java:158)
org.openqa.selenium.remote.RemoteWebDriver.execute(RemoteWebDriver.java:678)
org.openqa.selenium.remote.RemoteWebDriver.findElement(RemoteWebDriver.java:363)
org.openqa.selenium.remote.RemoteWebDriver.findElementByXPath(RemoteWebDriver.java:500)
org.openqa.selenium.By$ByXPath.findElement(By.java:361)
org.openqa.selenium.remote.RemoteWebDriver.findElement(RemoteWebDriver.java:355)
BettingTest.chooseFirstBet(BettingTest.java:80)
sun.reflect.NativeMethodAccessorImpl.invoke0(Native Method)
sun.reflect.NativeMethodAccessorImpl.invoke(NativeMethodAccessorImpl.java:62)
sun.reflect.DelegatingMethodAccessorImpl.invoke(DelegatingMethodAccessorImpl.java:43)
java.lang.reflect.Method.invoke(Method.java:498)
com.thoughtworks.gauge.execution.MethodExecutor.execute(MethodExecutor.java:31)
com.thoughtworks.gauge.execution.StepExecutionStage.executeStepMethod(StepExecutionStage.java:96)
com.thoughtworks.gauge.execution.StepExecutionStage.executeStep(StepExecutionStage.java:77)
com.thoughtworks.gauge.execution.StepExecutionStage.execute(StepExecutionStage.java:58)
com.thoughtworks.gauge.execution.AbstractExecutionStage.executeNext(AbstractExecutionStage.java:24)
com.thoughtworks.gauge.execution.HookExecutionStage.execute(HookExecutionStage.java:42)
com.thoughtworks.gauge.execution.ExecutionPipeline.start(ExecutionPipeline.java:31)
com.thoughtworks.gauge.processor.ExecuteStepProcessor.process(ExecuteStepProcessor.java:34)
com.thoughtworks.gauge.connection.MessageDispatcher.dispatchMessages(MessageDispatcher.java:72)
com.thoughtworks.gauge.GaugeRuntime.main(GaugeRuntime.java:37)
09:41:43.629 Specifications:	1 executed	0 passed	1 failed	0 skipped
09:41:43.629 Scenarios:	1 executed	0 passed	1 failed	0 skipped
09:41:43.629 
Total time taken: 45.126s
09:45:30.670 Checking updates...
09:45:39.536 Unable to start plugin html-report. Plugin html-report is not installed. To install, run `gauge --install html-report`.
09:45:39.555 # Bilyoner Betting Spec
09:45:39.555 ## Choose Matches
09:45:39.557 * User must be logged in

09:47:32.247 * Choose one of iy1 bet type randomly from available selections
09:47:40.311 * Choose one of h2 bet type randomly from available selections
09:47:42.309 * Choose one of ms1 bet type randomly from available selections
09:47:44.264 * Choose one of any bet type from mbs3 matches which are available on the Bahis Yap page
09:47:46.026 * Validate 4 match added to betslip
09:48:17.643 
Failed Step: Validate 4 match added to betslip
09:48:17.643 Specification: specs\betting.spec:31
09:48:17.643 Error Message: org.openqa.selenium.NoSuchElementException: Unable to locate element: {"method":"xpath","selector":"/html/body/div[1]/div[1]/div[2]/div[2]/div/div[6]/div[1]/div[1]/div[2]/div[5]/span[1]/span[3]"}
Command duration or timeout: 30.45 seconds
For documentation on this error, please visit: http://seleniumhq.org/exceptions/no_such_element.html
Build info: version: '2.53.1', revision: 'a36b8b1cd5757287168e54b817830adce9b0158d', time: '2016-06-30 19:26:09'
System info: host: 'NBONDERDIRI', ip: '192.20.107.117', os.name: 'Windows 8.1', os.arch: 'amd64', os.version: '6.3', java.version: '1.8.0_77'
Driver info: org.openqa.selenium.firefox.FirefoxDriver
Capabilities [{applicationCacheEnabled=true, rotatable=false, handlesAlerts=true, databaseEnabled=true, version=46.0.1, platform=WINDOWS, nativeEvents=false, acceptSslCerts=true, webStorageEnabled=true, locationContextEnabled=true, browserName=firefox, takesScreenshot=true, javascriptEnabled=true, cssSelectorsEnabled=true}]
Session ID: 6f3535fb-e247-4803-8ddb-68347cfef8fe
*** Element info: {Using=xpath, value=/html/body/div[1]/div[1]/div[2]/div[2]/div/div[6]/div[1]/div[1]/div[2]/div[5]/span[1]/span[3]}
09:48:17.643 Stacktrace: 
sun.reflect.NativeConstructorAccessorImpl.newInstance0(Native Method)
sun.reflect.NativeConstructorAccessorImpl.newInstance(NativeConstructorAccessorImpl.java:62)
sun.reflect.DelegatingConstructorAccessorImpl.newInstance(DelegatingConstructorAccessorImpl.java:45)
java.lang.reflect.Constructor.newInstance(Constructor.java:423)
org.openqa.selenium.remote.ErrorHandler.createThrowable(ErrorHandler.java:206)
org.openqa.selenium.remote.ErrorHandler.throwIfResponseFailed(ErrorHandler.java:158)
org.openqa.selenium.remote.RemoteWebDriver.execute(RemoteWebDriver.java:678)
org.openqa.selenium.remote.RemoteWebDriver.findElement(RemoteWebDriver.java:363)
org.openqa.selenium.remote.RemoteWebDriver.findElementByXPath(RemoteWebDriver.java:500)
org.openqa.selenium.By$ByXPath.findElement(By.java:361)
org.openqa.selenium.remote.RemoteWebDriver.findElement(RemoteWebDriver.java:355)
BettingTest.validateBetslip(BettingTest.java:106)
sun.reflect.NativeMethodAccessorImpl.invoke0(Native Method)
sun.reflect.NativeMethodAccessorImpl.invoke(NativeMethodAccessorImpl.java:62)
sun.reflect.DelegatingMethodAccessorImpl.invoke(DelegatingMethodAccessorImpl.java:43)
java.lang.reflect.Method.invoke(Method.java:498)
com.thoughtworks.gauge.execution.MethodExecutor.execute(MethodExecutor.java:31)
com.thoughtworks.gauge.execution.StepExecutionStage.executeStepMethod(StepExecutionStage.java:96)
com.thoughtworks.gauge.execution.StepExecutionStage.executeStep(StepExecutionStage.java:77)
com.thoughtworks.gauge.execution.StepExecutionStage.execute(StepExecutionStage.java:58)
com.thoughtworks.gauge.execution.AbstractExecutionStage.executeNext(AbstractExecutionStage.java:24)
com.thoughtworks.gauge.execution.HookExecutionStage.execute(HookExecutionStage.java:42)
com.thoughtworks.gauge.execution.ExecutionPipeline.start(ExecutionPipeline.java:31)
com.thoughtworks.gauge.processor.ExecuteStepProcessor.process(ExecuteStepProcessor.java:34)
com.thoughtworks.gauge.connection.MessageDispatcher.dispatchMessages(MessageDispatcher.java:72)
com.thoughtworks.gauge.GaugeRuntime.main(GaugeRuntime.java:37)
09:48:18.982 Specifications:	1 executed	0 passed	1 failed	0 skipped
09:48:18.982 Scenarios:	1 executed	0 passed	1 failed	0 skipped
09:48:18.982 
Total time taken: 2m38.112s
10:04:16.786 Checking updates...
10:04:24.095 Unable to start plugin html-report. Plugin html-report is not installed. To install, run `gauge --install html-report`.
10:04:24.114 # Bilyoner Betting Spec
10:04:24.117 ## Play Coupon
10:04:24.120 * User must be logged in

10:05:05.149 * Click "Devam Et" button
10:05:37.587 
Failed Step: Click "Devam Et" button
10:05:37.589 Specification: specs\betting.spec:42
10:05:37.589 Error Message: org.openqa.selenium.ElementNotVisibleException: Element is not currently visible and so may not be interacted with
Command duration or timeout: 30.05 seconds
Build info: version: '2.53.1', revision: 'a36b8b1cd5757287168e54b817830adce9b0158d', time: '2016-06-30 19:26:09'
System info: host: 'NBONDERDIRI', ip: '192.20.107.117', os.name: 'Windows 8.1', os.arch: 'amd64', os.version: '6.3', java.version: '1.8.0_77'
Driver info: org.openqa.selenium.firefox.FirefoxDriver
Capabilities [{applicationCacheEnabled=true, rotatable=false, handlesAlerts=true, databaseEnabled=true, version=46.0.1, platform=WINDOWS, nativeEvents=false, acceptSslCerts=true, webStorageEnabled=true, locationContextEnabled=true, browserName=firefox, takesScreenshot=true, javascriptEnabled=true, cssSelectorsEnabled=true}]
Session ID: d5f81ca8-9995-4bfb-a0e9-6a51d7b9c3e0
10:05:37.589 Stacktrace: 
sun.reflect.NativeConstructorAccessorImpl.newInstance0(Native Method)
sun.reflect.NativeConstructorAccessorImpl.newInstance(NativeConstructorAccessorImpl.java:62)
sun.reflect.DelegatingConstructorAccessorImpl.newInstance(DelegatingConstructorAccessorImpl.java:45)
java.lang.reflect.Constructor.newInstance(Constructor.java:423)
org.openqa.selenium.remote.ErrorHandler.createThrowable(ErrorHandler.java:206)
org.openqa.selenium.remote.ErrorHandler.throwIfResponseFailed(ErrorHandler.java:158)
org.openqa.selenium.remote.RemoteWebDriver.execute(RemoteWebDriver.java:678)
org.openqa.selenium.remote.RemoteWebElement.execute(RemoteWebElement.java:327)
org.openqa.selenium.remote.RemoteWebElement.click(RemoteWebElement.java:85)
BettingTest.clickBahisYapButton(BettingTest.java:58)
sun.reflect.NativeMethodAccessorImpl.invoke0(Native Method)
sun.reflect.NativeMethodAccessorImpl.invoke(NativeMethodAccessorImpl.java:62)
sun.reflect.DelegatingMethodAccessorImpl.invoke(DelegatingMethodAccessorImpl.java:43)
java.lang.reflect.Method.invoke(Method.java:498)
com.thoughtworks.gauge.execution.MethodExecutor.execute(MethodExecutor.java:31)
com.thoughtworks.gauge.execution.StepExecutionStage.executeStepMethod(StepExecutionStage.java:94)
com.thoughtworks.gauge.execution.StepExecutionStage.executeStep(StepExecutionStage.java:77)
com.thoughtworks.gauge.execution.StepExecutionStage.execute(StepExecutionStage.java:58)
com.thoughtworks.gauge.execution.AbstractExecutionStage.executeNext(AbstractExecutionStage.java:24)
com.thoughtworks.gauge.execution.HookExecutionStage.execute(HookExecutionStage.java:42)
com.thoughtworks.gauge.execution.ExecutionPipeline.start(ExecutionPipeline.java:31)
com.thoughtworks.gauge.processor.ExecuteStepProcessor.process(ExecuteStepProcessor.java:34)
com.thoughtworks.gauge.connection.MessageDispatcher.dispatchMessages(MessageDispatcher.java:72)
com.thoughtworks.gauge.GaugeRuntime.main(GaugeRuntime.java:37)
10:05:38.694 Specifications:	1 executed	0 passed	1 failed	0 skipped
10:05:38.694 Scenarios:	1 executed	0 passed	1 failed	0 skipped
10:05:38.694 
Total time taken: 1m13.496s
10:06:08.488 Unable to start plugin html-report. Plugin html-report is not installed. To install, run `gauge --install html-report`.
10:06:08.497 # Bilyoner Betting Spec
10:06:08.498 ## Choose Matches
10:06:08.498 * User must be logged in

10:06:22.542 Checking updates...
10:06:43.553 Failed to download java-install.json file: Get https://downloads.getgauge.io/plugin/java?l=java&p=java&o=windows&a=amd64: dial tcp 65.49.44.130:443: connectex: A connection attempt failed because the connected party did not properly respond after a period of time, or established connection failed because connected host has failed to respond.
10:07:10.260 * Choose one of iy1 bet type randomly from available selections
10:07:19.766 * Choose one of h2 bet type randomly from available selections
10:07:21.570 * Choose one of ms1 bet type randomly from available selections
10:07:23.730 * Choose one of any bet type from mbs3 matches which are available on the Bahis Yap page
10:07:25.683 * Validate 4 match added to betslip
10:08:02.063 
Failed Step: Validate 4 match added to betslip
10:08:02.063 Specification: specs\betting.spec:31
10:08:02.063 Error Message: org.openqa.selenium.NoSuchElementException: Unable to locate element: {"method":"xpath","selector":"/html/body/div[1]/div[1]/div[2]/div[2]/div/div[6]/div[1]/div[1]/div[2]/div[5]/span[1]/span[3]"}
Command duration or timeout: 34.73 seconds
For documentation on this error, please visit: http://seleniumhq.org/exceptions/no_such_element.html
Build info: version: '2.53.1', revision: 'a36b8b1cd5757287168e54b817830adce9b0158d', time: '2016-06-30 19:26:09'
System info: host: 'NBONDERDIRI', ip: '192.20.107.117', os.name: 'Windows 8.1', os.arch: 'amd64', os.version: '6.3', java.version: '1.8.0_77'
Driver info: org.openqa.selenium.firefox.FirefoxDriver
Capabilities [{applicationCacheEnabled=true, rotatable=false, handlesAlerts=true, databaseEnabled=true, version=46.0.1, platform=WINDOWS, nativeEvents=false, acceptSslCerts=true, webStorageEnabled=true, locationContextEnabled=true, browserName=firefox, takesScreenshot=true, javascriptEnabled=true, cssSelectorsEnabled=true}]
Session ID: c5e9090c-510c-4f4f-af9c-b23a49784f9d
*** Element info: {Using=xpath, value=/html/body/div[1]/div[1]/div[2]/div[2]/div/div[6]/div[1]/div[1]/div[2]/div[5]/span[1]/span[3]}
10:08:02.063 Stacktrace: 
sun.reflect.NativeConstructorAccessorImpl.newInstance0(Native Method)
sun.reflect.NativeConstructorAccessorImpl.newInstance(NativeConstructorAccessorImpl.java:62)
sun.reflect.DelegatingConstructorAccessorImpl.newInstance(DelegatingConstructorAccessorImpl.java:45)
java.lang.reflect.Constructor.newInstance(Constructor.java:423)
org.openqa.selenium.remote.ErrorHandler.createThrowable(ErrorHandler.java:206)
org.openqa.selenium.remote.ErrorHandler.throwIfResponseFailed(ErrorHandler.java:158)
org.openqa.selenium.remote.RemoteWebDriver.execute(RemoteWebDriver.java:678)
org.openqa.selenium.remote.RemoteWebDriver.findElement(RemoteWebDriver.java:363)
org.openqa.selenium.remote.RemoteWebDriver.findElementByXPath(RemoteWebDriver.java:500)
org.openqa.selenium.By$ByXPath.findElement(By.java:361)
org.openqa.selenium.remote.RemoteWebDriver.findElement(RemoteWebDriver.java:355)
BettingTest.validateBetslip(BettingTest.java:106)
sun.reflect.NativeMethodAccessorImpl.invoke0(Native Method)
sun.reflect.NativeMethodAccessorImpl.invoke(NativeMethodAccessorImpl.java:62)
sun.reflect.DelegatingMethodAccessorImpl.invoke(DelegatingMethodAccessorImpl.java:43)
java.lang.reflect.Method.invoke(Method.java:498)
com.thoughtworks.gauge.execution.MethodExecutor.execute(MethodExecutor.java:31)
com.thoughtworks.gauge.execution.StepExecutionStage.executeStepMethod(StepExecutionStage.java:96)
com.thoughtworks.gauge.execution.StepExecutionStage.executeStep(StepExecutionStage.java:77)
com.thoughtworks.gauge.execution.StepExecutionStage.execute(StepExecutionStage.java:58)
com.thoughtworks.gauge.execution.AbstractExecutionStage.executeNext(AbstractExecutionStage.java:24)
com.thoughtworks.gauge.execution.HookExecutionStage.execute(HookExecutionStage.java:42)
com.thoughtworks.gauge.execution.ExecutionPipeline.start(ExecutionPipeline.java:31)
com.thoughtworks.gauge.processor.ExecuteStepProcessor.process(ExecuteStepProcessor.java:34)
com.thoughtworks.gauge.connection.MessageDispatcher.dispatchMessages(MessageDispatcher.java:72)
com.thoughtworks.gauge.GaugeRuntime.main(GaugeRuntime.java:37)
10:08:03.394 Specifications:	1 executed	0 passed	1 failed	0 skipped
10:08:03.394 Scenarios:	1 executed	0 passed	1 failed	0 skipped
10:08:03.394 
Total time taken: 1m53.585s
10:08:47.673 Checking updates...
10:08:56.111 Unable to start plugin html-report. Plugin html-report is not installed. To install, run `gauge --install html-report`.
10:08:56.125 # Bilyoner Betting Spec
10:08:56.126 ## Choose Matches
10:08:56.127 * User must be logged in

10:09:48.272 * Choose one of iy1 bet type randomly from available selections
10:10:07.083 * Choose one of h2 bet type randomly from available selections
10:10:09.606 * Choose one of ms1 bet type randomly from available selections
10:10:11.609 * Choose one of any bet type from mbs3 matches which are available on the Bahis Yap page
10:10:14.838 * Validate 4 match added to betslip
10:10:46.689 
Failed Step: Validate 4 match added to betslip
10:10:46.690 Specification: specs\betting.spec:31
10:10:46.690 Error Message: org.openqa.selenium.NoSuchElementException: Unable to locate element: {"method":"xpath","selector":"/html/body/div[1]/div[1]/div[2]/div[2]/div/div[6]/div[1]/div[1]/div[2]/div[5]/span[1]/span[3]"}
Command duration or timeout: 30.99 seconds
For documentation on this error, please visit: http://seleniumhq.org/exceptions/no_such_element.html
Build info: version: '2.53.1', revision: 'a36b8b1cd5757287168e54b817830adce9b0158d', time: '2016-06-30 19:26:09'
System info: host: 'NBONDERDIRI', ip: '192.20.107.117', os.name: 'Windows 8.1', os.arch: 'amd64', os.version: '6.3', java.version: '1.8.0_77'
Driver info: org.openqa.selenium.firefox.FirefoxDriver
Capabilities [{applicationCacheEnabled=true, rotatable=false, handlesAlerts=true, databaseEnabled=true, version=46.0.1, platform=WINDOWS, nativeEvents=false, acceptSslCerts=true, webStorageEnabled=true, locationContextEnabled=true, browserName=firefox, takesScreenshot=true, javascriptEnabled=true, cssSelectorsEnabled=true}]
Session ID: fa291fdb-279b-48df-878b-6aa83bd5d154
*** Element info: {Using=xpath, value=/html/body/div[1]/div[1]/div[2]/div[2]/div/div[6]/div[1]/div[1]/div[2]/div[5]/span[1]/span[3]}
10:10:46.690 Stacktrace: 
sun.reflect.NativeConstructorAccessorImpl.newInstance0(Native Method)
sun.reflect.NativeConstructorAccessorImpl.newInstance(NativeConstructorAccessorImpl.java:62)
sun.reflect.DelegatingConstructorAccessorImpl.newInstance(DelegatingConstructorAccessorImpl.java:45)
java.lang.reflect.Constructor.newInstance(Constructor.java:423)
org.openqa.selenium.remote.ErrorHandler.createThrowable(ErrorHandler.java:206)
org.openqa.selenium.remote.ErrorHandler.throwIfResponseFailed(ErrorHandler.java:158)
org.openqa.selenium.remote.RemoteWebDriver.execute(RemoteWebDriver.java:678)
org.openqa.selenium.remote.RemoteWebDriver.findElement(RemoteWebDriver.java:363)
org.openqa.selenium.remote.RemoteWebDriver.findElementByXPath(RemoteWebDriver.java:500)
org.openqa.selenium.By$ByXPath.findElement(By.java:361)
org.openqa.selenium.remote.RemoteWebDriver.findElement(RemoteWebDriver.java:355)
BettingTest.validateBetslip(BettingTest.java:106)
sun.reflect.NativeMethodAccessorImpl.invoke0(Native Method)
sun.reflect.NativeMethodAccessorImpl.invoke(NativeMethodAccessorImpl.java:62)
sun.reflect.DelegatingMethodAccessorImpl.invoke(DelegatingMethodAccessorImpl.java:43)
java.lang.reflect.Method.invoke(Method.java:498)
com.thoughtworks.gauge.execution.MethodExecutor.execute(MethodExecutor.java:31)
com.thoughtworks.gauge.execution.StepExecutionStage.executeStepMethod(StepExecutionStage.java:96)
com.thoughtworks.gauge.execution.StepExecutionStage.executeStep(StepExecutionStage.java:77)
com.thoughtworks.gauge.execution.StepExecutionStage.execute(StepExecutionStage.java:58)
com.thoughtworks.gauge.execution.AbstractExecutionStage.executeNext(AbstractExecutionStage.java:24)
com.thoughtworks.gauge.execution.HookExecutionStage.execute(HookExecutionStage.java:42)
com.thoughtworks.gauge.execution.ExecutionPipeline.start(ExecutionPipeline.java:31)
com.thoughtworks.gauge.processor.ExecuteStepProcessor.process(ExecuteStepProcessor.java:34)
com.thoughtworks.gauge.connection.MessageDispatcher.dispatchMessages(MessageDispatcher.java:72)
com.thoughtworks.gauge.GaugeRuntime.main(GaugeRuntime.java:37)
10:10:47.699 Specifications:	1 executed	0 passed	1 failed	0 skipped
10:10:47.699 Scenarios:	1 executed	0 passed	1 failed	0 skipped
10:10:47.699 
Total time taken: 1m50.579s
10:13:31.860 Checking updates...
10:13:37.432 Unable to start plugin html-report. Plugin html-report is not installed. To install, run `gauge --install html-report`.
10:13:37.460 # Bilyoner Betting Spec
10:13:37.461 ## Choose Matches
10:13:37.469 * User must be logged in

10:14:31.347 * Choose one of iy1 bet type randomly from available selections
10:14:39.353 * Choose one of h2 bet type randomly from available selections
10:14:41.263 * Choose one of ms1 bet type randomly from available selections
10:14:42.997 * Choose one of any bet type from mbs3 matches which are available on the Bahis Yap page
10:14:45.027 * Validate 4 match added to betslip
10:14:45.717 * Validate Kuponum is opened
10:14:45.768 * Validate Coupon Header background is green

10:14:46.953 Specifications:	1 executed	1 passed	0 failed	0 skipped
10:14:46.953 Scenarios:	1 executed	1 passed	0 failed	0 skipped
10:14:46.953 
Total time taken: 1m8.417s
10:43:27.623 Checking updates...
10:43:32.975 Unable to start plugin html-report. Plugin html-report is not installed. To install, run `gauge --install html-report`.
10:43:33.001 # Bilyoner Betting Spec
10:43:33.009 ## Play Coupon
10:43:33.009 * User must be logged in

10:44:16.593 * Click "Devam Et" button
10:44:35.642 * Validate "Oyna" button is visible
10:44:37.430 
Failed Step: Validate "Oyna" button is visible
10:44:37.430 Specification: specs\betting.spec:43
10:44:37.430 Error Message: org.openqa.selenium.UnhandledAlertException: Unexpected modal dialog (text: Giriş/Şifre bilgilerinizi kontrol ediniz!): Giriş/Şifre bilgilerinizi kontrol ediniz!
Build info: version: '2.53.1', revision: 'a36b8b1cd5757287168e54b817830adce9b0158d', time: '2016-06-30 19:26:09'
System info: host: 'NBONDERDIRI', ip: '192.20.107.117', os.name: 'Windows 8.1', os.arch: 'amd64', os.version: '6.3', java.version: '1.8.0_77'
Driver info: org.openqa.selenium.firefox.FirefoxDriver
Capabilities [{applicationCacheEnabled=true, rotatable=false, handlesAlerts=true, databaseEnabled=true, version=46.0.1, platform=WINDOWS, nativeEvents=false, acceptSslCerts=true, webStorageEnabled=true, locationContextEnabled=true, browserName=firefox, takesScreenshot=true, javascriptEnabled=true, cssSelectorsEnabled=true}]
Session ID: 0c6abd3e-4f66-45cb-acc6-74c56a8076f8
*** Element info: {Using=class name, value=kaydetBtn}
10:44:37.430 Stacktrace: 
sun.reflect.NativeConstructorAccessorImpl.newInstance0(Native Method)
sun.reflect.NativeConstructorAccessorImpl.newInstance(NativeConstructorAccessorImpl.java:62)
sun.reflect.DelegatingConstructorAccessorImpl.newInstance(DelegatingConstructorAccessorImpl.java:45)
java.lang.reflect.Constructor.newInstance(Constructor.java:423)
org.openqa.selenium.remote.ErrorHandler.createThrowable(ErrorHandler.java:206)
org.openqa.selenium.remote.ErrorHandler.createUnhandledAlertException(ErrorHandler.java:187)
org.openqa.selenium.remote.ErrorHandler.throwIfResponseFailed(ErrorHandler.java:154)
org.openqa.selenium.remote.RemoteWebDriver.execute(RemoteWebDriver.java:678)
org.openqa.selenium.remote.RemoteWebDriver.findElement(RemoteWebDriver.java:363)
org.openqa.selenium.remote.RemoteWebDriver.findElementByClassName(RemoteWebDriver.java:477)
org.openqa.selenium.By$ByClassName.findElement(By.java:391)
org.openqa.selenium.remote.RemoteWebDriver.findElement(RemoteWebDriver.java:355)
BettingTest.validateKaydetDonButton(BettingTest.java:147)
sun.reflect.NativeMethodAccessorImpl.invoke0(Native Method)
sun.reflect.NativeMethodAccessorImpl.invoke(NativeMethodAccessorImpl.java:62)
sun.reflect.DelegatingMethodAccessorImpl.invoke(DelegatingMethodAccessorImpl.java:43)
java.lang.reflect.Method.invoke(Method.java:498)
com.thoughtworks.gauge.execution.MethodExecutor.execute(MethodExecutor.java:31)
com.thoughtworks.gauge.execution.StepExecutionStage.executeStepMethod(StepExecutionStage.java:94)
com.thoughtworks.gauge.execution.StepExecutionStage.executeStep(StepExecutionStage.java:77)
com.thoughtworks.gauge.execution.StepExecutionStage.execute(StepExecutionStage.java:58)
com.thoughtworks.gauge.execution.AbstractExecutionStage.executeNext(AbstractExecutionStage.java:24)
com.thoughtworks.gauge.execution.HookExecutionStage.execute(HookExecutionStage.java:42)
com.thoughtworks.gauge.execution.ExecutionPipeline.start(ExecutionPipeline.java:31)
com.thoughtworks.gauge.processor.ExecuteStepProcessor.process(ExecuteStepProcessor.java:34)
com.thoughtworks.gauge.connection.MessageDispatcher.dispatchMessages(MessageDispatcher.java:72)
com.thoughtworks.gauge.GaugeRuntime.main(GaugeRuntime.java:37)
10:44:38.910 Specifications:	1 executed	0 passed	1 failed	0 skipped
10:44:38.910 Scenarios:	1 executed	0 passed	1 failed	0 skipped
10:44:38.910 
Total time taken: 1m4.461s
11:16:27.761 Checking updates...
11:16:34.087 Unable to start plugin html-report. Plugin html-report is not installed. To install, run `gauge --install html-report`.
11:16:34.109 # Bilyoner Betting Spec
11:16:34.111 ## Play Coupon
11:16:34.113 * User must be logged in

11:16:35.053 Error Message: java.lang.NullPointerException
11:16:35.053 Stacktrace: 
BettingTest.chooseFirstBet(BettingTest.java:81)
sun.reflect.NativeMethodAccessorImpl.invoke0(Native Method)
sun.reflect.NativeMethodAccessorImpl.invoke(NativeMethodAccessorImpl.java:62)
sun.reflect.DelegatingMethodAccessorImpl.invoke(DelegatingMethodAccessorImpl.java:43)
java.lang.reflect.Method.invoke(Method.java:498)
com.thoughtworks.gauge.execution.MethodExecutor.execute(MethodExecutor.java:31)
com.thoughtworks.gauge.execution.HooksExecutor$TaggedHookExecutor.executeHook(HooksExecutor.java:98)
com.thoughtworks.gauge.execution.HooksExecutor$TaggedHookExecutor.execute(HooksExecutor.java:84)
com.thoughtworks.gauge.execution.HooksExecutor.execute(HooksExecutor.java:41)
com.thoughtworks.gauge.processor.MethodExecutionMessageProcessor.executeHooks(MethodExecutionMessageProcessor.java:55)
com.thoughtworks.gauge.processor.StepExecutionStartingProcessor.process(StepExecutionStartingProcessor.java:28)
com.thoughtworks.gauge.connection.MessageDispatcher.dispatchMessages(MessageDispatcher.java:72)
com.thoughtworks.gauge.GaugeRuntime.main(GaugeRuntime.java:37)
11:16:35.432 Error Message: java.lang.IllegalArgumentException: wrong number of arguments
11:16:35.432 Stacktrace: 
sun.reflect.NativeMethodAccessorImpl.invoke0(Native Method)
sun.reflect.NativeMethodAccessorImpl.invoke(NativeMethodAccessorImpl.java:62)
sun.reflect.DelegatingMethodAccessorImpl.invoke(DelegatingMethodAccessorImpl.java:43)
java.lang.reflect.Method.invoke(Method.java:498)
com.thoughtworks.gauge.execution.MethodExecutor.execute(MethodExecutor.java:31)
com.thoughtworks.gauge.execution.HooksExecutor$TaggedHookExecutor.executeHook(HooksExecutor.java:98)
com.thoughtworks.gauge.execution.HooksExecutor$TaggedHookExecutor.execute(HooksExecutor.java:84)
com.thoughtworks.gauge.execution.HooksExecutor.execute(HooksExecutor.java:41)
com.thoughtworks.gauge.processor.MethodExecutionMessageProcessor.executeHooks(MethodExecutionMessageProcessor.java:55)
com.thoughtworks.gauge.processor.SpecExecutionEndingProcessor.process(SpecExecutionEndingProcessor.java:26)
com.thoughtworks.gauge.connection.MessageDispatcher.dispatchMessages(MessageDispatcher.java:72)
com.thoughtworks.gauge.GaugeRuntime.main(GaugeRuntime.java:37)
11:16:36.336 Specifications:	1 executed	0 passed	1 failed	0 skipped
11:16:36.336 Scenarios:	1 executed	0 passed	1 failed	0 skipped
11:16:36.336 
Total time taken: 1.345s
11:58:58.989 Checking updates...
11:59:05.127 Unable to start plugin html-report. Plugin html-report is not installed. To install, run `gauge --install html-report`.
11:59:05.160 # Bilyoner Betting Spec
11:59:05.173 ## Choose Matches
11:59:05.176 * User must be logged in

12:00:04.946 * Choose one of iy1 bet type randomly from available selections
12:00:08.467 
Failed Step: Choose one of iy1 bet type randomly from available selections
12:00:08.468 Specification: specs\betting.spec:27
12:00:08.468 Error Message: org.openqa.selenium.UnhandledAlertException: Unexpected modal dialog (text: Giriş/Şifre bilgilerinizi kontrol ediniz!): Giriş/Şifre bilgilerinizi kontrol ediniz!
Build info: version: '2.53.1', revision: 'a36b8b1cd5757287168e54b817830adce9b0158d', time: '2016-06-30 19:26:09'
System info: host: 'NBONDERDIRI', ip: '192.20.107.117', os.name: 'Windows 8.1', os.arch: 'amd64', os.version: '6.3', java.version: '1.8.0_77'
Driver info: org.openqa.selenium.firefox.FirefoxDriver
Capabilities [{applicationCacheEnabled=true, rotatable=false, handlesAlerts=true, databaseEnabled=true, version=46.0.1, platform=WINDOWS, nativeEvents=false, acceptSslCerts=true, webStorageEnabled=true, locationContextEnabled=true, browserName=firefox, takesScreenshot=true, javascriptEnabled=true, cssSelectorsEnabled=true}]
Session ID: 07dc41ae-a1db-4672-8082-90f72e1a9bc3
12:00:08.468 Stacktrace: 
sun.reflect.NativeConstructorAccessorImpl.newInstance0(Native Method)
sun.reflect.NativeConstructorAccessorImpl.newInstance(NativeConstructorAccessorImpl.java:62)
sun.reflect.DelegatingConstructorAccessorImpl.newInstance(DelegatingConstructorAccessorImpl.java:45)
java.lang.reflect.Constructor.newInstance(Constructor.java:423)
org.openqa.selenium.remote.ErrorHandler.createThrowable(ErrorHandler.java:206)
org.openqa.selenium.remote.ErrorHandler.createUnhandledAlertException(ErrorHandler.java:187)
org.openqa.selenium.remote.ErrorHandler.throwIfResponseFailed(ErrorHandler.java:154)
org.openqa.selenium.remote.RemoteWebDriver.execute(RemoteWebDriver.java:678)
org.openqa.selenium.remote.RemoteWebDriver.execute(RemoteWebDriver.java:701)
org.openqa.selenium.remote.RemoteWebDriver.getCurrentUrl(RemoteWebDriver.java:326)
BettingTest.chooseFirstBet(BettingTest.java:83)
sun.reflect.NativeMethodAccessorImpl.invoke0(Native Method)
sun.reflect.NativeMethodAccessorImpl.invoke(NativeMethodAccessorImpl.java:62)
sun.reflect.DelegatingMethodAccessorImpl.invoke(DelegatingMethodAccessorImpl.java:43)
java.lang.reflect.Method.invoke(Method.java:498)
com.thoughtworks.gauge.execution.MethodExecutor.execute(MethodExecutor.java:31)
com.thoughtworks.gauge.execution.StepExecutionStage.executeStepMethod(StepExecutionStage.java:96)
com.thoughtworks.gauge.execution.StepExecutionStage.executeStep(StepExecutionStage.java:77)
com.thoughtworks.gauge.execution.StepExecutionStage.execute(StepExecutionStage.java:58)
com.thoughtworks.gauge.execution.AbstractExecutionStage.executeNext(AbstractExecutionStage.java:24)
com.thoughtworks.gauge.execution.HookExecutionStage.execute(HookExecutionStage.java:42)
com.thoughtworks.gauge.execution.ExecutionPipeline.start(ExecutionPipeline.java:31)
com.thoughtworks.gauge.processor.ExecuteStepProcessor.process(ExecuteStepProcessor.java:34)
com.thoughtworks.gauge.connection.MessageDispatcher.dispatchMessages(MessageDispatcher.java:72)
com.thoughtworks.gauge.GaugeRuntime.main(GaugeRuntime.java:37)
12:00:09.511 Specifications:	1 executed	0 passed	1 failed	0 skipped
12:00:09.511 Scenarios:	1 executed	0 passed	1 failed	0 skipped
12:00:09.511 
Total time taken: 1m3.343s
12:01:06.323 Checking updates...
12:01:13.497 Unable to start plugin html-report. Plugin html-report is not installed. To install, run `gauge --install html-report`.
12:01:13.517 # Bilyoner Betting Spec
12:01:13.530 ## Choose Matches
12:01:13.538 * User must be logged in

12:01:53.680 
Failed Step: User must be logged in
12:01:53.680 Specification: specs\betting.spec:6
12:01:53.680 Error Message: org.openqa.selenium.remote.UnreachableBrowserException: Error communicating with the remote browser. It may have died.
Build info: version: '2.53.1', revision: 'a36b8b1cd5757287168e54b817830adce9b0158d', time: '2016-06-30 19:26:09'
System info: host: 'NBONDERDIRI', ip: '192.20.107.117', os.name: 'Windows 8.1', os.arch: 'amd64', os.version: '6.3', java.version: '1.8.0_77'
Driver info: driver.version: RemoteWebDriver
Capabilities [{applicationCacheEnabled=true, rotatable=false, handlesAlerts=true, databaseEnabled=true, version=46.0.1, platform=WINDOWS, nativeEvents=false, acceptSslCerts=true, webStorageEnabled=true, locationContextEnabled=true, browserName=firefox, takesScreenshot=true, javascriptEnabled=true, cssSelectorsEnabled=true}]
Session ID: af9803d8-faa4-4d93-9ae5-467f17e88fe4
12:01:53.680 Stacktrace: 
org.openqa.selenium.remote.RemoteWebDriver.execute(RemoteWebDriver.java:665)
org.openqa.selenium.remote.RemoteWebDriver.get(RemoteWebDriver.java:316)
BettingTest.setUp(BettingTest.java:26)
BettingTest.userLogin(BettingTest.java:32)
sun.reflect.NativeMethodAccessorImpl.invoke0(Native Method)
sun.reflect.NativeMethodAccessorImpl.invoke(NativeMethodAccessorImpl.java:62)
sun.reflect.DelegatingMethodAccessorImpl.invoke(DelegatingMethodAccessorImpl.java:43)
java.lang.reflect.Method.invoke(Method.java:498)
com.thoughtworks.gauge.execution.MethodExecutor.execute(MethodExecutor.java:31)
com.thoughtworks.gauge.execution.StepExecutionStage.executeStepMethod(StepExecutionStage.java:96)
com.thoughtworks.gauge.execution.StepExecutionStage.executeStep(StepExecutionStage.java:77)
com.thoughtworks.gauge.execution.StepExecutionStage.execute(StepExecutionStage.java:58)
com.thoughtworks.gauge.execution.AbstractExecutionStage.executeNext(AbstractExecutionStage.java:24)
com.thoughtworks.gauge.execution.HookExecutionStage.execute(HookExecutionStage.java:42)
com.thoughtworks.gauge.execution.ExecutionPipeline.start(ExecutionPipeline.java:31)
com.thoughtworks.gauge.processor.ExecuteStepProcessor.process(ExecuteStepProcessor.java:34)
com.thoughtworks.gauge.connection.MessageDispatcher.dispatchMessages(MessageDispatcher.java:72)
com.thoughtworks.gauge.GaugeRuntime.main(GaugeRuntime.java:37)
12:01:54.408 Specifications:	1 executed	0 passed	1 failed	0 skipped
12:01:54.408 Scenarios:	1 executed	0 passed	1 failed	0 skipped
12:01:54.408 
Total time taken: 40.194s
12:03:05.142 Checking updates...
12:03:11.329 Unable to start plugin html-report. Plugin html-report is not installed. To install, run `gauge --install html-report`.
12:03:11.357 # Bilyoner Betting Spec
12:03:11.357 ## Choose Matches
12:03:11.398 * User must be logged in

12:04:11.398 * Choose one of iy1 bet type randomly from available selections
12:04:20.084 * Choose one of h2 bet type randomly from available selections
12:04:21.955 * Choose one of ms1 bet type randomly from available selections
12:04:23.805 * Choose one of any bet type from mbs3 matches which are available on the Bahis Yap page
12:04:25.788 * Validate 4 match added to betslip
12:04:26.584 * Validate Kuponum is opened
12:04:26.687 * Validate Coupon Header background is green

12:04:27.988 Specifications:	1 executed	1 passed	0 failed	0 skipped
12:04:27.988 Scenarios:	1 executed	1 passed	0 failed	0 skipped
12:04:27.988 
Total time taken: 1m15.421s
12:09:13.340 Checking updates...
12:09:20.756 Unable to start plugin html-report. Plugin html-report is not installed. To install, run `gauge --install html-report`.
12:09:20.785 # Bilyoner Betting Spec
12:09:20.790 ## Play Coupon
12:09:20.791 * User must be logged in

12:09:49.317 * Click "Devam Et" button
12:10:27.960 
Failed Step: Click "Devam Et" button
12:10:27.960 Specification: specs\betting.spec:42
12:10:27.960 Error Message: org.openqa.selenium.ElementNotVisibleException: Element is not currently visible and so may not be interacted with
Command duration or timeout: 30.18 seconds
Build info: version: '2.53.1', revision: 'a36b8b1cd5757287168e54b817830adce9b0158d', time: '2016-06-30 19:26:09'
System info: host: 'NBONDERDIRI', ip: '192.20.107.117', os.name: 'Windows 8.1', os.arch: 'amd64', os.version: '6.3', java.version: '1.8.0_77'
Driver info: org.openqa.selenium.firefox.FirefoxDriver
Capabilities [{applicationCacheEnabled=true, rotatable=false, handlesAlerts=true, databaseEnabled=true, version=46.0.1, platform=WINDOWS, nativeEvents=false, acceptSslCerts=true, webStorageEnabled=true, locationContextEnabled=true, browserName=firefox, takesScreenshot=true, javascriptEnabled=true, cssSelectorsEnabled=true}]
Session ID: f46b2e1e-ff8f-46f6-b1bc-a329b8b9d230
12:10:27.960 Stacktrace: 
sun.reflect.NativeConstructorAccessorImpl.newInstance0(Native Method)
sun.reflect.NativeConstructorAccessorImpl.newInstance(NativeConstructorAccessorImpl.java:62)
sun.reflect.DelegatingConstructorAccessorImpl.newInstance(DelegatingConstructorAccessorImpl.java:45)
java.lang.reflect.Constructor.newInstance(Constructor.java:423)
org.openqa.selenium.remote.ErrorHandler.createThrowable(ErrorHandler.java:206)
org.openqa.selenium.remote.ErrorHandler.throwIfResponseFailed(ErrorHandler.java:158)
org.openqa.selenium.remote.RemoteWebDriver.execute(RemoteWebDriver.java:678)
org.openqa.selenium.remote.RemoteWebElement.execute(RemoteWebElement.java:327)
org.openqa.selenium.remote.RemoteWebElement.click(RemoteWebElement.java:85)
BettingTest.clickBahisYapButton(BettingTest.java:61)
sun.reflect.NativeMethodAccessorImpl.invoke0(Native Method)
sun.reflect.NativeMethodAccessorImpl.invoke(NativeMethodAccessorImpl.java:62)
sun.reflect.DelegatingMethodAccessorImpl.invoke(DelegatingMethodAccessorImpl.java:43)
java.lang.reflect.Method.invoke(Method.java:498)
com.thoughtworks.gauge.execution.MethodExecutor.execute(MethodExecutor.java:31)
com.thoughtworks.gauge.execution.StepExecutionStage.executeStepMethod(StepExecutionStage.java:94)
com.thoughtworks.gauge.execution.StepExecutionStage.executeStep(StepExecutionStage.java:77)
com.thoughtworks.gauge.execution.StepExecutionStage.execute(StepExecutionStage.java:58)
com.thoughtworks.gauge.execution.AbstractExecutionStage.executeNext(AbstractExecutionStage.java:24)
com.thoughtworks.gauge.execution.HookExecutionStage.execute(HookExecutionStage.java:42)
com.thoughtworks.gauge.execution.ExecutionPipeline.start(ExecutionPipeline.java:31)
com.thoughtworks.gauge.processor.ExecuteStepProcessor.process(ExecuteStepProcessor.java:34)
com.thoughtworks.gauge.connection.MessageDispatcher.dispatchMessages(MessageDispatcher.java:72)
com.thoughtworks.gauge.GaugeRuntime.main(GaugeRuntime.java:37)
12:10:28.871 Specifications:	1 executed	0 passed	1 failed	0 skipped
12:10:28.871 Scenarios:	1 executed	0 passed	1 failed	0 skipped
12:10:28.871 
Total time taken: 1m7.212s
12:14:47.668 Checking updates...
12:14:53.377 Unable to start plugin html-report. Plugin html-report is not installed. To install, run `gauge --install html-report`.
12:14:53.420 # Bilyoner Betting Spec
12:14:53.421 ## Play Coupon
12:14:53.467 * User must be logged in

12:15:40.784 * Click "Devam Et" button
12:15:59.890 * Validate "Oyna" button is visible
12:16:01.691 
Failed Step: Validate "Oyna" button is visible
12:16:01.691 Specification: specs\betting.spec:43
12:16:01.691 Error Message: org.openqa.selenium.UnhandledAlertException: Unexpected modal dialog (text: Giriş/Şifre bilgilerinizi kontrol ediniz!): Giriş/Şifre bilgilerinizi kontrol ediniz!
Build info: version: '2.53.1', revision: 'a36b8b1cd5757287168e54b817830adce9b0158d', time: '2016-06-30 19:26:09'
System info: host: 'NBONDERDIRI', ip: '192.20.107.117', os.name: 'Windows 8.1', os.arch: 'amd64', os.version: '6.3', java.version: '1.8.0_77'
Driver info: org.openqa.selenium.firefox.FirefoxDriver
Capabilities [{applicationCacheEnabled=true, rotatable=false, handlesAlerts=true, databaseEnabled=true, version=46.0.1, platform=WINDOWS, nativeEvents=false, acceptSslCerts=true, webStorageEnabled=true, locationContextEnabled=true, browserName=firefox, takesScreenshot=true, javascriptEnabled=true, cssSelectorsEnabled=true}]
Session ID: ccee6774-a293-4d70-a1f2-e24b6d8ddd96
*** Element info: {Using=class name, value=kaydetBtn}
12:16:01.691 Stacktrace: 
sun.reflect.NativeConstructorAccessorImpl.newInstance0(Native Method)
sun.reflect.NativeConstructorAccessorImpl.newInstance(NativeConstructorAccessorImpl.java:62)
sun.reflect.DelegatingConstructorAccessorImpl.newInstance(DelegatingConstructorAccessorImpl.java:45)
java.lang.reflect.Constructor.newInstance(Constructor.java:423)
org.openqa.selenium.remote.ErrorHandler.createThrowable(ErrorHandler.java:206)
org.openqa.selenium.remote.ErrorHandler.createUnhandledAlertException(ErrorHandler.java:187)
org.openqa.selenium.remote.ErrorHandler.throwIfResponseFailed(ErrorHandler.java:154)
org.openqa.selenium.remote.RemoteWebDriver.execute(RemoteWebDriver.java:678)
org.openqa.selenium.remote.RemoteWebDriver.findElement(RemoteWebDriver.java:363)
org.openqa.selenium.remote.RemoteWebDriver.findElementByClassName(RemoteWebDriver.java:477)
org.openqa.selenium.By$ByClassName.findElement(By.java:391)
org.openqa.selenium.remote.RemoteWebDriver.findElement(RemoteWebDriver.java:355)
BettingTest.validateKaydetDonButton(BettingTest.java:152)
sun.reflect.NativeMethodAccessorImpl.invoke0(Native Method)
sun.reflect.NativeMethodAccessorImpl.invoke(NativeMethodAccessorImpl.java:62)
sun.reflect.DelegatingMethodAccessorImpl.invoke(DelegatingMethodAccessorImpl.java:43)
java.lang.reflect.Method.invoke(Method.java:498)
com.thoughtworks.gauge.execution.MethodExecutor.execute(MethodExecutor.java:31)
com.thoughtworks.gauge.execution.StepExecutionStage.executeStepMethod(StepExecutionStage.java:94)
com.thoughtworks.gauge.execution.StepExecutionStage.executeStep(StepExecutionStage.java:77)
com.thoughtworks.gauge.execution.StepExecutionStage.execute(StepExecutionStage.java:58)
com.thoughtworks.gauge.execution.AbstractExecutionStage.executeNext(AbstractExecutionStage.java:24)
com.thoughtworks.gauge.execution.HookExecutionStage.execute(HookExecutionStage.java:42)
com.thoughtworks.gauge.execution.ExecutionPipeline.start(ExecutionPipeline.java:31)
com.thoughtworks.gauge.processor.ExecuteStepProcessor.process(ExecuteStepProcessor.java:34)
com.thoughtworks.gauge.connection.MessageDispatcher.dispatchMessages(MessageDispatcher.java:72)
com.thoughtworks.gauge.GaugeRuntime.main(GaugeRuntime.java:37)
12:16:02.725 Specifications:	1 executed	0 passed	1 failed	0 skipped
12:16:02.725 Scenarios:	1 executed	0 passed	1 failed	0 skipped
12:16:02.725 
Total time taken: 1m8.32s
13:08:13.777 Checking updates...
13:08:20.150 [ValidationError] C:\Users\admin\IdeaProjects\bddExerciseProject\specs\betting.spec:53: Step implementation not found => 'Move mouse to Heabım hoverable button'
13:08:20.151 [ValidationError] C:\Users\admin\IdeaProjects\bddExerciseProject\specs\betting.spec:54: Step implementation not found => 'Validate Hesabım dropdown menu is opened and "8" element is visible'
13:08:20.152 [ValidationError] C:\Users\admin\IdeaProjects\bddExerciseProject\specs\betting.spec:56: Step implementation not found => 'Validate page url is "https://www.bilyoner.com/hesabim#/hesabim"'
13:08:20.152 [ValidationError] C:\Users\admin\IdeaProjects\bddExerciseProject\specs\betting.spec:57: Step implementation not found => 'Validate "iddaa" tab selected'
13:08:20.152 [ValidationError] C:\Users\admin\IdeaProjects\bddExerciseProject\specs\betting.spec:58: Step implementation not found => 'Choose first coupon from coupons list'
13:08:20.152 [ValidationError] C:\Users\admin\IdeaProjects\bddExerciseProject\specs\betting.spec:59: Step implementation not found => 'Click iptal et button'
13:08:20.152 [ValidationError] C:\Users\admin\IdeaProjects\bddExerciseProject\specs\betting.spec:61: Step implementation not found => 'Click Tamam button'
13:08:20.155 Unable to start plugin html-report. Plugin html-report is not installed. To install, run `gauge --install html-report`.
13:08:20.180 # Bilyoner Betting Spec
13:08:20.205 ## Open Bahis Yap Page
13:08:20.206 * User must be logged in

13:09:25.466 * Move mouse to hoverable "IDDAA" button
13:09:27.642 
Failed Step: Move mouse to hoverable "IDDAA" button
13:09:27.642 Specification: specs\betting.spec:12
13:09:27.642 Error Message: org.openqa.selenium.UnhandledAlertException: Unexpected modal dialog (text: Giriş/Şifre bilgilerinizi kontrol ediniz!): Giriş/Şifre bilgilerinizi kontrol ediniz!
Build info: version: '2.53.1', revision: 'a36b8b1cd5757287168e54b817830adce9b0158d', time: '2016-06-30 19:26:09'
System info: host: 'NBONDERDIRI', ip: '192.20.107.117', os.name: 'Windows 8.1', os.arch: 'amd64', os.version: '6.3', java.version: '1.8.0_77'
Driver info: org.openqa.selenium.firefox.FirefoxDriver
Capabilities [{applicationCacheEnabled=true, rotatable=false, handlesAlerts=true, databaseEnabled=true, version=46.0.1, platform=WINDOWS, nativeEvents=false, acceptSslCerts=true, webStorageEnabled=true, locationContextEnabled=true, browserName=firefox, takesScreenshot=true, javascriptEnabled=true, cssSelectorsEnabled=true}]
Session ID: b591824a-7f79-4fb2-86c8-ff06ef4936b0
*** Element info: {Using=link text, value=İDDAA}
13:09:27.642 Stacktrace: 
sun.reflect.NativeConstructorAccessorImpl.newInstance0(Native Method)
sun.reflect.NativeConstructorAccessorImpl.newInstance(NativeConstructorAccessorImpl.java:62)
sun.reflect.DelegatingConstructorAccessorImpl.newInstance(DelegatingConstructorAccessorImpl.java:45)
java.lang.reflect.Constructor.newInstance(Constructor.java:423)
org.openqa.selenium.remote.ErrorHandler.createThrowable(ErrorHandler.java:206)
org.openqa.selenium.remote.ErrorHandler.createUnhandledAlertException(ErrorHandler.java:187)
org.openqa.selenium.remote.ErrorHandler.throwIfResponseFailed(ErrorHandler.java:154)
org.openqa.selenium.remote.RemoteWebDriver.execute(RemoteWebDriver.java:678)
org.openqa.selenium.remote.RemoteWebDriver.findElement(RemoteWebDriver.java:363)
org.openqa.selenium.remote.RemoteWebDriver.findElementByLinkText(RemoteWebDriver.java:428)
org.openqa.selenium.By$ByLinkText.findElement(By.java:246)
org.openqa.selenium.remote.RemoteWebDriver.findElement(RemoteWebDriver.java:355)
BettingTest.mouseMoveEvent(BettingTest.java:44)
sun.reflect.NativeMethodAccessorImpl.invoke0(Native Method)
sun.reflect.NativeMethodAccessorImpl.invoke(NativeMethodAccessorImpl.java:62)
sun.reflect.DelegatingMethodAccessorImpl.invoke(DelegatingMethodAccessorImpl.java:43)
java.lang.reflect.Method.invoke(Method.java:498)
com.thoughtworks.gauge.execution.MethodExecutor.execute(MethodExecutor.java:31)
com.thoughtworks.gauge.execution.StepExecutionStage.executeStepMethod(StepExecutionStage.java:94)
com.thoughtworks.gauge.execution.StepExecutionStage.executeStep(StepExecutionStage.java:77)
com.thoughtworks.gauge.execution.StepExecutionStage.execute(StepExecutionStage.java:58)
com.thoughtworks.gauge.execution.AbstractExecutionStage.executeNext(AbstractExecutionStage.java:24)
com.thoughtworks.gauge.execution.HookExecutionStage.execute(HookExecutionStage.java:42)
com.thoughtworks.gauge.execution.ExecutionPipeline.start(ExecutionPipeline.java:31)
com.thoughtworks.gauge.processor.ExecuteStepProcessor.process(ExecuteStepProcessor.java:34)
com.thoughtworks.gauge.connection.MessageDispatcher.dispatchMessages(MessageDispatcher.java:72)
com.thoughtworks.gauge.GaugeRuntime.main(GaugeRuntime.java:37)
13:09:27.643 ## Choose Matches
13:09:27.644 * User must be logged in

13:10:59.083 * Choose one of iy1 bet type randomly from available selections
13:11:13.842 * Choose one of h2 bet type randomly from available selections
13:11:15.774 * Choose one of ms1 bet type randomly from available selections
13:11:17.493 * Choose one of any bet type from mbs3 matches which are available on the Bahis Yap page
13:11:19.889 * Validate 4 match added to betslip
13:11:20.619 * Validate Kuponum is opened
13:11:20.711 * Validate Coupon Header background is green

13:11:20.759 ## Play Coupon
13:11:20.760 * User must be logged in

13:11:59.954 * Click "Devam Et" button
13:12:36.691 
Failed Step: Click "Devam Et" button
13:12:36.692 Specification: specs\betting.spec:42
13:12:36.692 Error Message: org.openqa.selenium.ElementNotVisibleException: Element is not currently visible and so may not be interacted with
Command duration or timeout: 30.09 seconds
Build info: version: '2.53.1', revision: 'a36b8b1cd5757287168e54b817830adce9b0158d', time: '2016-06-30 19:26:09'
System info: host: 'NBONDERDIRI', ip: '192.20.107.117', os.name: 'Windows 8.1', os.arch: 'amd64', os.version: '6.3', java.version: '1.8.0_77'
Driver info: org.openqa.selenium.firefox.FirefoxDriver
Capabilities [{applicationCacheEnabled=true, rotatable=false, handlesAlerts=true, databaseEnabled=true, version=46.0.1, platform=WINDOWS, nativeEvents=false, acceptSslCerts=true, webStorageEnabled=true, locationContextEnabled=true, browserName=firefox, takesScreenshot=true, javascriptEnabled=true, cssSelectorsEnabled=true}]
Session ID: 5a48e8ed-292e-47b5-b1cb-90ebffd59023
13:12:36.692 Stacktrace: 
sun.reflect.NativeConstructorAccessorImpl.newInstance0(Native Method)
sun.reflect.NativeConstructorAccessorImpl.newInstance(NativeConstructorAccessorImpl.java:62)
sun.reflect.DelegatingConstructorAccessorImpl.newInstance(DelegatingConstructorAccessorImpl.java:45)
java.lang.reflect.Constructor.newInstance(Constructor.java:423)
org.openqa.selenium.remote.ErrorHandler.createThrowable(ErrorHandler.java:206)
org.openqa.selenium.remote.ErrorHandler.throwIfResponseFailed(ErrorHandler.java:158)
org.openqa.selenium.remote.RemoteWebDriver.execute(RemoteWebDriver.java:678)
org.openqa.selenium.remote.RemoteWebElement.execute(RemoteWebElement.java:327)
org.openqa.selenium.remote.RemoteWebElement.click(RemoteWebElement.java:85)
BettingTest.clickBahisYapButton(BettingTest.java:62)
sun.reflect.NativeMethodAccessorImpl.invoke0(Native Method)
sun.reflect.NativeMethodAccessorImpl.invoke(NativeMethodAccessorImpl.java:62)
sun.reflect.DelegatingMethodAccessorImpl.invoke(DelegatingMethodAccessorImpl.java:43)
java.lang.reflect.Method.invoke(Method.java:498)
com.thoughtworks.gauge.execution.MethodExecutor.execute(MethodExecutor.java:31)
com.thoughtworks.gauge.execution.StepExecutionStage.executeStepMethod(StepExecutionStage.java:94)
com.thoughtworks.gauge.execution.StepExecutionStage.executeStep(StepExecutionStage.java:77)
com.thoughtworks.gauge.execution.StepExecutionStage.execute(StepExecutionStage.java:58)
com.thoughtworks.gauge.execution.AbstractExecutionStage.executeNext(AbstractExecutionStage.java:24)
com.thoughtworks.gauge.execution.HookExecutionStage.execute(HookExecutionStage.java:42)
com.thoughtworks.gauge.execution.ExecutionPipeline.start(ExecutionPipeline.java:31)
com.thoughtworks.gauge.processor.ExecuteStepProcessor.process(ExecuteStepProcessor.java:34)
com.thoughtworks.gauge.connection.MessageDispatcher.dispatchMessages(MessageDispatcher.java:72)
com.thoughtworks.gauge.GaugeRuntime.main(GaugeRuntime.java:37)
13:12:38.809 Specifications:	1 executed	0 passed	1 failed	0 skipped
13:12:38.810 Scenarios:	3 executed	1 passed	2 failed	1 skipped
13:12:38.810 
Total time taken: 4m16.543s
13:34:24.122 Checking updates...
13:34:28.049 Unable to start plugin html-report. Plugin html-report is not installed. To install, run `gauge --install html-report`.
13:34:28.077 # Bilyoner Betting Spec
13:34:28.084 ## Play Coupon
13:34:30.058 Error Message: java.lang.NullPointerException
13:34:30.058 Stacktrace: 
BettingTest.chooseFirstBet(BettingTest.java:79)
sun.reflect.NativeMethodAccessorImpl.invoke0(Native Method)
sun.reflect.NativeMethodAccessorImpl.invoke(NativeMethodAccessorImpl.java:62)
sun.reflect.DelegatingMethodAccessorImpl.invoke(DelegatingMethodAccessorImpl.java:43)
java.lang.reflect.Method.invoke(Method.java:498)
com.thoughtworks.gauge.execution.MethodExecutor.execute(MethodExecutor.java:31)
com.thoughtworks.gauge.execution.HooksExecutor$TaggedHookExecutor.executeHook(HooksExecutor.java:98)
com.thoughtworks.gauge.execution.HooksExecutor$TaggedHookExecutor.execute(HooksExecutor.java:84)
com.thoughtworks.gauge.execution.HooksExecutor.execute(HooksExecutor.java:41)
com.thoughtworks.gauge.processor.MethodExecutionMessageProcessor.executeHooks(MethodExecutionMessageProcessor.java:55)
com.thoughtworks.gauge.processor.ScenarioExecutionStartingProcessor.process(ScenarioExecutionStartingProcessor.java:26)
com.thoughtworks.gauge.connection.MessageDispatcher.dispatchMessages(MessageDispatcher.java:72)
com.thoughtworks.gauge.GaugeRuntime.main(GaugeRuntime.java:37)
13:34:30.058 Error Message: java.lang.IllegalArgumentException: wrong number of arguments
13:34:30.058 Stacktrace: 
sun.reflect.NativeMethodAccessorImpl.invoke0(Native Method)
sun.reflect.NativeMethodAccessorImpl.invoke(NativeMethodAccessorImpl.java:62)
sun.reflect.DelegatingMethodAccessorImpl.invoke(DelegatingMethodAccessorImpl.java:43)
java.lang.reflect.Method.invoke(Method.java:498)
com.thoughtworks.gauge.execution.MethodExecutor.execute(MethodExecutor.java:31)
com.thoughtworks.gauge.execution.HooksExecutor$TaggedHookExecutor.executeHook(HooksExecutor.java:98)
com.thoughtworks.gauge.execution.HooksExecutor$TaggedHookExecutor.execute(HooksExecutor.java:84)
com.thoughtworks.gauge.execution.HooksExecutor.execute(HooksExecutor.java:41)
com.thoughtworks.gauge.processor.MethodExecutionMessageProcessor.executeHooks(MethodExecutionMessageProcessor.java:55)
com.thoughtworks.gauge.processor.ScenarioExecutionEndingProcessor.process(ScenarioExecutionEndingProcessor.java:26)
com.thoughtworks.gauge.connection.MessageDispatcher.dispatchMessages(MessageDispatcher.java:72)
com.thoughtworks.gauge.GaugeRuntime.main(GaugeRuntime.java:37)
13:34:30.662 Specifications:	1 executed	0 passed	1 failed	0 skipped
13:34:30.662 Scenarios:	1 executed	0 passed	1 failed	0 skipped
13:34:30.662 
Total time taken: 2.01s
13:40:39.109 Checking updates...
13:40:45.361 Unable to start plugin html-report. Plugin html-report is not installed. To install, run `gauge --install html-report`.
13:40:45.381 # Bilyoner Betting Spec
13:40:45.383 ## Open Bahis Yap Page
13:40:45.384 * User must be logged in

13:41:57.867 * Move mouse to hoverable "IDDAA" button
13:41:58.867 * Validate iddaa dropdown menu opened and "9" element is visible
13:42:02.586 * Click "Bahis Yap" button
13:42:04.352 Specifications:	1 executed	1 passed	0 failed	0 skipped
13:42:04.352 Scenarios:	1 executed	1 passed	0 failed	0 skipped
13:42:04.352 
Total time taken: 1m17.783s
13:42:53.550 Checking updates...
13:42:57.617 [ValidationError] C:\Users\admin\IdeaProjects\bddExerciseProject\specs\betting.spec:15: Step implementation not found => 'Validate page url is "https://www.bilyoner.com/iddaa/iddaa-bahis-yap" bahis gelmediği için yorum yaptım'
13:42:57.618 Unable to start plugin html-report. Plugin html-report is not installed. To install, run `gauge --install html-report`.
13:42:57.726 Specifications:	0 executed	0 passed	0 failed	1 skipped
13:42:57.726 Scenarios:	0 executed	0 passed	0 failed	1 skipped
13:42:57.726 
Total time taken: 7ms
13:44:23.747 Checking updates...
13:44:30.808 Unable to start plugin html-report. Plugin html-report is not installed. To install, run `gauge --install html-report`.
13:44:30.835 # Bilyoner Betting Spec
13:44:30.837 ## Open Bahis Yap Page
13:44:30.839 * User must be logged in

13:45:29.190 * Move mouse to hoverable "IDDAA" button
13:45:30.371 * Validate iddaa dropdown menu opened and "9" element is visible
13:45:30.735 * Click "Bahis Yap" button
13:46:02.690 
Failed Step: Click "Bahis Yap" button
13:46:02.690 Specification: specs\betting.spec:14
13:46:02.690 Error Message: org.openqa.selenium.ElementNotVisibleException: Element is not currently visible and so may not be interacted with
Command duration or timeout: 30.15 seconds
Build info: version: '2.53.1', revision: 'a36b8b1cd5757287168e54b817830adce9b0158d', time: '2016-06-30 19:26:09'
System info: host: 'NBONDERDIRI', ip: '192.20.107.117', os.name: 'Windows 8.1', os.arch: 'amd64', os.version: '6.3', java.version: '1.8.0_77'
Driver info: org.openqa.selenium.firefox.FirefoxDriver
Capabilities [{applicationCacheEnabled=true, rotatable=false, handlesAlerts=true, databaseEnabled=true, version=46.0.1, platform=WINDOWS, nativeEvents=false, acceptSslCerts=true, webStorageEnabled=true, locationContextEnabled=true, browserName=firefox, takesScreenshot=true, javascriptEnabled=true, cssSelectorsEnabled=true}]
Session ID: 432d2bf9-e127-417c-96dc-7040cc0e12c2
13:46:02.690 Stacktrace: 
sun.reflect.NativeConstructorAccessorImpl.newInstance0(Native Method)
sun.reflect.NativeConstructorAccessorImpl.newInstance(NativeConstructorAccessorImpl.java:62)
sun.reflect.DelegatingConstructorAccessorImpl.newInstance(DelegatingConstructorAccessorImpl.java:45)
java.lang.reflect.Constructor.newInstance(Constructor.java:423)
org.openqa.selenium.remote.ErrorHandler.createThrowable(ErrorHandler.java:206)
org.openqa.selenium.remote.ErrorHandler.throwIfResponseFailed(ErrorHandler.java:158)
org.openqa.selenium.remote.RemoteWebDriver.execute(RemoteWebDriver.java:678)
org.openqa.selenium.remote.RemoteWebElement.execute(RemoteWebElement.java:327)
org.openqa.selenium.remote.RemoteWebElement.click(RemoteWebElement.java:85)
BettingTest.clickBahisYapButton(BettingTest.java:60)
sun.reflect.NativeMethodAccessorImpl.invoke0(Native Method)
sun.reflect.NativeMethodAccessorImpl.invoke(NativeMethodAccessorImpl.java:62)
sun.reflect.DelegatingMethodAccessorImpl.invoke(DelegatingMethodAccessorImpl.java:43)
java.lang.reflect.Method.invoke(Method.java:498)
com.thoughtworks.gauge.execution.MethodExecutor.execute(MethodExecutor.java:31)
com.thoughtworks.gauge.execution.StepExecutionStage.executeStepMethod(StepExecutionStage.java:94)
com.thoughtworks.gauge.execution.StepExecutionStage.executeStep(StepExecutionStage.java:77)
com.thoughtworks.gauge.execution.StepExecutionStage.execute(StepExecutionStage.java:58)
com.thoughtworks.gauge.execution.AbstractExecutionStage.executeNext(AbstractExecutionStage.java:24)
com.thoughtworks.gauge.execution.HookExecutionStage.execute(HookExecutionStage.java:42)
com.thoughtworks.gauge.execution.ExecutionPipeline.start(ExecutionPipeline.java:31)
com.thoughtworks.gauge.processor.ExecuteStepProcessor.process(ExecuteStepProcessor.java:34)
com.thoughtworks.gauge.connection.MessageDispatcher.dispatchMessages(MessageDispatcher.java:72)
com.thoughtworks.gauge.GaugeRuntime.main(GaugeRuntime.java:37)
13:46:03.801 Specifications:	1 executed	0 passed	1 failed	0 skipped
13:46:03.801 Scenarios:	1 executed	0 passed	1 failed	0 skipped
13:46:03.801 
Total time taken: 1m31.887s
13:49:12.341 Checking updates...
13:49:17.783 Unable to start plugin html-report. Plugin html-report is not installed. To install, run `gauge --install html-report`.
13:49:17.793 # Bilyoner Betting Spec
13:49:17.794 ## Open Bahis Yap Page
13:49:17.795 * User must be logged in

13:51:13.093 * Move mouse to hoverable "IDDAA" button
13:51:14.398 * Validate iddaa dropdown menu opened and "9" element is visible
13:51:14.670 * Click "Bahis Yap" button
13:51:15.261 * Validate page url is "https://www.bilyoner.com/iddaa/iddaa-bahis-yap"

13:51:19.094 Specifications:	1 executed	1 passed	0 failed	0 skipped
13:51:19.094 Scenarios:	1 executed	1 passed	0 failed	0 skipped
13:51:19.094 
Total time taken: 2m0.104s
13:52:44.369 Checking updates...
13:52:50.149 Unable to start plugin html-report. Plugin html-report is not installed. To install, run `gauge --install html-report`.
13:52:50.160 # Bilyoner Betting Spec
13:52:50.160 ## Open Bahis Yap Page
13:52:50.161 * User must be logged in

13:53:29.826 * Move mouse to hoverable "IDDAA" button
13:53:31.013 * Validate iddaa dropdown menu opened and "9" element is visible
13:53:31.270 * Click "Bahis Yap" button
13:54:02.511 
Failed Step: Click "Bahis Yap" button
13:54:02.511 Specification: specs\betting.spec:14
13:54:02.511 Error Message: org.openqa.selenium.NoSuchElementException: Unable to locate element: {"method":"xpath","selector":"/html/body/div[1]/div[1]/div[2]/div[1]/div/ul/li[1]/ul/li[1]/h2/a"}
Command duration or timeout: 30.08 seconds
For documentation on this error, please visit: http://seleniumhq.org/exceptions/no_such_element.html
Build info: version: '2.53.1', revision: 'a36b8b1cd5757287168e54b817830adce9b0158d', time: '2016-06-30 19:26:09'
System info: host: 'NBONDERDIRI', ip: '192.20.107.117', os.name: 'Windows 8.1', os.arch: 'amd64', os.version: '6.3', java.version: '1.8.0_77'
Driver info: org.openqa.selenium.firefox.FirefoxDriver
Capabilities [{applicationCacheEnabled=true, rotatable=false, handlesAlerts=true, databaseEnabled=true, version=46.0.1, platform=WINDOWS, nativeEvents=false, acceptSslCerts=true, webStorageEnabled=true, locationContextEnabled=true, browserName=firefox, takesScreenshot=true, javascriptEnabled=true, cssSelectorsEnabled=true}]
Session ID: 1672c830-ba49-43e6-8e34-7a53d531f180
*** Element info: {Using=xpath, value=/html/body/div[1]/div[1]/div[2]/div[1]/div/ul/li[1]/ul/li[1]/h2/a}
13:54:02.512 Stacktrace: 
sun.reflect.NativeConstructorAccessorImpl.newInstance0(Native Method)
sun.reflect.NativeConstructorAccessorImpl.newInstance(NativeConstructorAccessorImpl.java:62)
sun.reflect.DelegatingConstructorAccessorImpl.newInstance(DelegatingConstructorAccessorImpl.java:45)
java.lang.reflect.Constructor.newInstance(Constructor.java:423)
org.openqa.selenium.remote.ErrorHandler.createThrowable(ErrorHandler.java:206)
org.openqa.selenium.remote.ErrorHandler.throwIfResponseFailed(ErrorHandler.java:158)
org.openqa.selenium.remote.RemoteWebDriver.execute(RemoteWebDriver.java:678)
org.openqa.selenium.remote.RemoteWebDriver.findElement(RemoteWebDriver.java:363)
org.openqa.selenium.remote.RemoteWebDriver.findElementByXPath(RemoteWebDriver.java:500)
org.openqa.selenium.By$ByXPath.findElement(By.java:361)
org.openqa.selenium.remote.RemoteWebDriver.findElement(RemoteWebDriver.java:355)
BettingTest.clickBahisYapButton(BettingTest.java:61)
sun.reflect.NativeMethodAccessorImpl.invoke0(Native Method)
sun.reflect.NativeMethodAccessorImpl.invoke(NativeMethodAccessorImpl.java:62)
sun.reflect.DelegatingMethodAccessorImpl.invoke(DelegatingMethodAccessorImpl.java:43)
java.lang.reflect.Method.invoke(Method.java:498)
com.thoughtworks.gauge.execution.MethodExecutor.execute(MethodExecutor.java:31)
com.thoughtworks.gauge.execution.StepExecutionStage.executeStepMethod(StepExecutionStage.java:94)
com.thoughtworks.gauge.execution.StepExecutionStage.executeStep(StepExecutionStage.java:77)
com.thoughtworks.gauge.execution.StepExecutionStage.execute(StepExecutionStage.java:58)
com.thoughtworks.gauge.execution.AbstractExecutionStage.executeNext(AbstractExecutionStage.java:24)
com.thoughtworks.gauge.execution.HookExecutionStage.execute(HookExecutionStage.java:42)
com.thoughtworks.gauge.execution.ExecutionPipeline.start(ExecutionPipeline.java:31)
com.thoughtworks.gauge.processor.ExecuteStepProcessor.process(ExecuteStepProcessor.java:34)
com.thoughtworks.gauge.connection.MessageDispatcher.dispatchMessages(MessageDispatcher.java:72)
com.thoughtworks.gauge.GaugeRuntime.main(GaugeRuntime.java:37)
13:54:03.620 Specifications:	1 executed	0 passed	1 failed	0 skipped
13:54:03.620 Scenarios:	1 executed	0 passed	1 failed	0 skipped
13:54:03.620 
Total time taken: 1m12.367s
14:02:01.717 Checking updates...
14:02:07.729 Unable to start plugin html-report. Plugin html-report is not installed. To install, run `gauge --install html-report`.
14:02:07.758 # Bilyoner Betting Spec
14:02:07.758 ## Open Bahis Yap Page
14:02:07.761 * User must be logged in

14:02:54.943 * Move mouse to hoverable "IDDAA" button
14:03:15.098 * Validate iddaa dropdown menu opened and "9" element is visible
14:03:15.367 * Click "Bahis Yap" button
14:03:15.864 * Validate page url is "https://www.bilyoner.com/iddaa/iddaa-bahis-yap"

14:03:22.861 Specifications:	1 executed	1 passed	0 failed	0 skipped
14:03:22.861 Scenarios:	1 executed	1 passed	0 failed	0 skipped
14:03:22.861 
Total time taken: 1m13.82s
14:06:39.790 Checking updates...
14:06:47.546 Unable to start plugin html-report. Plugin html-report is not installed. To install, run `gauge --install html-report`.
14:06:47.570 # Bilyoner Betting Spec
14:06:47.577 ## Open Bahis Yap Page
14:06:47.577 * User must be logged in

14:07:26.460 * Move mouse to hoverable "IDDAA" button
14:07:27.654 * Validate iddaa dropdown menu opened and "9" element is visible
14:07:27.873 * Click "Bahis Yap" button
14:07:27.984 * Validate page url is "https://www.bilyoner.com/iddaa/iddaa-bahis-yap"

14:07:29.145 Specifications:	1 executed	1 passed	0 failed	0 skipped
14:07:29.145 Scenarios:	1 executed	1 passed	0 failed	0 skipped
14:07:29.145 
Total time taken: 40.594s
15:07:14.996 Checking updates...
15:07:22.946 Unable to start plugin html-report. Plugin html-report is not installed. To install, run `gauge --install html-report`.
15:07:22.975 # Bilyoner Betting Spec
15:07:22.996 ## Play Coupon
15:07:23.991 Error Message: java.lang.NullPointerException
15:07:23.991 Stacktrace: 
BettingTest.chooseFirstBet(BettingTest.java:82)
sun.reflect.NativeMethodAccessorImpl.invoke0(Native Method)
sun.reflect.NativeMethodAccessorImpl.invoke(NativeMethodAccessorImpl.java:62)
sun.reflect.DelegatingMethodAccessorImpl.invoke(DelegatingMethodAccessorImpl.java:43)
java.lang.reflect.Method.invoke(Method.java:498)
com.thoughtworks.gauge.execution.MethodExecutor.execute(MethodExecutor.java:31)
com.thoughtworks.gauge.execution.HooksExecutor$TaggedHookExecutor.executeHook(HooksExecutor.java:98)
com.thoughtworks.gauge.execution.HooksExecutor$TaggedHookExecutor.execute(HooksExecutor.java:84)
com.thoughtworks.gauge.execution.HooksExecutor.execute(HooksExecutor.java:41)
com.thoughtworks.gauge.processor.MethodExecutionMessageProcessor.executeHooks(MethodExecutionMessageProcessor.java:55)
com.thoughtworks.gauge.processor.ScenarioExecutionStartingProcessor.process(ScenarioExecutionStartingProcessor.java:26)
com.thoughtworks.gauge.connection.MessageDispatcher.dispatchMessages(MessageDispatcher.java:72)
com.thoughtworks.gauge.GaugeRuntime.main(GaugeRuntime.java:37)
15:07:24.494 Specifications:	1 executed	0 passed	1 failed	0 skipped
15:07:24.494 Scenarios:	1 executed	0 passed	1 failed	0 skipped
15:07:24.494 
Total time taken: 1.048s
15:08:58.264 Checking updates...
15:09:03.535 Unable to start plugin html-report. Plugin html-report is not installed. To install, run `gauge --install html-report`.
15:09:03.575 # Bilyoner Betting Spec
15:09:03.575 ## Play Coupon
15:09:04.953 Error Message: java.lang.NullPointerException
15:09:04.953 Stacktrace: 
BettingTest.chooseFirstBet(BettingTest.java:82)
sun.reflect.NativeMethodAccessorImpl.invoke0(Native Method)
sun.reflect.NativeMethodAccessorImpl.invoke(NativeMethodAccessorImpl.java:62)
sun.reflect.DelegatingMethodAccessorImpl.invoke(DelegatingMethodAccessorImpl.java:43)
java.lang.reflect.Method.invoke(Method.java:498)
com.thoughtworks.gauge.execution.MethodExecutor.execute(MethodExecutor.java:31)
com.thoughtworks.gauge.execution.HooksExecutor$TaggedHookExecutor.executeHook(HooksExecutor.java:98)
com.thoughtworks.gauge.execution.HooksExecutor$TaggedHookExecutor.execute(HooksExecutor.java:84)
com.thoughtworks.gauge.execution.HooksExecutor.execute(HooksExecutor.java:41)
com.thoughtworks.gauge.processor.MethodExecutionMessageProcessor.executeHooks(MethodExecutionMessageProcessor.java:55)
com.thoughtworks.gauge.processor.ScenarioExecutionStartingProcessor.process(ScenarioExecutionStartingProcessor.java:26)
com.thoughtworks.gauge.connection.MessageDispatcher.dispatchMessages(MessageDispatcher.java:72)
com.thoughtworks.gauge.GaugeRuntime.main(GaugeRuntime.java:37)
15:09:05.256 Specifications:	1 executed	0 passed	1 failed	0 skipped
15:09:05.256 Scenarios:	1 executed	0 passed	1 failed	0 skipped
15:09:05.256 
Total time taken: 1.419s
16:03:13.611 Checking updates...
16:03:19.886 Unable to start plugin html-report. Plugin html-report is not installed. To install, run `gauge --install html-report`.
16:03:19.916 # Bilyoner Betting Spec
16:03:19.956 ## Open Bahis Yap Page
16:03:21.031 Error Message: java.lang.NullPointerException
16:03:21.031 Stacktrace: 
BettingTest.chooseFirstBet(BettingTest.java:88)
sun.reflect.NativeMethodAccessorImpl.invoke0(Native Method)
sun.reflect.NativeMethodAccessorImpl.invoke(NativeMethodAccessorImpl.java:62)
sun.reflect.DelegatingMethodAccessorImpl.invoke(DelegatingMethodAccessorImpl.java:43)
java.lang.reflect.Method.invoke(Method.java:498)
com.thoughtworks.gauge.execution.MethodExecutor.execute(MethodExecutor.java:31)
com.thoughtworks.gauge.execution.HooksExecutor$TaggedHookExecutor.executeHook(HooksExecutor.java:98)
com.thoughtworks.gauge.execution.HooksExecutor$TaggedHookExecutor.execute(HooksExecutor.java:84)
com.thoughtworks.gauge.execution.HooksExecutor.execute(HooksExecutor.java:41)
com.thoughtworks.gauge.processor.MethodExecutionMessageProcessor.executeHooks(MethodExecutionMessageProcessor.java:55)
com.thoughtworks.gauge.processor.ScenarioExecutionStartingProcessor.process(ScenarioExecutionStartingProcessor.java:26)
com.thoughtworks.gauge.connection.MessageDispatcher.dispatchMessages(MessageDispatcher.java:72)
com.thoughtworks.gauge.GaugeRuntime.main(GaugeRuntime.java:37)
16:03:21.435 Specifications:	1 executed	0 passed	1 failed	0 skipped
16:03:21.435 Scenarios:	1 executed	0 passed	1 failed	0 skipped
16:03:21.435 
Total time taken: 1.147s
16:04:00.404 Checking updates...
16:04:07.139 Unable to start plugin html-report. Plugin html-report is not installed. To install, run `gauge --install html-report`.
16:04:07.165 # Bilyoner Betting Spec
16:04:07.168 ## Open Bahis Yap Page
16:04:08.436 Error Message: java.lang.NullPointerException
16:04:08.436 Stacktrace: 
BettingTest.chooseFirstBet(BettingTest.java:88)
sun.reflect.NativeMethodAccessorImpl.invoke0(Native Method)
sun.reflect.NativeMethodAccessorImpl.invoke(NativeMethodAccessorImpl.java:62)
sun.reflect.DelegatingMethodAccessorImpl.invoke(DelegatingMethodAccessorImpl.java:43)
java.lang.reflect.Method.invoke(Method.java:498)
com.thoughtworks.gauge.execution.MethodExecutor.execute(MethodExecutor.java:31)
com.thoughtworks.gauge.execution.HooksExecutor$TaggedHookExecutor.executeHook(HooksExecutor.java:98)
com.thoughtworks.gauge.execution.HooksExecutor$TaggedHookExecutor.execute(HooksExecutor.java:84)
com.thoughtworks.gauge.execution.HooksExecutor.execute(HooksExecutor.java:41)
com.thoughtworks.gauge.processor.MethodExecutionMessageProcessor.executeHooks(MethodExecutionMessageProcessor.java:55)
com.thoughtworks.gauge.processor.ScenarioExecutionStartingProcessor.process(ScenarioExecutionStartingProcessor.java:26)
com.thoughtworks.gauge.connection.MessageDispatcher.dispatchMessages(MessageDispatcher.java:72)
com.thoughtworks.gauge.GaugeRuntime.main(GaugeRuntime.java:37)
16:04:08.740 Specifications:	1 executed	0 passed	1 failed	0 skipped
16:04:08.740 Scenarios:	1 executed	0 passed	1 failed	0 skipped
16:04:08.740 
Total time taken: 1.298s
16:06:04.211 Checking updates...
16:06:11.181 Unable to start plugin html-report. Plugin html-report is not installed. To install, run `gauge --install html-report`.
16:06:11.212 # Bilyoner Betting Spec
16:06:11.213 ## Open Bahis Yap Page
16:06:12.499 Error Message: java.lang.NullPointerException
16:06:12.499 Stacktrace: 
BettingTest.chooseFirstBet(BettingTest.java:89)
sun.reflect.NativeMethodAccessorImpl.invoke0(Native Method)
sun.reflect.NativeMethodAccessorImpl.invoke(NativeMethodAccessorImpl.java:62)
sun.reflect.DelegatingMethodAccessorImpl.invoke(DelegatingMethodAccessorImpl.java:43)
java.lang.reflect.Method.invoke(Method.java:498)
com.thoughtworks.gauge.execution.MethodExecutor.execute(MethodExecutor.java:31)
com.thoughtworks.gauge.execution.HooksExecutor$TaggedHookExecutor.executeHook(HooksExecutor.java:98)
com.thoughtworks.gauge.execution.HooksExecutor$TaggedHookExecutor.execute(HooksExecutor.java:84)
com.thoughtworks.gauge.execution.HooksExecutor.execute(HooksExecutor.java:41)
com.thoughtworks.gauge.processor.MethodExecutionMessageProcessor.executeHooks(MethodExecutionMessageProcessor.java:55)
com.thoughtworks.gauge.processor.ScenarioExecutionStartingProcessor.process(ScenarioExecutionStartingProcessor.java:26)
com.thoughtworks.gauge.connection.MessageDispatcher.dispatchMessages(MessageDispatcher.java:72)
com.thoughtworks.gauge.GaugeRuntime.main(GaugeRuntime.java:37)
16:06:12.802 Specifications:	1 executed	0 passed	1 failed	0 skipped
16:06:12.802 Scenarios:	1 executed	0 passed	1 failed	0 skipped
16:06:12.802 
Total time taken: 1.319s
16:07:39.111 Checking updates...
16:07:45.363 Unable to start plugin html-report. Plugin html-report is not installed. To install, run `gauge --install html-report`.
16:07:45.386 # Bilyoner Betting Spec
16:07:45.388 ## Open Bahis Yap Page
16:07:46.657 Error Message: java.lang.NullPointerException
16:07:46.659 Stacktrace: 
BettingTest.chooseFirstBet(BettingTest.java:89)
sun.reflect.NativeMethodAccessorImpl.invoke0(Native Method)
sun.reflect.NativeMethodAccessorImpl.invoke(NativeMethodAccessorImpl.java:62)
sun.reflect.DelegatingMethodAccessorImpl.invoke(DelegatingMethodAccessorImpl.java:43)
java.lang.reflect.Method.invoke(Method.java:498)
com.thoughtworks.gauge.execution.MethodExecutor.execute(MethodExecutor.java:31)
com.thoughtworks.gauge.execution.HooksExecutor$TaggedHookExecutor.executeHook(HooksExecutor.java:98)
com.thoughtworks.gauge.execution.HooksExecutor$TaggedHookExecutor.execute(HooksExecutor.java:84)
com.thoughtworks.gauge.execution.HooksExecutor.execute(HooksExecutor.java:41)
com.thoughtworks.gauge.processor.MethodExecutionMessageProcessor.executeHooks(MethodExecutionMessageProcessor.java:55)
com.thoughtworks.gauge.processor.ScenarioExecutionStartingProcessor.process(ScenarioExecutionStartingProcessor.java:26)
com.thoughtworks.gauge.connection.MessageDispatcher.dispatchMessages(MessageDispatcher.java:72)
com.thoughtworks.gauge.GaugeRuntime.main(GaugeRuntime.java:37)
16:07:46.960 Specifications:	1 executed	0 passed	1 failed	0 skipped
16:07:46.960 Scenarios:	1 executed	0 passed	1 failed	0 skipped
16:07:46.960 
Total time taken: 1.296s
16:09:42.549 Checking updates...
16:09:48.667 Unable to start plugin html-report. Plugin html-report is not installed. To install, run `gauge --install html-report`.
16:09:48.686 # Bilyoner Betting Spec
16:09:48.686 ## Open Bahis Yap Page
16:09:49.551 Error Message: java.lang.NullPointerException
16:09:49.552 Stacktrace: 
BettingTest.chooseFirstBet(BettingTest.java:89)
sun.reflect.NativeMethodAccessorImpl.invoke0(Native Method)
sun.reflect.NativeMethodAccessorImpl.invoke(NativeMethodAccessorImpl.java:62)
sun.reflect.DelegatingMethodAccessorImpl.invoke(DelegatingMethodAccessorImpl.java:43)
java.lang.reflect.Method.invoke(Method.java:498)
com.thoughtworks.gauge.execution.MethodExecutor.execute(MethodExecutor.java:31)
com.thoughtworks.gauge.execution.HooksExecutor$TaggedHookExecutor.executeHook(HooksExecutor.java:98)
com.thoughtworks.gauge.execution.HooksExecutor$TaggedHookExecutor.execute(HooksExecutor.java:84)
com.thoughtworks.gauge.execution.HooksExecutor.execute(HooksExecutor.java:41)
com.thoughtworks.gauge.processor.MethodExecutionMessageProcessor.executeHooks(MethodExecutionMessageProcessor.java:55)
com.thoughtworks.gauge.processor.ScenarioExecutionStartingProcessor.process(ScenarioExecutionStartingProcessor.java:26)
com.thoughtworks.gauge.connection.MessageDispatcher.dispatchMessages(MessageDispatcher.java:72)
com.thoughtworks.gauge.GaugeRuntime.main(GaugeRuntime.java:37)
16:09:50.154 Specifications:	1 executed	0 passed	1 failed	0 skipped
16:09:50.154 Scenarios:	1 executed	0 passed	1 failed	0 skipped
16:09:50.154 
Total time taken: 885ms
16:10:47.506 Checking updates...
16:10:53.395 Unable to start plugin html-report. Plugin html-report is not installed. To install, run `gauge --install html-report`.
16:10:53.426 # Bilyoner Betting Spec
16:10:53.436 ## Open Bahis Yap Page
16:10:53.511 * User must be logged in

16:11:34.741 * Move mouse to hoverable "IDDAA" button
16:12:07.792 
Failed Step: Move mouse to hoverable "IDDAA" button
16:12:07.792 Specification: specs\betting.spec:12
16:12:07.792 Error Message: org.openqa.selenium.NoSuchElementException: Unable to locate element: {"method":"id","selector":"iddia"}
Command duration or timeout: 30.37 seconds
For documentation on this error, please visit: http://seleniumhq.org/exceptions/no_such_element.html
Build info: version: '2.53.1', revision: 'a36b8b1cd5757287168e54b817830adce9b0158d', time: '2016-06-30 19:26:09'
System info: host: 'NBONDERDIRI', ip: '192.20.107.117', os.name: 'Windows 8.1', os.arch: 'amd64', os.version: '6.3', java.version: '1.8.0_77'
Driver info: org.openqa.selenium.firefox.FirefoxDriver
Capabilities [{applicationCacheEnabled=true, rotatable=false, handlesAlerts=true, databaseEnabled=true, version=46.0.1, platform=WINDOWS, nativeEvents=false, acceptSslCerts=true, webStorageEnabled=true, locationContextEnabled=true, browserName=firefox, takesScreenshot=true, javascriptEnabled=true, cssSelectorsEnabled=true}]
Session ID: 9c92c66e-05d0-4e81-8b58-6cd785d98a2f
*** Element info: {Using=id, value=iddia}
16:12:07.792 Stacktrace: 
sun.reflect.NativeConstructorAccessorImpl.newInstance0(Native Method)
sun.reflect.NativeConstructorAccessorImpl.newInstance(NativeConstructorAccessorImpl.java:62)
sun.reflect.DelegatingConstructorAccessorImpl.newInstance(DelegatingConstructorAccessorImpl.java:45)
java.lang.reflect.Constructor.newInstance(Constructor.java:423)
org.openqa.selenium.remote.ErrorHandler.createThrowable(ErrorHandler.java:206)
org.openqa.selenium.remote.ErrorHandler.throwIfResponseFailed(ErrorHandler.java:158)
org.openqa.selenium.remote.RemoteWebDriver.execute(RemoteWebDriver.java:678)
org.openqa.selenium.remote.RemoteWebDriver.findElement(RemoteWebDriver.java:363)
org.openqa.selenium.remote.RemoteWebDriver.findElementById(RemoteWebDriver.java:413)
org.openqa.selenium.By$ById.findElement(By.java:218)
org.openqa.selenium.remote.RemoteWebDriver.findElement(RemoteWebDriver.java:355)
BettingTest.mouseMoveEvent(BettingTest.java:43)
sun.reflect.NativeMethodAccessorImpl.invoke0(Native Method)
sun.reflect.NativeMethodAccessorImpl.invoke(NativeMethodAccessorImpl.java:62)
sun.reflect.DelegatingMethodAccessorImpl.invoke(DelegatingMethodAccessorImpl.java:43)
java.lang.reflect.Method.invoke(Method.java:498)
com.thoughtworks.gauge.execution.MethodExecutor.execute(MethodExecutor.java:31)
com.thoughtworks.gauge.execution.StepExecutionStage.executeStepMethod(StepExecutionStage.java:94)
com.thoughtworks.gauge.execution.StepExecutionStage.executeStep(StepExecutionStage.java:77)
com.thoughtworks.gauge.execution.StepExecutionStage.execute(StepExecutionStage.java:58)
com.thoughtworks.gauge.execution.AbstractExecutionStage.executeNext(AbstractExecutionStage.java:24)
com.thoughtworks.gauge.execution.HookExecutionStage.execute(HookExecutionStage.java:42)
com.thoughtworks.gauge.execution.ExecutionPipeline.start(ExecutionPipeline.java:31)
com.thoughtworks.gauge.processor.ExecuteStepProcessor.process(ExecuteStepProcessor.java:34)
com.thoughtworks.gauge.connection.MessageDispatcher.dispatchMessages(MessageDispatcher.java:72)
com.thoughtworks.gauge.GaugeRuntime.main(GaugeRuntime.java:37)
16:12:08.896 Specifications:	1 executed	0 passed	1 failed	0 skipped
16:12:08.896 Scenarios:	1 executed	0 passed	1 failed	0 skipped
16:12:08.896 
Total time taken: 1m14.399s
16:12:53.588 Checking updates...
16:13:00.615 Unable to start plugin html-report. Plugin html-report is not installed. To install, run `gauge --install html-report`.
16:13:00.647 # Bilyoner Betting Spec
16:13:00.647 ## Open Bahis Yap Page
16:13:00.650 * User must be logged in

16:13:45.942 * Move mouse to hoverable "IDDAA" button
16:13:51.742 * Validate iddaa dropdown menu opened and "9" element is visible
16:13:51.850 * Click "Bahis Yap" button
16:14:24.082 
Failed Step: Click "Bahis Yap" button
16:14:24.082 Specification: specs\betting.spec:14
16:14:24.082 Error Message: org.openqa.selenium.ElementNotVisibleException: Element is not currently visible and so may not be interacted with
Command duration or timeout: 30.17 seconds
Build info: version: '2.53.1', revision: 'a36b8b1cd5757287168e54b817830adce9b0158d', time: '2016-06-30 19:26:09'
System info: host: 'NBONDERDIRI', ip: '192.20.107.117', os.name: 'Windows 8.1', os.arch: 'amd64', os.version: '6.3', java.version: '1.8.0_77'
Driver info: org.openqa.selenium.firefox.FirefoxDriver
Capabilities [{applicationCacheEnabled=true, rotatable=false, handlesAlerts=true, databaseEnabled=true, version=46.0.1, platform=WINDOWS, nativeEvents=false, acceptSslCerts=true, webStorageEnabled=true, locationContextEnabled=true, browserName=firefox, takesScreenshot=true, javascriptEnabled=true, cssSelectorsEnabled=true}]
Session ID: df335fbe-2eb0-4791-b196-6e1ed008be6c
16:14:24.082 Stacktrace: 
sun.reflect.NativeConstructorAccessorImpl.newInstance0(Native Method)
sun.reflect.NativeConstructorAccessorImpl.newInstance(NativeConstructorAccessorImpl.java:62)
sun.reflect.DelegatingConstructorAccessorImpl.newInstance(DelegatingConstructorAccessorImpl.java:45)
java.lang.reflect.Constructor.newInstance(Constructor.java:423)
org.openqa.selenium.remote.ErrorHandler.createThrowable(ErrorHandler.java:206)
org.openqa.selenium.remote.ErrorHandler.throwIfResponseFailed(ErrorHandler.java:158)
org.openqa.selenium.remote.RemoteWebDriver.execute(RemoteWebDriver.java:678)
org.openqa.selenium.remote.RemoteWebElement.execute(RemoteWebElement.java:327)
org.openqa.selenium.remote.RemoteWebElement.click(RemoteWebElement.java:85)
BettingTest.clickBahisYapButton(BettingTest.java:66)
sun.reflect.NativeMethodAccessorImpl.invoke0(Native Method)
sun.reflect.NativeMethodAccessorImpl.invoke(NativeMethodAccessorImpl.java:62)
sun.reflect.DelegatingMethodAccessorImpl.invoke(DelegatingMethodAccessorImpl.java:43)
java.lang.reflect.Method.invoke(Method.java:498)
com.thoughtworks.gauge.execution.MethodExecutor.execute(MethodExecutor.java:31)
com.thoughtworks.gauge.execution.StepExecutionStage.executeStepMethod(StepExecutionStage.java:94)
com.thoughtworks.gauge.execution.StepExecutionStage.executeStep(StepExecutionStage.java:77)
com.thoughtworks.gauge.execution.StepExecutionStage.execute(StepExecutionStage.java:58)
com.thoughtworks.gauge.execution.AbstractExecutionStage.executeNext(AbstractExecutionStage.java:24)
com.thoughtworks.gauge.execution.HookExecutionStage.execute(HookExecutionStage.java:42)
com.thoughtworks.gauge.execution.ExecutionPipeline.start(ExecutionPipeline.java:31)
com.thoughtworks.gauge.processor.ExecuteStepProcessor.process(ExecuteStepProcessor.java:34)
com.thoughtworks.gauge.connection.MessageDispatcher.dispatchMessages(MessageDispatcher.java:72)
com.thoughtworks.gauge.GaugeRuntime.main(GaugeRuntime.java:37)
16:14:25.094 Specifications:	1 executed	0 passed	1 failed	0 skipped
16:14:25.094 Scenarios:	1 executed	0 passed	1 failed	0 skipped
16:14:25.094 
Total time taken: 1m23.476s
16:15:49.961 Checking updates...
16:15:59.142 Unable to start plugin html-report. Plugin html-report is not installed. To install, run `gauge --install html-report`.
16:15:59.169 # Bilyoner Betting Spec
16:15:59.170 ## Open Bahis Yap Page
16:15:59.172 * User must be logged in

16:16:55.407 * Move mouse to hoverable "IDDAA" button
16:16:57.509 * Validate iddaa dropdown menu opened and "9" element is visible
16:16:57.906 * Click "Bahis Yap" button
16:17:29.618 
Failed Step: Click "Bahis Yap" button
16:17:29.619 Specification: specs\betting.spec:14
16:17:29.619 Error Message: org.openqa.selenium.ElementNotVisibleException: Element is not currently visible and so may not be interacted with
Command duration or timeout: 30.35 seconds
Build info: version: '2.53.1', revision: 'a36b8b1cd5757287168e54b817830adce9b0158d', time: '2016-06-30 19:26:09'
System info: host: 'NBONDERDIRI', ip: '192.20.107.117', os.name: 'Windows 8.1', os.arch: 'amd64', os.version: '6.3', java.version: '1.8.0_77'
Driver info: org.openqa.selenium.firefox.FirefoxDriver
Capabilities [{applicationCacheEnabled=true, rotatable=false, handlesAlerts=true, databaseEnabled=true, version=46.0.1, platform=WINDOWS, nativeEvents=false, acceptSslCerts=true, webStorageEnabled=true, locationContextEnabled=true, browserName=firefox, takesScreenshot=true, javascriptEnabled=true, cssSelectorsEnabled=true}]
Session ID: 291d37f7-60ef-4e59-b18d-afaff86f93c8
16:17:29.619 Stacktrace: 
sun.reflect.NativeConstructorAccessorImpl.newInstance0(Native Method)
sun.reflect.NativeConstructorAccessorImpl.newInstance(NativeConstructorAccessorImpl.java:62)
sun.reflect.DelegatingConstructorAccessorImpl.newInstance(DelegatingConstructorAccessorImpl.java:45)
java.lang.reflect.Constructor.newInstance(Constructor.java:423)
org.openqa.selenium.remote.ErrorHandler.createThrowable(ErrorHandler.java:206)
org.openqa.selenium.remote.ErrorHandler.throwIfResponseFailed(ErrorHandler.java:158)
org.openqa.selenium.remote.RemoteWebDriver.execute(RemoteWebDriver.java:678)
org.openqa.selenium.remote.RemoteWebElement.execute(RemoteWebElement.java:327)
org.openqa.selenium.remote.RemoteWebElement.click(RemoteWebElement.java:85)
BettingTest.clickBahisYapButton(BettingTest.java:66)
sun.reflect.NativeMethodAccessorImpl.invoke0(Native Method)
sun.reflect.NativeMethodAccessorImpl.invoke(NativeMethodAccessorImpl.java:62)
sun.reflect.DelegatingMethodAccessorImpl.invoke(DelegatingMethodAccessorImpl.java:43)
java.lang.reflect.Method.invoke(Method.java:498)
com.thoughtworks.gauge.execution.MethodExecutor.execute(MethodExecutor.java:31)
com.thoughtworks.gauge.execution.StepExecutionStage.executeStepMethod(StepExecutionStage.java:94)
com.thoughtworks.gauge.execution.StepExecutionStage.executeStep(StepExecutionStage.java:77)
com.thoughtworks.gauge.execution.StepExecutionStage.execute(StepExecutionStage.java:58)
com.thoughtworks.gauge.execution.AbstractExecutionStage.executeNext(AbstractExecutionStage.java:24)
com.thoughtworks.gauge.execution.HookExecutionStage.execute(HookExecutionStage.java:42)
com.thoughtworks.gauge.execution.ExecutionPipeline.start(ExecutionPipeline.java:31)
com.thoughtworks.gauge.processor.ExecuteStepProcessor.process(ExecuteStepProcessor.java:34)
com.thoughtworks.gauge.connection.MessageDispatcher.dispatchMessages(MessageDispatcher.java:72)
com.thoughtworks.gauge.GaugeRuntime.main(GaugeRuntime.java:37)
16:17:30.723 Specifications:	1 executed	0 passed	1 failed	0 skipped
16:17:30.723 Scenarios:	1 executed	0 passed	1 failed	0 skipped
16:17:30.723 
Total time taken: 1m30.479s
16:30:03.866 Checking updates...
16:30:11.937 Unable to start plugin html-report. Plugin html-report is not installed. To install, run `gauge --install html-report`.
16:30:11.962 # Bilyoner Betting Spec
16:30:11.962 ## Open Bahis Yap Page
16:30:11.977 * User must be logged in

16:35:44.797 Checking updates...
16:35:51.882 Unable to start plugin html-report. Plugin html-report is not installed. To install, run `gauge --install html-report`.
16:35:51.921 # Bilyoner Betting Spec
16:35:51.926 ## Open Bahis Yap Page
16:35:51.926 * User must be logged in

16:36:40.292 * Move mouse to hoverable "IDDAA" button
16:36:44.599 * Validate iddaa dropdown menu opened and "9" element is visible
16:36:45.077 * Click "Bahis Yap" button
16:36:45.525 * Validate page url is "https://www.bilyoner.com/iddaa/iddaa-bahis-yap"

16:36:52.623 Specifications:	1 executed	1 passed	0 failed	0 skipped
16:36:52.623 Scenarios:	1 executed	1 passed	0 failed	0 skipped
16:36:52.623 
Total time taken: 59.721s
16:46:58.210 Checking updates...
16:47:04.542 Unable to start plugin html-report. Plugin html-report is not installed. To install, run `gauge --install html-report`.
16:47:04.570 # Bilyoner Betting Spec
16:47:04.570 ## Cancel Coupon
16:47:04.579 * User must be logged in

16:47:46.944 * Move mouse to Heabım hoverable button
16:48:06.919 * Validate Hesabım dropdown menu is opened and "8" element is visible
16:48:08.425 Specifications:	1 executed	1 passed	0 failed	0 skipped
16:48:08.425 Scenarios:	1 executed	1 passed	0 failed	0 skipped
16:48:08.425 
Total time taken: 1m2.665s
16:53:15.106 Checking updates...
16:53:23.923 Unable to start plugin html-report. Plugin html-report is not installed. To install, run `gauge --install html-report`.
16:53:23.964 # Bilyoner Betting Spec
16:53:23.965 ## Cancel Coupon
16:53:23.973 * User must be logged in

16:54:07.183 * Move mouse to Heabım hoverable button
16:54:08.321 * Validate Hesabım dropdown menu is opened and "8" element is visible
16:54:09.989 Specifications:	1 executed	1 passed	0 failed	0 skipped
16:54:09.989 Scenarios:	1 executed	1 passed	0 failed	0 skipped
16:54:09.989 
Total time taken: 44.648s
17:16:14.581 Checking updates...
17:16:20.450 Unable to start plugin html-report. Plugin html-report is not installed. To install, run `gauge --install html-report`.
17:16:20.463 # Bilyoner Betting Spec
17:16:20.463 ## Cancel Coupon
17:16:20.466 * User must be logged in

17:17:11.294 * Move mouse to Heabım hoverable button
17:17:18.732 * Validate Hesabım dropdown menu is opened and "8" element is visible
17:17:19.523 * Click "Kuponlarım / Biletlerim" button
17:17:50.707 
Failed Step: Click "Kuponlarım / Biletlerim" button
17:17:50.707 Specification: specs\betting.spec:55
17:17:50.707 Error Message: org.openqa.selenium.ElementNotVisibleException: Element is not currently visible and so may not be interacted with
Command duration or timeout: 30.10 seconds
Build info: version: '2.53.1', revision: 'a36b8b1cd5757287168e54b817830adce9b0158d', time: '2016-06-30 19:26:09'
System info: host: 'NBONDERDIRI', ip: '192.20.107.117', os.name: 'Windows 8.1', os.arch: 'amd64', os.version: '6.3', java.version: '1.8.0_77'
Driver info: org.openqa.selenium.firefox.FirefoxDriver
Capabilities [{applicationCacheEnabled=true, rotatable=false, handlesAlerts=true, databaseEnabled=true, version=46.0.1, platform=WINDOWS, nativeEvents=false, acceptSslCerts=true, webStorageEnabled=true, locationContextEnabled=true, browserName=firefox, takesScreenshot=true, javascriptEnabled=true, cssSelectorsEnabled=true}]
Session ID: cd7fee4b-a6f0-4a45-b419-4949920b5dd9
17:17:50.707 Stacktrace: 
sun.reflect.NativeConstructorAccessorImpl.newInstance0(Native Method)
sun.reflect.NativeConstructorAccessorImpl.newInstance(NativeConstructorAccessorImpl.java:62)
sun.reflect.DelegatingConstructorAccessorImpl.newInstance(DelegatingConstructorAccessorImpl.java:45)
java.lang.reflect.Constructor.newInstance(Constructor.java:423)
org.openqa.selenium.remote.ErrorHandler.createThrowable(ErrorHandler.java:206)
org.openqa.selenium.remote.ErrorHandler.throwIfResponseFailed(ErrorHandler.java:158)
org.openqa.selenium.remote.RemoteWebDriver.execute(RemoteWebDriver.java:678)
org.openqa.selenium.remote.RemoteWebElement.execute(RemoteWebElement.java:327)
org.openqa.selenium.remote.RemoteWebElement.click(RemoteWebElement.java:85)
BettingTest.clickBahisYapButton(BettingTest.java:66)
sun.reflect.NativeMethodAccessorImpl.invoke0(Native Method)
sun.reflect.NativeMethodAccessorImpl.invoke(NativeMethodAccessorImpl.java:62)
sun.reflect.DelegatingMethodAccessorImpl.invoke(DelegatingMethodAccessorImpl.java:43)
java.lang.reflect.Method.invoke(Method.java:498)
com.thoughtworks.gauge.execution.MethodExecutor.execute(MethodExecutor.java:31)
com.thoughtworks.gauge.execution.StepExecutionStage.executeStepMethod(StepExecutionStage.java:94)
com.thoughtworks.gauge.execution.StepExecutionStage.executeStep(StepExecutionStage.java:77)
com.thoughtworks.gauge.execution.StepExecutionStage.execute(StepExecutionStage.java:58)
com.thoughtworks.gauge.execution.AbstractExecutionStage.executeNext(AbstractExecutionStage.java:24)
com.thoughtworks.gauge.execution.HookExecutionStage.execute(HookExecutionStage.java:42)
com.thoughtworks.gauge.execution.ExecutionPipeline.start(ExecutionPipeline.java:31)
com.thoughtworks.gauge.processor.ExecuteStepProcessor.process(ExecuteStepProcessor.java:34)
com.thoughtworks.gauge.connection.MessageDispatcher.dispatchMessages(MessageDispatcher.java:72)
com.thoughtworks.gauge.GaugeRuntime.main(GaugeRuntime.java:37)
17:17:52.655 Specifications:	1 executed	0 passed	1 failed	0 skipped
17:17:52.655 Scenarios:	1 executed	0 passed	1 failed	0 skipped
17:17:52.655 
Total time taken: 1m30.267s
17:22:05.659 Checking updates...
17:22:10.365 Unable to start plugin html-report. Plugin html-report is not installed. To install, run `gauge --install html-report`.
17:22:10.373 # Bilyoner Betting Spec
17:22:10.374 ## Play Coupon
17:22:10.377 * User must be logged in

17:22:10.778 Error Message: java.lang.NullPointerException
17:22:10.778 Stacktrace: 
BettingTest.chooseFirstBet(BettingTest.java:89)
sun.reflect.NativeMethodAccessorImpl.invoke0(Native Method)
sun.reflect.NativeMethodAccessorImpl.invoke(NativeMethodAccessorImpl.java:62)
sun.reflect.DelegatingMethodAccessorImpl.invoke(DelegatingMethodAccessorImpl.java:43)
java.lang.reflect.Method.invoke(Method.java:498)
com.thoughtworks.gauge.execution.MethodExecutor.execute(MethodExecutor.java:31)
com.thoughtworks.gauge.execution.HooksExecutor$TaggedHookExecutor.executeHook(HooksExecutor.java:98)
com.thoughtworks.gauge.execution.HooksExecutor$TaggedHookExecutor.execute(HooksExecutor.java:84)
com.thoughtworks.gauge.execution.HooksExecutor.execute(HooksExecutor.java:41)
com.thoughtworks.gauge.processor.MethodExecutionMessageProcessor.executeHooks(MethodExecutionMessageProcessor.java:55)
com.thoughtworks.gauge.processor.StepExecutionStartingProcessor.process(StepExecutionStartingProcessor.java:28)
com.thoughtworks.gauge.connection.MessageDispatcher.dispatchMessages(MessageDispatcher.java:72)
com.thoughtworks.gauge.GaugeRuntime.main(GaugeRuntime.java:37)
17:22:11.798 Specifications:	1 executed	0 passed	1 failed	0 skipped
17:22:11.798 Scenarios:	1 executed	0 passed	1 failed	0 skipped
17:22:11.798 
Total time taken: 415ms
17:29:45.327 Checking updates...
17:29:53.306 Unable to start plugin html-report. Plugin html-report is not installed. To install, run `gauge --install html-report`.
17:29:53.324 # Bilyoner Betting Spec
17:29:53.326 ## Cancel Coupon
17:29:53.337 * User must be logged in

17:30:38.270 * Move mouse to Heabım hoverable button
17:30:39.728 * Validate Hesabım dropdown menu is opened and "8" element is visible
17:30:39.950 * Click "Kuponlarım / Biletlerim" button
17:31:12.190 
Failed Step: Click "Kuponlarım / Biletlerim" button
17:31:12.190 Specification: specs\betting.spec:55
17:31:12.190 Error Message: org.openqa.selenium.ElementNotVisibleException: Element is not currently visible and so may not be interacted with
Command duration or timeout: 30.21 seconds
Build info: version: '2.53.1', revision: 'a36b8b1cd5757287168e54b817830adce9b0158d', time: '2016-06-30 19:26:09'
System info: host: 'NBONDERDIRI', ip: '192.20.107.117', os.name: 'Windows 8.1', os.arch: 'amd64', os.version: '6.3', java.version: '1.8.0_77'
Driver info: org.openqa.selenium.firefox.FirefoxDriver
Capabilities [{applicationCacheEnabled=true, rotatable=false, handlesAlerts=true, databaseEnabled=true, version=46.0.1, platform=WINDOWS, nativeEvents=false, acceptSslCerts=true, webStorageEnabled=true, locationContextEnabled=true, browserName=firefox, takesScreenshot=true, javascriptEnabled=true, cssSelectorsEnabled=true}]
Session ID: a5435911-62fd-469e-91ed-8a7298e5ba97
17:31:12.190 Stacktrace: 
sun.reflect.NativeConstructorAccessorImpl.newInstance0(Native Method)
sun.reflect.NativeConstructorAccessorImpl.newInstance(NativeConstructorAccessorImpl.java:62)
sun.reflect.DelegatingConstructorAccessorImpl.newInstance(DelegatingConstructorAccessorImpl.java:45)
java.lang.reflect.Constructor.newInstance(Constructor.java:423)
org.openqa.selenium.remote.ErrorHandler.createThrowable(ErrorHandler.java:206)
org.openqa.selenium.remote.ErrorHandler.throwIfResponseFailed(ErrorHandler.java:158)
org.openqa.selenium.remote.RemoteWebDriver.execute(RemoteWebDriver.java:678)
org.openqa.selenium.remote.RemoteWebElement.execute(RemoteWebElement.java:327)
org.openqa.selenium.remote.RemoteWebElement.click(RemoteWebElement.java:85)
BettingTest.clickBahisYapButton(BettingTest.java:66)
sun.reflect.NativeMethodAccessorImpl.invoke0(Native Method)
sun.reflect.NativeMethodAccessorImpl.invoke(NativeMethodAccessorImpl.java:62)
sun.reflect.DelegatingMethodAccessorImpl.invoke(DelegatingMethodAccessorImpl.java:43)
java.lang.reflect.Method.invoke(Method.java:498)
com.thoughtworks.gauge.execution.MethodExecutor.execute(MethodExecutor.java:31)
com.thoughtworks.gauge.execution.StepExecutionStage.executeStepMethod(StepExecutionStage.java:94)
com.thoughtworks.gauge.execution.StepExecutionStage.executeStep(StepExecutionStage.java:77)
com.thoughtworks.gauge.execution.StepExecutionStage.execute(StepExecutionStage.java:58)
com.thoughtworks.gauge.execution.AbstractExecutionStage.executeNext(AbstractExecutionStage.java:24)
com.thoughtworks.gauge.execution.HookExecutionStage.execute(HookExecutionStage.java:42)
com.thoughtworks.gauge.execution.ExecutionPipeline.start(ExecutionPipeline.java:31)
com.thoughtworks.gauge.processor.ExecuteStepProcessor.process(ExecuteStepProcessor.java:34)
com.thoughtworks.gauge.connection.MessageDispatcher.dispatchMessages(MessageDispatcher.java:72)
com.thoughtworks.gauge.GaugeRuntime.main(GaugeRuntime.java:37)
17:31:13.321 Specifications:	1 executed	0 passed	1 failed	0 skipped
17:31:13.321 Scenarios:	1 executed	0 passed	1 failed	0 skipped
17:31:13.321 
Total time taken: 1m18.894s
17:32:44.897 Checking updates...
17:32:53.618 Unable to start plugin html-report. Plugin html-report is not installed. To install, run `gauge --install html-report`.
17:32:53.636 # Bilyoner Betting Spec
17:32:53.645 ## Cancel Coupon
17:32:53.645 * User must be logged in

17:33:46.060 * Move mouse to Heabım hoverable button
17:33:47.701 * Validate Hesabım dropdown menu is opened and "8" element is visible
17:33:47.947 * Click "Kuponlarım / Biletlerim" button
17:34:20.319 
Failed Step: Click "Kuponlarım / Biletlerim" button
17:34:20.319 Specification: specs\betting.spec:55
17:34:20.319 Error Message: org.openqa.selenium.ElementNotVisibleException: Element is not currently visible and so may not be interacted with
Command duration or timeout: 30.22 seconds
Build info: version: '2.53.1', revision: 'a36b8b1cd5757287168e54b817830adce9b0158d', time: '2016-06-30 19:26:09'
System info: host: 'NBONDERDIRI', ip: '192.20.107.117', os.name: 'Windows 8.1', os.arch: 'amd64', os.version: '6.3', java.version: '1.8.0_77'
Driver info: org.openqa.selenium.firefox.FirefoxDriver
Capabilities [{applicationCacheEnabled=true, rotatable=false, handlesAlerts=true, databaseEnabled=true, version=46.0.1, platform=WINDOWS, nativeEvents=false, acceptSslCerts=true, webStorageEnabled=true, locationContextEnabled=true, browserName=firefox, takesScreenshot=true, javascriptEnabled=true, cssSelectorsEnabled=true}]
Session ID: 1e246bc6-4277-427b-9bc0-bebdbe8750a7
17:34:20.319 Stacktrace: 
sun.reflect.NativeConstructorAccessorImpl.newInstance0(Native Method)
sun.reflect.NativeConstructorAccessorImpl.newInstance(NativeConstructorAccessorImpl.java:62)
sun.reflect.DelegatingConstructorAccessorImpl.newInstance(DelegatingConstructorAccessorImpl.java:45)
java.lang.reflect.Constructor.newInstance(Constructor.java:423)
org.openqa.selenium.remote.ErrorHandler.createThrowable(ErrorHandler.java:206)
org.openqa.selenium.remote.ErrorHandler.throwIfResponseFailed(ErrorHandler.java:158)
org.openqa.selenium.remote.RemoteWebDriver.execute(RemoteWebDriver.java:678)
org.openqa.selenium.remote.RemoteWebElement.execute(RemoteWebElement.java:327)
org.openqa.selenium.remote.RemoteWebElement.click(RemoteWebElement.java:85)
BettingTest.clickBahisYapButton(BettingTest.java:66)
sun.reflect.NativeMethodAccessorImpl.invoke0(Native Method)
sun.reflect.NativeMethodAccessorImpl.invoke(NativeMethodAccessorImpl.java:62)
sun.reflect.DelegatingMethodAccessorImpl.invoke(DelegatingMethodAccessorImpl.java:43)
java.lang.reflect.Method.invoke(Method.java:498)
com.thoughtworks.gauge.execution.MethodExecutor.execute(MethodExecutor.java:31)
com.thoughtworks.gauge.execution.StepExecutionStage.executeStepMethod(StepExecutionStage.java:94)
com.thoughtworks.gauge.execution.StepExecutionStage.executeStep(StepExecutionStage.java:77)
com.thoughtworks.gauge.execution.StepExecutionStage.execute(StepExecutionStage.java:58)
com.thoughtworks.gauge.execution.AbstractExecutionStage.executeNext(AbstractExecutionStage.java:24)
com.thoughtworks.gauge.execution.HookExecutionStage.execute(HookExecutionStage.java:42)
com.thoughtworks.gauge.execution.ExecutionPipeline.start(ExecutionPipeline.java:31)
com.thoughtworks.gauge.processor.ExecuteStepProcessor.process(ExecuteStepProcessor.java:34)
com.thoughtworks.gauge.connection.MessageDispatcher.dispatchMessages(MessageDispatcher.java:72)
com.thoughtworks.gauge.GaugeRuntime.main(GaugeRuntime.java:37)
17:34:21.344 Specifications:	1 executed	0 passed	1 failed	0 skipped
17:34:21.344 Scenarios:	1 executed	0 passed	1 failed	0 skipped
17:34:21.344 
Total time taken: 1m26.711s
17:46:09.638 Checking updates...
17:46:13.550 Unable to start plugin html-report. Plugin html-report is not installed. To install, run `gauge --install html-report`.
17:46:13.559 # Bilyoner Betting Spec
17:46:13.560 ## Cancel Coupon
17:46:13.560 * User must be logged in

17:46:53.800 * Move mouse to Heabım hoverable button
17:47:04.648 * Validate Hesabım dropdown menu is opened and "8" element is visible
17:47:04.893 * Click "Kuponlarım / Biletlerim" button
17:47:36.068 
Failed Step: Click "Kuponlarım / Biletlerim" button
17:47:36.068 Specification: specs\betting.spec:55
17:47:36.068 Error Message: org.openqa.selenium.ElementNotVisibleException: Element is not currently visible and so may not be interacted with
Command duration or timeout: 30.06 seconds
Build info: version: '2.53.1', revision: 'a36b8b1cd5757287168e54b817830adce9b0158d', time: '2016-06-30 19:26:09'
System info: host: 'NBONDERDIRI', ip: '192.20.107.117', os.name: 'Windows 8.1', os.arch: 'amd64', os.version: '6.3', java.version: '1.8.0_77'
Driver info: org.openqa.selenium.firefox.FirefoxDriver
Capabilities [{applicationCacheEnabled=true, rotatable=false, handlesAlerts=true, databaseEnabled=true, version=46.0.1, platform=WINDOWS, nativeEvents=false, acceptSslCerts=true, webStorageEnabled=true, locationContextEnabled=true, browserName=firefox, takesScreenshot=true, javascriptEnabled=true, cssSelectorsEnabled=true}]
Session ID: f9704577-bb9f-4f30-882e-5f90f48125b2
17:47:36.068 Stacktrace: 
sun.reflect.NativeConstructorAccessorImpl.newInstance0(Native Method)
sun.reflect.NativeConstructorAccessorImpl.newInstance(NativeConstructorAccessorImpl.java:62)
sun.reflect.DelegatingConstructorAccessorImpl.newInstance(DelegatingConstructorAccessorImpl.java:45)
java.lang.reflect.Constructor.newInstance(Constructor.java:423)
org.openqa.selenium.remote.ErrorHandler.createThrowable(ErrorHandler.java:206)
org.openqa.selenium.remote.ErrorHandler.throwIfResponseFailed(ErrorHandler.java:158)
org.openqa.selenium.remote.RemoteWebDriver.execute(RemoteWebDriver.java:678)
org.openqa.selenium.remote.RemoteWebElement.execute(RemoteWebElement.java:327)
org.openqa.selenium.remote.RemoteWebElement.click(RemoteWebElement.java:85)
BettingTest.clickBahisYapButton(BettingTest.java:66)
sun.reflect.NativeMethodAccessorImpl.invoke0(Native Method)
sun.reflect.NativeMethodAccessorImpl.invoke(NativeMethodAccessorImpl.java:62)
sun.reflect.DelegatingMethodAccessorImpl.invoke(DelegatingMethodAccessorImpl.java:43)
java.lang.reflect.Method.invoke(Method.java:498)
com.thoughtworks.gauge.execution.MethodExecutor.execute(MethodExecutor.java:31)
com.thoughtworks.gauge.execution.StepExecutionStage.executeStepMethod(StepExecutionStage.java:94)
com.thoughtworks.gauge.execution.StepExecutionStage.executeStep(StepExecutionStage.java:77)
com.thoughtworks.gauge.execution.StepExecutionStage.execute(StepExecutionStage.java:58)
com.thoughtworks.gauge.execution.AbstractExecutionStage.executeNext(AbstractExecutionStage.java:24)
com.thoughtworks.gauge.execution.HookExecutionStage.execute(HookExecutionStage.java:42)
com.thoughtworks.gauge.execution.ExecutionPipeline.start(ExecutionPipeline.java:31)
com.thoughtworks.gauge.processor.ExecuteStepProcessor.process(ExecuteStepProcessor.java:34)
com.thoughtworks.gauge.connection.MessageDispatcher.dispatchMessages(MessageDispatcher.java:72)
com.thoughtworks.gauge.GaugeRuntime.main(GaugeRuntime.java:37)
17:47:37.292 Specifications:	1 executed	0 passed	1 failed	0 skipped
17:47:37.292 Scenarios:	1 executed	0 passed	1 failed	0 skipped
17:47:37.292 
Total time taken: 1m22.521s
17:49:20.262 Checking updates...
17:49:26.528 Unable to start plugin html-report. Plugin html-report is not installed. To install, run `gauge --install html-report`.
17:49:26.558 # Bilyoner Betting Spec
17:49:26.560 ## Cancel Coupon
17:49:26.572 * User must be logged in

17:50:12.187 * Move mouse to Heabım hoverable button
17:50:19.467 * Validate Hesabım dropdown menu is opened and "8" element is visible
17:50:19.947 * Click "Kuponlarım / Biletlerim" button
17:50:52.358 
Failed Step: Click "Kuponlarım / Biletlerim" button
17:50:52.358 Specification: specs\betting.spec:55
17:50:52.358 Error Message: org.openqa.selenium.ElementNotVisibleException: Element is not currently visible and so may not be interacted with
Command duration or timeout: 30.12 seconds
Build info: version: '2.53.1', revision: 'a36b8b1cd5757287168e54b817830adce9b0158d', time: '2016-06-30 19:26:09'
System info: host: 'NBONDERDIRI', ip: '192.20.107.117', os.name: 'Windows 8.1', os.arch: 'amd64', os.version: '6.3', java.version: '1.8.0_77'
Driver info: org.openqa.selenium.firefox.FirefoxDriver
Capabilities [{applicationCacheEnabled=true, rotatable=false, handlesAlerts=true, databaseEnabled=true, version=46.0.1, platform=WINDOWS, nativeEvents=false, acceptSslCerts=true, webStorageEnabled=true, locationContextEnabled=true, browserName=firefox, takesScreenshot=true, javascriptEnabled=true, cssSelectorsEnabled=true}]
Session ID: 1ce9b9b6-994d-4ad4-be23-30f57b28ab3f
17:50:52.358 Stacktrace: 
sun.reflect.NativeConstructorAccessorImpl.newInstance0(Native Method)
sun.reflect.NativeConstructorAccessorImpl.newInstance(NativeConstructorAccessorImpl.java:62)
sun.reflect.DelegatingConstructorAccessorImpl.newInstance(DelegatingConstructorAccessorImpl.java:45)
java.lang.reflect.Constructor.newInstance(Constructor.java:423)
org.openqa.selenium.remote.ErrorHandler.createThrowable(ErrorHandler.java:206)
org.openqa.selenium.remote.ErrorHandler.throwIfResponseFailed(ErrorHandler.java:158)
org.openqa.selenium.remote.RemoteWebDriver.execute(RemoteWebDriver.java:678)
org.openqa.selenium.remote.RemoteWebElement.execute(RemoteWebElement.java:327)
org.openqa.selenium.remote.RemoteWebElement.click(RemoteWebElement.java:85)
BettingTest.clickBahisYapButton(BettingTest.java:66)
sun.reflect.NativeMethodAccessorImpl.invoke0(Native Method)
sun.reflect.NativeMethodAccessorImpl.invoke(NativeMethodAccessorImpl.java:62)
sun.reflect.DelegatingMethodAccessorImpl.invoke(DelegatingMethodAccessorImpl.java:43)
java.lang.reflect.Method.invoke(Method.java:498)
com.thoughtworks.gauge.execution.MethodExecutor.execute(MethodExecutor.java:31)
com.thoughtworks.gauge.execution.StepExecutionStage.executeStepMethod(StepExecutionStage.java:94)
com.thoughtworks.gauge.execution.StepExecutionStage.executeStep(StepExecutionStage.java:77)
com.thoughtworks.gauge.execution.StepExecutionStage.execute(StepExecutionStage.java:58)
com.thoughtworks.gauge.execution.AbstractExecutionStage.executeNext(AbstractExecutionStage.java:24)
com.thoughtworks.gauge.execution.HookExecutionStage.execute(HookExecutionStage.java:42)
com.thoughtworks.gauge.execution.ExecutionPipeline.start(ExecutionPipeline.java:31)
com.thoughtworks.gauge.processor.ExecuteStepProcessor.process(ExecuteStepProcessor.java:34)
com.thoughtworks.gauge.connection.MessageDispatcher.dispatchMessages(MessageDispatcher.java:72)
com.thoughtworks.gauge.GaugeRuntime.main(GaugeRuntime.java:37)
17:50:53.476 Specifications:	1 executed	0 passed	1 failed	0 skipped
17:50:53.476 Scenarios:	1 executed	0 passed	1 failed	0 skipped
17:50:53.476 
Total time taken: 1m25.835s
18:01:21.355 Checking updates...
18:01:30.878 Unable to start plugin html-report. Plugin html-report is not installed. To install, run `gauge --install html-report`.
18:01:30.899 # Bilyoner Betting Spec
18:01:30.901 ## Play Coupon
18:01:30.905 * User must be logged in

18:02:18.274 * Click "Devam Et" button
18:02:50.912 
Failed Step: Click "Devam Et" button
18:02:50.912 Specification: specs\betting.spec:42
18:02:50.913 Error Message: org.openqa.selenium.ElementNotVisibleException: Element is not currently visible and so may not be interacted with
Command duration or timeout: 30.26 seconds
Build info: version: '2.53.1', revision: 'a36b8b1cd5757287168e54b817830adce9b0158d', time: '2016-06-30 19:26:09'
System info: host: 'NBONDERDIRI', ip: '192.20.107.117', os.name: 'Windows 8.1', os.arch: 'amd64', os.version: '6.3', java.version: '1.8.0_77'
Driver info: org.openqa.selenium.firefox.FirefoxDriver
Capabilities [{applicationCacheEnabled=true, rotatable=false, handlesAlerts=true, databaseEnabled=true, version=46.0.1, platform=WINDOWS, nativeEvents=false, acceptSslCerts=true, webStorageEnabled=true, locationContextEnabled=true, browserName=firefox, takesScreenshot=true, javascriptEnabled=true, cssSelectorsEnabled=true}]
Session ID: 8b0d86bf-78d9-4d25-99cf-ad7f4f192d59
18:02:50.913 Stacktrace: 
sun.reflect.NativeConstructorAccessorImpl.newInstance0(Native Method)
sun.reflect.NativeConstructorAccessorImpl.newInstance(NativeConstructorAccessorImpl.java:62)
sun.reflect.DelegatingConstructorAccessorImpl.newInstance(DelegatingConstructorAccessorImpl.java:45)
java.lang.reflect.Constructor.newInstance(Constructor.java:423)
org.openqa.selenium.remote.ErrorHandler.createThrowable(ErrorHandler.java:206)
org.openqa.selenium.remote.ErrorHandler.throwIfResponseFailed(ErrorHandler.java:158)
org.openqa.selenium.remote.RemoteWebDriver.execute(RemoteWebDriver.java:678)
org.openqa.selenium.remote.RemoteWebElement.execute(RemoteWebElement.java:327)
org.openqa.selenium.remote.RemoteWebElement.click(RemoteWebElement.java:85)
BettingTest.clickBahisYapButton(BettingTest.java:65)
sun.reflect.NativeMethodAccessorImpl.invoke0(Native Method)
sun.reflect.NativeMethodAccessorImpl.invoke(NativeMethodAccessorImpl.java:62)
sun.reflect.DelegatingMethodAccessorImpl.invoke(DelegatingMethodAccessorImpl.java:43)
java.lang.reflect.Method.invoke(Method.java:498)
com.thoughtworks.gauge.execution.MethodExecutor.execute(MethodExecutor.java:31)
com.thoughtworks.gauge.execution.StepExecutionStage.executeStepMethod(StepExecutionStage.java:94)
com.thoughtworks.gauge.execution.StepExecutionStage.executeStep(StepExecutionStage.java:77)
com.thoughtworks.gauge.execution.StepExecutionStage.execute(StepExecutionStage.java:58)
com.thoughtworks.gauge.execution.AbstractExecutionStage.executeNext(AbstractExecutionStage.java:24)
com.thoughtworks.gauge.execution.HookExecutionStage.execute(HookExecutionStage.java:42)
com.thoughtworks.gauge.execution.ExecutionPipeline.start(ExecutionPipeline.java:31)
com.thoughtworks.gauge.processor.ExecuteStepProcessor.process(ExecuteStepProcessor.java:34)
com.thoughtworks.gauge.connection.MessageDispatcher.dispatchMessages(MessageDispatcher.java:72)
com.thoughtworks.gauge.GaugeRuntime.main(GaugeRuntime.java:37)
18:02:52.184 Specifications:	1 executed	0 passed	1 failed	0 skipped
18:02:52.184 Scenarios:	1 executed	0 passed	1 failed	0 skipped
18:02:52.184 
Total time taken: 1m20.039s
18:05:35.064 Checking updates...
18:05:43.644 Unable to start plugin html-report. Plugin html-report is not installed. To install, run `gauge --install html-report`.
18:05:43.674 # Bilyoner Betting Spec
18:05:43.676 ## Play Coupon
18:05:43.676 * User must be logged in

18:07:47.284 * Click "Devam Et" button
18:08:20.590 
Failed Step: Click "Devam Et" button
18:08:20.592 Specification: specs\betting.spec:42
18:08:20.592 Error Message: org.openqa.selenium.ElementNotVisibleException: Element is not currently visible and so may not be interacted with
Command duration or timeout: 30.29 seconds
Build info: version: '2.53.1', revision: 'a36b8b1cd5757287168e54b817830adce9b0158d', time: '2016-06-30 19:26:09'
System info: host: 'NBONDERDIRI', ip: '192.20.107.117', os.name: 'Windows 8.1', os.arch: 'amd64', os.version: '6.3', java.version: '1.8.0_77'
Driver info: org.openqa.selenium.firefox.FirefoxDriver
Capabilities [{applicationCacheEnabled=true, rotatable=false, handlesAlerts=true, databaseEnabled=true, version=46.0.1, platform=WINDOWS, nativeEvents=false, acceptSslCerts=true, webStorageEnabled=true, locationContextEnabled=true, browserName=firefox, takesScreenshot=true, javascriptEnabled=true, cssSelectorsEnabled=true}]
Session ID: 54026160-e510-439b-81ca-e0d887272e26
18:08:20.592 Stacktrace: 
sun.reflect.NativeConstructorAccessorImpl.newInstance0(Native Method)
sun.reflect.NativeConstructorAccessorImpl.newInstance(NativeConstructorAccessorImpl.java:62)
sun.reflect.DelegatingConstructorAccessorImpl.newInstance(DelegatingConstructorAccessorImpl.java:45)
java.lang.reflect.Constructor.newInstance(Constructor.java:423)
org.openqa.selenium.remote.ErrorHandler.createThrowable(ErrorHandler.java:206)
org.openqa.selenium.remote.ErrorHandler.throwIfResponseFailed(ErrorHandler.java:158)
org.openqa.selenium.remote.RemoteWebDriver.execute(RemoteWebDriver.java:678)
org.openqa.selenium.remote.RemoteWebElement.execute(RemoteWebElement.java:327)
org.openqa.selenium.remote.RemoteWebElement.click(RemoteWebElement.java:85)
BettingTest.clickBahisYapButton(BettingTest.java:66)
sun.reflect.NativeMethodAccessorImpl.invoke0(Native Method)
sun.reflect.NativeMethodAccessorImpl.invoke(NativeMethodAccessorImpl.java:62)
sun.reflect.DelegatingMethodAccessorImpl.invoke(DelegatingMethodAccessorImpl.java:43)
java.lang.reflect.Method.invoke(Method.java:498)
com.thoughtworks.gauge.execution.MethodExecutor.execute(MethodExecutor.java:31)
com.thoughtworks.gauge.execution.StepExecutionStage.executeStepMethod(StepExecutionStage.java:94)
com.thoughtworks.gauge.execution.StepExecutionStage.executeStep(StepExecutionStage.java:77)
com.thoughtworks.gauge.execution.StepExecutionStage.execute(StepExecutionStage.java:58)
com.thoughtworks.gauge.execution.AbstractExecutionStage.executeNext(AbstractExecutionStage.java:24)
com.thoughtworks.gauge.execution.HookExecutionStage.execute(HookExecutionStage.java:42)
com.thoughtworks.gauge.execution.ExecutionPipeline.start(ExecutionPipeline.java:31)
com.thoughtworks.gauge.processor.ExecuteStepProcessor.process(ExecuteStepProcessor.java:34)
com.thoughtworks.gauge.connection.MessageDispatcher.dispatchMessages(MessageDispatcher.java:72)
com.thoughtworks.gauge.GaugeRuntime.main(GaugeRuntime.java:37)
18:08:21.501 Specifications:	1 executed	0 passed	1 failed	0 skipped
18:08:21.501 Scenarios:	1 executed	0 passed	1 failed	0 skipped
18:08:21.501 
Total time taken: 2m36.955s
18:10:54.725 Checking updates...
18:11:02.282 Unable to start plugin html-report. Plugin html-report is not installed. To install, run `gauge --install html-report`.
18:11:02.293 # Bilyoner Betting Spec
18:11:02.294 ## Open Bahis Yap Page
18:11:02.295 * User must be logged in

18:12:49.087 * Move mouse to hoverable "IDDAA" button
18:12:50.155 * Validate iddaa dropdown menu opened and "9" element is visible
18:12:50.760 * Click "Bahis Yap" button
18:12:53.675 
Failed Step: Click "Bahis Yap" button
18:12:53.676 Specification: specs\betting.spec:14
18:12:53.676 Error Message: org.openqa.selenium.WebDriverException: Element is not clickable at point (457.5, 107.5). Other element would receive the click: <li></li>
Command duration or timeout: 303 milliseconds
Build info: version: '2.53.1', revision: 'a36b8b1cd5757287168e54b817830adce9b0158d', time: '2016-06-30 19:26:09'
System info: host: 'NBONDERDIRI', ip: '192.20.107.117', os.name: 'Windows 8.1', os.arch: 'amd64', os.version: '6.3', java.version: '1.8.0_77'
Driver info: org.openqa.selenium.firefox.FirefoxDriver
Capabilities [{applicationCacheEnabled=true, rotatable=false, handlesAlerts=true, databaseEnabled=true, version=46.0.1, platform=WINDOWS, nativeEvents=false, acceptSslCerts=true, webStorageEnabled=true, locationContextEnabled=true, browserName=firefox, takesScreenshot=true, javascriptEnabled=true, cssSelectorsEnabled=true}]
Session ID: 33d3f0d1-0d29-42d8-a75f-a373f225b0bb
18:12:53.676 Stacktrace: 
sun.reflect.NativeConstructorAccessorImpl.newInstance0(Native Method)
sun.reflect.NativeConstructorAccessorImpl.newInstance(NativeConstructorAccessorImpl.java:62)
sun.reflect.DelegatingConstructorAccessorImpl.newInstance(DelegatingConstructorAccessorImpl.java:45)
java.lang.reflect.Constructor.newInstance(Constructor.java:423)
org.openqa.selenium.remote.ErrorHandler.createThrowable(ErrorHandler.java:206)
org.openqa.selenium.remote.ErrorHandler.throwIfResponseFailed(ErrorHandler.java:158)
org.openqa.selenium.remote.RemoteWebDriver.execute(RemoteWebDriver.java:678)
org.openqa.selenium.remote.RemoteWebElement.execute(RemoteWebElement.java:327)
org.openqa.selenium.remote.RemoteWebElement.click(RemoteWebElement.java:85)
BettingTest.clickBahisYapButton(BettingTest.java:65)
sun.reflect.NativeMethodAccessorImpl.invoke0(Native Method)
sun.reflect.NativeMethodAccessorImpl.invoke(NativeMethodAccessorImpl.java:62)
sun.reflect.DelegatingMethodAccessorImpl.invoke(DelegatingMethodAccessorImpl.java:43)
java.lang.reflect.Method.invoke(Method.java:498)
com.thoughtworks.gauge.execution.MethodExecutor.execute(MethodExecutor.java:31)
com.thoughtworks.gauge.execution.StepExecutionStage.executeStepMethod(StepExecutionStage.java:94)
com.thoughtworks.gauge.execution.StepExecutionStage.executeStep(StepExecutionStage.java:77)
com.thoughtworks.gauge.execution.StepExecutionStage.execute(StepExecutionStage.java:58)
com.thoughtworks.gauge.execution.AbstractExecutionStage.executeNext(AbstractExecutionStage.java:24)
com.thoughtworks.gauge.execution.HookExecutionStage.execute(HookExecutionStage.java:42)
com.thoughtworks.gauge.execution.ExecutionPipeline.start(ExecutionPipeline.java:31)
com.thoughtworks.gauge.processor.ExecuteStepProcessor.process(ExecuteStepProcessor.java:34)
com.thoughtworks.gauge.connection.MessageDispatcher.dispatchMessages(MessageDispatcher.java:72)
com.thoughtworks.gauge.GaugeRuntime.main(GaugeRuntime.java:37)
18:12:54.593 Specifications:	1 executed	0 passed	1 failed	0 skipped
18:12:54.594 Scenarios:	1 executed	0 passed	1 failed	0 skipped
18:12:54.594 
Total time taken: 1m51.394s
18:13:39.524 Checking updates...
18:13:46.901 Unable to start plugin html-report. Plugin html-report is not installed. To install, run `gauge --install html-report`.
18:13:46.908 # Bilyoner Betting Spec
18:13:46.909 ## Open Bahis Yap Page
18:13:46.909 * User must be logged in

18:14:49.205 * Move mouse to hoverable "IDDAA" button
18:14:49.913 * Validate iddaa dropdown menu opened and "9" element is visible
18:14:50.190 * Click "Bahis Yap" button
18:14:50.354 * Validate page url is "https://www.bilyoner.com/iddaa/iddaa-bahis-yap"

18:14:56.488 Specifications:	1 executed	1 passed	0 failed	0 skipped
18:14:56.488 Scenarios:	1 executed	1 passed	0 failed	0 skipped
18:14:56.488 
Total time taken: 1m8.626s
18:19:11.925 Checking updates...
18:19:20.472 Unable to start plugin html-report. Plugin html-report is not installed. To install, run `gauge --install html-report`.
18:19:20.484 # Bilyoner Betting Spec
18:19:20.484 ## Play Coupon
18:19:20.485 * User must be logged in

18:20:27.732 * Clickk "Devam Et" button
18:21:21.048 * Validate "Oyna" button is visible
18:21:21.985 
Failed Step: Validate "Oyna" button is visible
18:21:21.985 Specification: specs\betting.spec:43
18:21:21.985 Error Message: java.lang.AssertionError
18:21:21.985 Stacktrace: 
org.junit.Assert.fail(Assert.java:86)
org.junit.Assert.assertTrue(Assert.java:41)
org.junit.Assert.assertTrue(Assert.java:52)
BettingTest.validateKaydetDonButton(BettingTest.java:180)
sun.reflect.NativeMethodAccessorImpl.invoke0(Native Method)
sun.reflect.NativeMethodAccessorImpl.invoke(NativeMethodAccessorImpl.java:62)
sun.reflect.DelegatingMethodAccessorImpl.invoke(DelegatingMethodAccessorImpl.java:43)
java.lang.reflect.Method.invoke(Method.java:498)
com.thoughtworks.gauge.execution.MethodExecutor.execute(MethodExecutor.java:31)
com.thoughtworks.gauge.execution.StepExecutionStage.executeStepMethod(StepExecutionStage.java:94)
com.thoughtworks.gauge.execution.StepExecutionStage.executeStep(StepExecutionStage.java:77)
com.thoughtworks.gauge.execution.StepExecutionStage.execute(StepExecutionStage.java:58)
com.thoughtworks.gauge.execution.AbstractExecutionStage.executeNext(AbstractExecutionStage.java:24)
com.thoughtworks.gauge.execution.HookExecutionStage.execute(HookExecutionStage.java:42)
com.thoughtworks.gauge.execution.ExecutionPipeline.start(ExecutionPipeline.java:31)
com.thoughtworks.gauge.processor.ExecuteStepProcessor.process(ExecuteStepProcessor.java:34)
com.thoughtworks.gauge.connection.MessageDispatcher.dispatchMessages(MessageDispatcher.java:72)
com.thoughtworks.gauge.GaugeRuntime.main(GaugeRuntime.java:37)
18:21:23.398 Specifications:	1 executed	0 passed	1 failed	0 skipped
18:21:23.398 Scenarios:	1 executed	0 passed	1 failed	0 skipped
18:21:23.398 
Total time taken: 2m1.514s
18:32:10.262 Checking updates...
18:32:17.504 Unable to start plugin html-report. Plugin html-report is not installed. To install, run `gauge --install html-report`.
18:32:17.527 # Bilyoner Betting Spec
18:32:17.537 ## Play Coupon
18:32:17.540 * User must be logged in

18:33:46.205 
Failed Step: User must be logged in
18:33:46.208 Specification: specs\betting.spec:6
18:33:46.208 Error Message: org.openqa.selenium.NoSuchElementException: Unable to locate element: {"method":"id","selector":"j_username"}
Command duration or timeout: 30.06 seconds
For documentation on this error, please visit: http://seleniumhq.org/exceptions/no_such_element.html
Build info: version: '2.53.1', revision: 'a36b8b1cd5757287168e54b817830adce9b0158d', time: '2016-06-30 19:26:09'
System info: host: 'NBONDERDIRI', ip: '192.20.107.117', os.name: 'Windows 8.1', os.arch: 'amd64', os.version: '6.3', java.version: '1.8.0_77'
Driver info: org.openqa.selenium.firefox.FirefoxDriver
Capabilities [{applicationCacheEnabled=true, rotatable=false, handlesAlerts=true, databaseEnabled=true, version=46.0.1, platform=WINDOWS, nativeEvents=false, acceptSslCerts=true, webStorageEnabled=true, locationContextEnabled=true, browserName=firefox, takesScreenshot=true, javascriptEnabled=true, cssSelectorsEnabled=true}]
Session ID: 99fd20e1-a726-428c-996a-6b9d9116d3b3
*** Element info: {Using=id, value=j_username}
18:33:46.208 Stacktrace: 
sun.reflect.NativeConstructorAccessorImpl.newInstance0(Native Method)
sun.reflect.NativeConstructorAccessorImpl.newInstance(NativeConstructorAccessorImpl.java:62)
sun.reflect.DelegatingConstructorAccessorImpl.newInstance(DelegatingConstructorAccessorImpl.java:45)
java.lang.reflect.Constructor.newInstance(Constructor.java:423)
org.openqa.selenium.remote.ErrorHandler.createThrowable(ErrorHandler.java:206)
org.openqa.selenium.remote.ErrorHandler.throwIfResponseFailed(ErrorHandler.java:158)
org.openqa.selenium.remote.RemoteWebDriver.execute(RemoteWebDriver.java:678)
org.openqa.selenium.remote.RemoteWebDriver.findElement(RemoteWebDriver.java:363)
org.openqa.selenium.remote.RemoteWebDriver.findElementById(RemoteWebDriver.java:413)
org.openqa.selenium.By$ById.findElement(By.java:218)
org.openqa.selenium.remote.RemoteWebDriver.findElement(RemoteWebDriver.java:355)
BettingTest.userLogin(BettingTest.java:31)
sun.reflect.NativeMethodAccessorImpl.invoke0(Native Method)
sun.reflect.NativeMethodAccessorImpl.invoke(NativeMethodAccessorImpl.java:62)
sun.reflect.DelegatingMethodAccessorImpl.invoke(DelegatingMethodAccessorImpl.java:43)
java.lang.reflect.Method.invoke(Method.java:498)
com.thoughtworks.gauge.execution.MethodExecutor.execute(MethodExecutor.java:31)
com.thoughtworks.gauge.execution.StepExecutionStage.executeStepMethod(StepExecutionStage.java:96)
com.thoughtworks.gauge.execution.StepExecutionStage.executeStep(StepExecutionStage.java:77)
com.thoughtworks.gauge.execution.StepExecutionStage.execute(StepExecutionStage.java:58)
com.thoughtworks.gauge.execution.AbstractExecutionStage.executeNext(AbstractExecutionStage.java:24)
com.thoughtworks.gauge.execution.HookExecutionStage.execute(HookExecutionStage.java:42)
com.thoughtworks.gauge.execution.ExecutionPipeline.start(ExecutionPipeline.java:31)
com.thoughtworks.gauge.processor.ExecuteStepProcessor.process(ExecuteStepProcessor.java:34)
com.thoughtworks.gauge.connection.MessageDispatcher.dispatchMessages(MessageDispatcher.java:72)
com.thoughtworks.gauge.GaugeRuntime.main(GaugeRuntime.java:37)
18:33:47.710 Specifications:	1 executed	0 passed	1 failed	0 skipped
18:33:47.710 Scenarios:	1 executed	0 passed	1 failed	0 skipped
18:33:47.710 
Total time taken: 1m28.707s
18:34:19.037 Checking updates...
18:34:27.327 Unable to start plugin html-report. Plugin html-report is not installed. To install, run `gauge --install html-report`.
18:34:27.347 # Bilyoner Betting Spec
18:34:27.349 ## Play Coupon
18:34:27.402 * User must be logged in

18:35:04.850 * Clickk "Devam Et" button
18:35:08.871 
Failed Step: Clickk "Devam Et" button
18:35:08.871 Specification: specs\betting.spec:42
18:35:08.871 Error Message: org.openqa.selenium.UnhandledAlertException: Unexpected modal dialog (text: Giriş/Şifre bilgilerinizi kontrol ediniz!): Giriş/Şifre bilgilerinizi kontrol ediniz!
Build info: version: '2.53.1', revision: 'a36b8b1cd5757287168e54b817830adce9b0158d', time: '2016-06-30 19:26:09'
System info: host: 'NBONDERDIRI', ip: '192.20.107.117', os.name: 'Windows 8.1', os.arch: 'amd64', os.version: '6.3', java.version: '1.8.0_77'
Driver info: org.openqa.selenium.firefox.FirefoxDriver
Capabilities [{applicationCacheEnabled=true, rotatable=false, handlesAlerts=true, databaseEnabled=true, version=46.0.1, platform=WINDOWS, nativeEvents=false, acceptSslCerts=true, webStorageEnabled=true, locationContextEnabled=true, browserName=firefox, takesScreenshot=true, javascriptEnabled=true, cssSelectorsEnabled=true}]
Session ID: 87f27ead-c63d-4631-81fe-5bd3f3e5afff
*** Element info: {Using=css selector, value=h2 > a}
18:35:08.871 Stacktrace: 
sun.reflect.NativeConstructorAccessorImpl.newInstance0(Native Method)
sun.reflect.NativeConstructorAccessorImpl.newInstance(NativeConstructorAccessorImpl.java:62)
sun.reflect.DelegatingConstructorAccessorImpl.newInstance(DelegatingConstructorAccessorImpl.java:45)
java.lang.reflect.Constructor.newInstance(Constructor.java:423)
org.openqa.selenium.remote.ErrorHandler.createThrowable(ErrorHandler.java:206)
org.openqa.selenium.remote.ErrorHandler.createUnhandledAlertException(ErrorHandler.java:187)
org.openqa.selenium.remote.ErrorHandler.throwIfResponseFailed(ErrorHandler.java:154)
org.openqa.selenium.remote.RemoteWebDriver.execute(RemoteWebDriver.java:678)
org.openqa.selenium.remote.RemoteWebDriver.findElement(RemoteWebDriver.java:363)
org.openqa.selenium.remote.RemoteWebDriver.findElementByCssSelector(RemoteWebDriver.java:492)
org.openqa.selenium.By$ByCssSelector.findElement(By.java:430)
org.openqa.selenium.remote.RemoteWebDriver.findElement(RemoteWebDriver.java:355)
BettingTest.clickDevamEtButton(BettingTest.java:145)
sun.reflect.NativeMethodAccessorImpl.invoke0(Native Method)
sun.reflect.NativeMethodAccessorImpl.invoke(NativeMethodAccessorImpl.java:62)
sun.reflect.DelegatingMethodAccessorImpl.invoke(DelegatingMethodAccessorImpl.java:43)
java.lang.reflect.Method.invoke(Method.java:498)
com.thoughtworks.gauge.execution.MethodExecutor.execute(MethodExecutor.java:31)
com.thoughtworks.gauge.execution.StepExecutionStage.executeStepMethod(StepExecutionStage.java:94)
com.thoughtworks.gauge.execution.StepExecutionStage.executeStep(StepExecutionStage.java:77)
com.thoughtworks.gauge.execution.StepExecutionStage.execute(StepExecutionStage.java:58)
com.thoughtworks.gauge.execution.AbstractExecutionStage.executeNext(AbstractExecutionStage.java:24)
com.thoughtworks.gauge.execution.HookExecutionStage.execute(HookExecutionStage.java:42)
com.thoughtworks.gauge.execution.ExecutionPipeline.start(ExecutionPipeline.java:31)
com.thoughtworks.gauge.processor.ExecuteStepProcessor.process(ExecuteStepProcessor.java:34)
com.thoughtworks.gauge.connection.MessageDispatcher.dispatchMessages(MessageDispatcher.java:72)
com.thoughtworks.gauge.GaugeRuntime.main(GaugeRuntime.java:37)
18:35:09.880 Specifications:	1 executed	0 passed	1 failed	0 skipped
18:35:09.880 Scenarios:	1 executed	0 passed	1 failed	0 skipped
18:35:09.880 
Total time taken: 41.549s
18:36:49.112 Checking updates...
18:36:56.761 Unable to start plugin html-report. Plugin html-report is not installed. To install, run `gauge --install html-report`.
18:36:56.783 # Bilyoner Betting Spec
18:36:56.787 ## Play Coupon
18:36:56.791 * User must be logged in

18:37:36.523 * Clickk "Devam Et" button
18:37:41.911 
Failed Step: Clickk "Devam Et" button
18:37:41.911 Specification: specs\betting.spec:42
18:37:41.911 Error Message: org.openqa.selenium.UnhandledAlertException: Unexpected modal dialog (text: Giriş/Şifre bilgilerinizi kontrol ediniz!): Giriş/Şifre bilgilerinizi kontrol ediniz!
Build info: version: '2.53.1', revision: 'a36b8b1cd5757287168e54b817830adce9b0158d', time: '2016-06-30 19:26:09'
System info: host: 'NBONDERDIRI', ip: '192.20.107.117', os.name: 'Windows 8.1', os.arch: 'amd64', os.version: '6.3', java.version: '1.8.0_77'
Driver info: org.openqa.selenium.firefox.FirefoxDriver
Capabilities [{applicationCacheEnabled=true, rotatable=false, handlesAlerts=true, databaseEnabled=true, version=46.0.1, platform=WINDOWS, nativeEvents=false, acceptSslCerts=true, webStorageEnabled=true, locationContextEnabled=true, browserName=firefox, takesScreenshot=true, javascriptEnabled=true, cssSelectorsEnabled=true}]
Session ID: ac402131-db36-48e9-bfca-70094e14fec5
*** Element info: {Using=css selector, value=h2 > a}
18:37:41.911 Stacktrace: 
sun.reflect.NativeConstructorAccessorImpl.newInstance0(Native Method)
sun.reflect.NativeConstructorAccessorImpl.newInstance(NativeConstructorAccessorImpl.java:62)
sun.reflect.DelegatingConstructorAccessorImpl.newInstance(DelegatingConstructorAccessorImpl.java:45)
java.lang.reflect.Constructor.newInstance(Constructor.java:423)
org.openqa.selenium.remote.ErrorHandler.createThrowable(ErrorHandler.java:206)
org.openqa.selenium.remote.ErrorHandler.createUnhandledAlertException(ErrorHandler.java:187)
org.openqa.selenium.remote.ErrorHandler.throwIfResponseFailed(ErrorHandler.java:154)
org.openqa.selenium.remote.RemoteWebDriver.execute(RemoteWebDriver.java:678)
org.openqa.selenium.remote.RemoteWebDriver.findElement(RemoteWebDriver.java:363)
org.openqa.selenium.remote.RemoteWebDriver.findElementByCssSelector(RemoteWebDriver.java:492)
org.openqa.selenium.By$ByCssSelector.findElement(By.java:430)
org.openqa.selenium.remote.RemoteWebDriver.findElement(RemoteWebDriver.java:355)
BettingTest.clickDevamEtButton(BettingTest.java:145)
sun.reflect.NativeMethodAccessorImpl.invoke0(Native Method)
sun.reflect.NativeMethodAccessorImpl.invoke(NativeMethodAccessorImpl.java:62)
sun.reflect.DelegatingMethodAccessorImpl.invoke(DelegatingMethodAccessorImpl.java:43)
java.lang.reflect.Method.invoke(Method.java:498)
com.thoughtworks.gauge.execution.MethodExecutor.execute(MethodExecutor.java:31)
com.thoughtworks.gauge.execution.StepExecutionStage.executeStepMethod(StepExecutionStage.java:94)
com.thoughtworks.gauge.execution.StepExecutionStage.executeStep(StepExecutionStage.java:77)
com.thoughtworks.gauge.execution.StepExecutionStage.execute(StepExecutionStage.java:58)
com.thoughtworks.gauge.execution.AbstractExecutionStage.executeNext(AbstractExecutionStage.java:24)
com.thoughtworks.gauge.execution.HookExecutionStage.execute(HookExecutionStage.java:42)
com.thoughtworks.gauge.execution.ExecutionPipeline.start(ExecutionPipeline.java:31)
com.thoughtworks.gauge.processor.ExecuteStepProcessor.process(ExecuteStepProcessor.java:34)
com.thoughtworks.gauge.connection.MessageDispatcher.dispatchMessages(MessageDispatcher.java:72)
com.thoughtworks.gauge.GaugeRuntime.main(GaugeRuntime.java:37)
18:37:42.836 Specifications:	1 executed	0 passed	1 failed	0 skipped
18:37:42.836 Scenarios:	1 executed	0 passed	1 failed	0 skipped
18:37:42.836 
Total time taken: 45.16s
18:39:10.703 Checking updates...
18:39:18.777 Unable to start plugin html-report. Plugin html-report is not installed. To install, run `gauge --install html-report`.
18:39:18.796 # Bilyoner Betting Spec
18:39:18.798 ## Play Coupon
18:39:18.800 * User must be logged in

18:40:13.257 * Clickk "Devam Et" button
18:40:36.877 
Failed Step: Clickk "Devam Et" button
18:40:36.877 Specification: specs\betting.spec:42
18:40:36.877 Error Message: org.openqa.selenium.WebDriverException: Element is not clickable at point (1078.5, 430). Other element would receive the click: <div id="couponBottomSelection"></div>
Command duration or timeout: 231 milliseconds
Build info: version: '2.53.1', revision: 'a36b8b1cd5757287168e54b817830adce9b0158d', time: '2016-06-30 19:26:09'
System info: host: 'NBONDERDIRI', ip: '192.20.107.117', os.name: 'Windows 8.1', os.arch: 'amd64', os.version: '6.3', java.version: '1.8.0_77'
Driver info: org.openqa.selenium.firefox.FirefoxDriver
Capabilities [{applicationCacheEnabled=true, rotatable=false, handlesAlerts=true, databaseEnabled=true, version=46.0.1, platform=WINDOWS, nativeEvents=false, acceptSslCerts=true, webStorageEnabled=true, locationContextEnabled=true, browserName=firefox, takesScreenshot=true, javascriptEnabled=true, cssSelectorsEnabled=true}]
Session ID: 48cfdcb8-bb4c-4cdd-b3b9-8702cbd0380b
18:40:36.877 Stacktrace: 
sun.reflect.NativeConstructorAccessorImpl.newInstance0(Native Method)
sun.reflect.NativeConstructorAccessorImpl.newInstance(NativeConstructorAccessorImpl.java:62)
sun.reflect.DelegatingConstructorAccessorImpl.newInstance(DelegatingConstructorAccessorImpl.java:45)
java.lang.reflect.Constructor.newInstance(Constructor.java:423)
org.openqa.selenium.remote.ErrorHandler.createThrowable(ErrorHandler.java:206)
org.openqa.selenium.remote.ErrorHandler.throwIfResponseFailed(ErrorHandler.java:158)
org.openqa.selenium.remote.RemoteWebDriver.execute(RemoteWebDriver.java:678)
org.openqa.selenium.remote.RemoteWebElement.execute(RemoteWebElement.java:327)
org.openqa.selenium.remote.RemoteWebElement.click(RemoteWebElement.java:85)
BettingTest.clickDevamEtButton(BettingTest.java:151)
sun.reflect.NativeMethodAccessorImpl.invoke0(Native Method)
sun.reflect.NativeMethodAccessorImpl.invoke(NativeMethodAccessorImpl.java:62)
sun.reflect.DelegatingMethodAccessorImpl.invoke(DelegatingMethodAccessorImpl.java:43)
java.lang.reflect.Method.invoke(Method.java:498)
com.thoughtworks.gauge.execution.MethodExecutor.execute(MethodExecutor.java:31)
com.thoughtworks.gauge.execution.StepExecutionStage.executeStepMethod(StepExecutionStage.java:94)
com.thoughtworks.gauge.execution.StepExecutionStage.executeStep(StepExecutionStage.java:77)
com.thoughtworks.gauge.execution.StepExecutionStage.execute(StepExecutionStage.java:58)
com.thoughtworks.gauge.execution.AbstractExecutionStage.executeNext(AbstractExecutionStage.java:24)
com.thoughtworks.gauge.execution.HookExecutionStage.execute(HookExecutionStage.java:42)
com.thoughtworks.gauge.execution.ExecutionPipeline.start(ExecutionPipeline.java:31)
com.thoughtworks.gauge.processor.ExecuteStepProcessor.process(ExecuteStepProcessor.java:34)
com.thoughtworks.gauge.connection.MessageDispatcher.dispatchMessages(MessageDispatcher.java:72)
com.thoughtworks.gauge.GaugeRuntime.main(GaugeRuntime.java:37)
18:40:38.284 Specifications:	1 executed	0 passed	1 failed	0 skipped
18:40:38.284 Scenarios:	1 executed	0 passed	1 failed	0 skipped
18:40:38.284 
Total time taken: 1m18.103s
18:45:26.438 Checking updates...
18:45:32.700 Unable to start plugin html-report. Plugin html-report is not installed. To install, run `gauge --install html-report`.
18:45:32.709 # Bilyoner Betting Spec
18:45:32.712 ## Play Coupon
18:45:32.712 * User must be logged in

18:46:21.220 * Clickk "Devam Et" button
18:46:51.081 
Failed Step: Clickk "Devam Et" button
18:46:51.081 Specification: specs\betting.spec:42
18:46:51.081 Error Message: org.openqa.selenium.WebDriverException: Element is not clickable at point (1078.5, 430). Other element would receive the click: <div id="couponBottomSelection"></div>
Command duration or timeout: 193 milliseconds
Build info: version: '2.53.1', revision: 'a36b8b1cd5757287168e54b817830adce9b0158d', time: '2016-06-30 19:26:09'
System info: host: 'NBONDERDIRI', ip: '192.20.107.117', os.name: 'Windows 8.1', os.arch: 'amd64', os.version: '6.3', java.version: '1.8.0_77'
Driver info: org.openqa.selenium.firefox.FirefoxDriver
Capabilities [{applicationCacheEnabled=true, rotatable=false, handlesAlerts=true, databaseEnabled=true, version=46.0.1, platform=WINDOWS, nativeEvents=false, acceptSslCerts=true, webStorageEnabled=true, locationContextEnabled=true, browserName=firefox, takesScreenshot=true, javascriptEnabled=true, cssSelectorsEnabled=true}]
Session ID: 4c5e5a4f-88c0-4367-94cc-b5854d7fe8ae
18:46:51.081 Stacktrace: 
sun.reflect.NativeConstructorAccessorImpl.newInstance0(Native Method)
sun.reflect.NativeConstructorAccessorImpl.newInstance(NativeConstructorAccessorImpl.java:62)
sun.reflect.DelegatingConstructorAccessorImpl.newInstance(DelegatingConstructorAccessorImpl.java:45)
java.lang.reflect.Constructor.newInstance(Constructor.java:423)
org.openqa.selenium.remote.ErrorHandler.createThrowable(ErrorHandler.java:206)
org.openqa.selenium.remote.ErrorHandler.throwIfResponseFailed(ErrorHandler.java:158)
org.openqa.selenium.remote.RemoteWebDriver.execute(RemoteWebDriver.java:678)
org.openqa.selenium.remote.RemoteWebElement.execute(RemoteWebElement.java:327)
org.openqa.selenium.remote.RemoteWebElement.click(RemoteWebElement.java:85)
BettingTest.clickDevamEtButton(BettingTest.java:152)
sun.reflect.NativeMethodAccessorImpl.invoke0(Native Method)
sun.reflect.NativeMethodAccessorImpl.invoke(NativeMethodAccessorImpl.java:62)
sun.reflect.DelegatingMethodAccessorImpl.invoke(DelegatingMethodAccessorImpl.java:43)
java.lang.reflect.Method.invoke(Method.java:498)
com.thoughtworks.gauge.execution.MethodExecutor.execute(MethodExecutor.java:31)
com.thoughtworks.gauge.execution.StepExecutionStage.executeStepMethod(StepExecutionStage.java:94)
com.thoughtworks.gauge.execution.StepExecutionStage.executeStep(StepExecutionStage.java:77)
com.thoughtworks.gauge.execution.StepExecutionStage.execute(StepExecutionStage.java:58)
com.thoughtworks.gauge.execution.AbstractExecutionStage.executeNext(AbstractExecutionStage.java:24)
com.thoughtworks.gauge.execution.HookExecutionStage.execute(HookExecutionStage.java:42)
com.thoughtworks.gauge.execution.ExecutionPipeline.start(ExecutionPipeline.java:31)
com.thoughtworks.gauge.processor.ExecuteStepProcessor.process(ExecuteStepProcessor.java:34)
com.thoughtworks.gauge.connection.MessageDispatcher.dispatchMessages(MessageDispatcher.java:72)
com.thoughtworks.gauge.GaugeRuntime.main(GaugeRuntime.java:37)
18:46:52.223 Specifications:	1 executed	0 passed	1 failed	0 skipped
18:46:52.223 Scenarios:	1 executed	0 passed	1 failed	0 skipped
18:46:52.223 
Total time taken: 1m18.389s
18:47:58.210 Checking updates...
18:48:07.116 Unable to start plugin html-report. Plugin html-report is not installed. To install, run `gauge --install html-report`.
18:48:07.124 # Bilyoner Betting Spec
18:48:07.125 ## Play Coupon
18:48:07.126 * User must be logged in

18:49:01.727 * Clickk "Devam Et" button
18:49:23.195 
Failed Step: Clickk "Devam Et" button
18:49:23.195 Specification: specs\betting.spec:42
18:49:23.195 Error Message: org.openqa.selenium.WebDriverException: Element is not clickable at point (1078.5, 430). Other element would receive the click: <div id="couponBottomSelection"></div>
Command duration or timeout: 285 milliseconds
Build info: version: '2.53.1', revision: 'a36b8b1cd5757287168e54b817830adce9b0158d', time: '2016-06-30 19:26:09'
System info: host: 'NBONDERDIRI', ip: '192.20.107.117', os.name: 'Windows 8.1', os.arch: 'amd64', os.version: '6.3', java.version: '1.8.0_77'
Driver info: org.openqa.selenium.firefox.FirefoxDriver
Capabilities [{applicationCacheEnabled=true, rotatable=false, handlesAlerts=true, databaseEnabled=true, version=46.0.1, platform=WINDOWS, nativeEvents=false, acceptSslCerts=true, webStorageEnabled=true, locationContextEnabled=true, browserName=firefox, takesScreenshot=true, javascriptEnabled=true, cssSelectorsEnabled=true}]
Session ID: 90c6d7f0-7c0f-4bbd-ad1b-74d60e7dce3d
18:49:23.195 Stacktrace: 
sun.reflect.NativeConstructorAccessorImpl.newInstance0(Native Method)
sun.reflect.NativeConstructorAccessorImpl.newInstance(NativeConstructorAccessorImpl.java:62)
sun.reflect.DelegatingConstructorAccessorImpl.newInstance(DelegatingConstructorAccessorImpl.java:45)
java.lang.reflect.Constructor.newInstance(Constructor.java:423)
org.openqa.selenium.remote.ErrorHandler.createThrowable(ErrorHandler.java:206)
org.openqa.selenium.remote.ErrorHandler.throwIfResponseFailed(ErrorHandler.java:158)
org.openqa.selenium.remote.RemoteWebDriver.execute(RemoteWebDriver.java:678)
org.openqa.selenium.remote.RemoteWebElement.execute(RemoteWebElement.java:327)
org.openqa.selenium.remote.RemoteWebElement.click(RemoteWebElement.java:85)
BettingTest.clickDevamEtButton(BettingTest.java:152)
sun.reflect.NativeMethodAccessorImpl.invoke0(Native Method)
sun.reflect.NativeMethodAccessorImpl.invoke(NativeMethodAccessorImpl.java:62)
sun.reflect.DelegatingMethodAccessorImpl.invoke(DelegatingMethodAccessorImpl.java:43)
java.lang.reflect.Method.invoke(Method.java:498)
com.thoughtworks.gauge.execution.MethodExecutor.execute(MethodExecutor.java:31)
com.thoughtworks.gauge.execution.StepExecutionStage.executeStepMethod(StepExecutionStage.java:94)
com.thoughtworks.gauge.execution.StepExecutionStage.executeStep(StepExecutionStage.java:77)
com.thoughtworks.gauge.execution.StepExecutionStage.execute(StepExecutionStage.java:58)
com.thoughtworks.gauge.execution.AbstractExecutionStage.executeNext(AbstractExecutionStage.java:24)
com.thoughtworks.gauge.execution.HookExecutionStage.execute(HookExecutionStage.java:42)
com.thoughtworks.gauge.execution.ExecutionPipeline.start(ExecutionPipeline.java:31)
com.thoughtworks.gauge.processor.ExecuteStepProcessor.process(ExecuteStepProcessor.java:34)
com.thoughtworks.gauge.connection.MessageDispatcher.dispatchMessages(MessageDispatcher.java:72)
com.thoughtworks.gauge.GaugeRuntime.main(GaugeRuntime.java:37)
18:49:24.102 Specifications:	1 executed	0 passed	1 failed	0 skipped
18:49:24.102 Scenarios:	1 executed	0 passed	1 failed	0 skipped
18:49:24.102 
Total time taken: 1m16.083s
18:52:58.564 Checking updates...
18:53:06.375 Unable to start plugin html-report. Plugin html-report is not installed. To install, run `gauge --install html-report`.
18:53:06.400 # Bilyoner Betting Spec
18:53:06.404 ## Play Coupon
18:53:06.413 * User must be logged in

18:54:18.965 * Clickk "Devam Et" button
18:54:39.078 
Failed Step: Clickk "Devam Et" button
18:54:39.078 Specification: specs\betting.spec:42
18:54:39.078 Error Message: org.openqa.selenium.UnhandledAlertException: Unexpected modal dialog (text: Giriş/Şifre bilgilerinizi kontrol ediniz!): Giriş/Şifre bilgilerinizi kontrol ediniz!
Build info: version: '2.53.1', revision: 'a36b8b1cd5757287168e54b817830adce9b0158d', time: '2016-06-30 19:26:09'
System info: host: 'NBONDERDIRI', ip: '192.20.107.117', os.name: 'Windows 8.1', os.arch: 'amd64', os.version: '6.3', java.version: '1.8.0_77'
Driver info: org.openqa.selenium.firefox.FirefoxDriver
Capabilities [{applicationCacheEnabled=true, rotatable=false, handlesAlerts=true, databaseEnabled=true, version=46.0.1, platform=WINDOWS, nativeEvents=false, acceptSslCerts=true, webStorageEnabled=true, locationContextEnabled=true, browserName=firefox, takesScreenshot=true, javascriptEnabled=true, cssSelectorsEnabled=true}]
Session ID: 401f0c26-a3e7-4080-8416-6bbe1901e81e
*** Element info: {Using=css selector, value=h2 > a}
18:54:39.078 Stacktrace: 
sun.reflect.NativeConstructorAccessorImpl.newInstance0(Native Method)
sun.reflect.NativeConstructorAccessorImpl.newInstance(NativeConstructorAccessorImpl.java:62)
sun.reflect.DelegatingConstructorAccessorImpl.newInstance(DelegatingConstructorAccessorImpl.java:45)
java.lang.reflect.Constructor.newInstance(Constructor.java:423)
org.openqa.selenium.remote.ErrorHandler.createThrowable(ErrorHandler.java:206)
org.openqa.selenium.remote.ErrorHandler.createUnhandledAlertException(ErrorHandler.java:187)
org.openqa.selenium.remote.ErrorHandler.throwIfResponseFailed(ErrorHandler.java:154)
org.openqa.selenium.remote.RemoteWebDriver.execute(RemoteWebDriver.java:678)
org.openqa.selenium.remote.RemoteWebDriver.findElement(RemoteWebDriver.java:363)
org.openqa.selenium.remote.RemoteWebDriver.findElementByCssSelector(RemoteWebDriver.java:492)
org.openqa.selenium.By$ByCssSelector.findElement(By.java:430)
org.openqa.selenium.remote.RemoteWebDriver.findElement(RemoteWebDriver.java:355)
BettingTest.clickDevamEtButton(BettingTest.java:146)
sun.reflect.NativeMethodAccessorImpl.invoke0(Native Method)
sun.reflect.NativeMethodAccessorImpl.invoke(NativeMethodAccessorImpl.java:62)
sun.reflect.DelegatingMethodAccessorImpl.invoke(DelegatingMethodAccessorImpl.java:43)
java.lang.reflect.Method.invoke(Method.java:498)
com.thoughtworks.gauge.execution.MethodExecutor.execute(MethodExecutor.java:31)
com.thoughtworks.gauge.execution.StepExecutionStage.executeStepMethod(StepExecutionStage.java:94)
com.thoughtworks.gauge.execution.StepExecutionStage.executeStep(StepExecutionStage.java:77)
com.thoughtworks.gauge.execution.StepExecutionStage.execute(StepExecutionStage.java:58)
com.thoughtworks.gauge.execution.AbstractExecutionStage.executeNext(AbstractExecutionStage.java:24)
com.thoughtworks.gauge.execution.HookExecutionStage.execute(HookExecutionStage.java:42)
com.thoughtworks.gauge.execution.ExecutionPipeline.start(ExecutionPipeline.java:31)
com.thoughtworks.gauge.processor.ExecuteStepProcessor.process(ExecuteStepProcessor.java:34)
com.thoughtworks.gauge.connection.MessageDispatcher.dispatchMessages(MessageDispatcher.java:72)
com.thoughtworks.gauge.GaugeRuntime.main(GaugeRuntime.java:37)
18:54:39.987 Specifications:	1 executed	0 passed	1 failed	0 skipped
18:54:39.987 Scenarios:	1 executed	0 passed	1 failed	0 skipped
18:54:39.987 
Total time taken: 1m32.706s
18:55:28.283 Checking updates...
18:55:36.129 Unable to start plugin html-report. Plugin html-report is not installed. To install, run `gauge --install html-report`.
18:55:36.160 # Bilyoner Betting Spec
18:55:36.161 ## Play Coupon
18:55:36.176 * User must be logged in

19:03:55.872 
Failed Step: User must be logged in
19:03:55.872 Specification: specs\betting.spec:6
19:03:55.872 Error Message: org.openqa.selenium.remote.UnreachableBrowserException: Error communicating with the remote browser. It may have died.
Build info: version: '2.53.1', revision: 'a36b8b1cd5757287168e54b817830adce9b0158d', time: '2016-06-30 19:26:09'
System info: host: 'NBONDERDIRI', ip: '192.20.107.117', os.name: 'Windows 8.1', os.arch: 'amd64', os.version: '6.3', java.version: '1.8.0_77'
Driver info: driver.version: RemoteWebDriver
Capabilities [{applicationCacheEnabled=true, rotatable=false, handlesAlerts=true, databaseEnabled=true, version=46.0.1, platform=WINDOWS, nativeEvents=false, acceptSslCerts=true, webStorageEnabled=true, locationContextEnabled=true, browserName=firefox, takesScreenshot=true, javascriptEnabled=true, cssSelectorsEnabled=true}]
Session ID: 0aa62273-876b-4e92-8cde-1357746d47e9
19:03:55.872 Stacktrace: 
org.openqa.selenium.remote.RemoteWebDriver.execute(RemoteWebDriver.java:665)
org.openqa.selenium.remote.RemoteWebDriver.get(RemoteWebDriver.java:316)
BettingTest.setUp(BettingTest.java:23)
BettingTest.userLogin(BettingTest.java:30)
sun.reflect.NativeMethodAccessorImpl.invoke0(Native Method)
sun.reflect.NativeMethodAccessorImpl.invoke(NativeMethodAccessorImpl.java:62)
sun.reflect.DelegatingMethodAccessorImpl.invoke(DelegatingMethodAccessorImpl.java:43)
java.lang.reflect.Method.invoke(Method.java:498)
com.thoughtworks.gauge.execution.MethodExecutor.execute(MethodExecutor.java:31)
com.thoughtworks.gauge.execution.StepExecutionStage.executeStepMethod(StepExecutionStage.java:96)
com.thoughtworks.gauge.execution.StepExecutionStage.executeStep(StepExecutionStage.java:77)
com.thoughtworks.gauge.execution.StepExecutionStage.execute(StepExecutionStage.java:58)
com.thoughtworks.gauge.execution.AbstractExecutionStage.executeNext(AbstractExecutionStage.java:24)
com.thoughtworks.gauge.execution.HookExecutionStage.execute(HookExecutionStage.java:42)
com.thoughtworks.gauge.execution.ExecutionPipeline.start(ExecutionPipeline.java:31)
com.thoughtworks.gauge.processor.ExecuteStepProcessor.process(ExecuteStepProcessor.java:34)
com.thoughtworks.gauge.connection.MessageDispatcher.dispatchMessages(MessageDispatcher.java:72)
com.thoughtworks.gauge.GaugeRuntime.main(GaugeRuntime.java:37)
19:03:56.700 Specifications:	1 executed	0 passed	1 failed	0 skipped
19:03:56.700 Scenarios:	1 executed	0 passed	1 failed	0 skipped
19:03:56.700 
Total time taken: 8m19.748s
19:04:07.746 Checking updates...
19:04:14.908 Unable to start plugin html-report. Plugin html-report is not installed. To install, run `gauge --install html-report`.
19:04:14.929 # Bilyoner Betting Spec
19:04:14.931 ## Play Coupon
19:04:14.934 * User must be logged in

19:05:02.564 * Clickk "Devam Et" button
19:05:29.097 
Failed Step: Clickk "Devam Et" button
19:05:29.097 Specification: specs\betting.spec:42
19:05:29.097 Error Message: org.openqa.selenium.WebDriverException: Element is not clickable at point (1078.5, 430). Other element would receive the click: <div id="couponBottomSelection"></div>
Command duration or timeout: 200 milliseconds
Build info: version: '2.53.1', revision: 'a36b8b1cd5757287168e54b817830adce9b0158d', time: '2016-06-30 19:26:09'
System info: host: 'NBONDERDIRI', ip: '192.20.107.117', os.name: 'Windows 8.1', os.arch: 'amd64', os.version: '6.3', java.version: '1.8.0_77'
Driver info: org.openqa.selenium.firefox.FirefoxDriver
Capabilities [{applicationCacheEnabled=true, rotatable=false, handlesAlerts=true, databaseEnabled=true, version=46.0.1, platform=WINDOWS, nativeEvents=false, acceptSslCerts=true, webStorageEnabled=true, locationContextEnabled=true, browserName=firefox, takesScreenshot=true, javascriptEnabled=true, cssSelectorsEnabled=true}]
Session ID: 20d369ed-1c7b-4b91-8cc7-3e99a03fc4a6
19:05:29.097 Stacktrace: 
sun.reflect.NativeConstructorAccessorImpl.newInstance0(Native Method)
sun.reflect.NativeConstructorAccessorImpl.newInstance(NativeConstructorAccessorImpl.java:62)
sun.reflect.DelegatingConstructorAccessorImpl.newInstance(DelegatingConstructorAccessorImpl.java:45)
java.lang.reflect.Constructor.newInstance(Constructor.java:423)
org.openqa.selenium.remote.ErrorHandler.createThrowable(ErrorHandler.java:206)
org.openqa.selenium.remote.ErrorHandler.throwIfResponseFailed(ErrorHandler.java:158)
org.openqa.selenium.remote.RemoteWebDriver.execute(RemoteWebDriver.java:678)
org.openqa.selenium.remote.RemoteWebElement.execute(RemoteWebElement.java:327)
org.openqa.selenium.remote.RemoteWebElement.click(RemoteWebElement.java:85)
BettingTest.clickDevamEtButton(BettingTest.java:152)
sun.reflect.NativeMethodAccessorImpl.invoke0(Native Method)
sun.reflect.NativeMethodAccessorImpl.invoke(NativeMethodAccessorImpl.java:62)
sun.reflect.DelegatingMethodAccessorImpl.invoke(DelegatingMethodAccessorImpl.java:43)
java.lang.reflect.Method.invoke(Method.java:498)
com.thoughtworks.gauge.execution.MethodExecutor.execute(MethodExecutor.java:31)
com.thoughtworks.gauge.execution.StepExecutionStage.executeStepMethod(StepExecutionStage.java:94)
com.thoughtworks.gauge.execution.StepExecutionStage.executeStep(StepExecutionStage.java:77)
com.thoughtworks.gauge.execution.StepExecutionStage.execute(StepExecutionStage.java:58)
com.thoughtworks.gauge.execution.AbstractExecutionStage.executeNext(AbstractExecutionStage.java:24)
com.thoughtworks.gauge.execution.HookExecutionStage.execute(HookExecutionStage.java:42)
com.thoughtworks.gauge.execution.ExecutionPipeline.start(ExecutionPipeline.java:31)
com.thoughtworks.gauge.processor.ExecuteStepProcessor.process(ExecuteStepProcessor.java:34)
com.thoughtworks.gauge.connection.MessageDispatcher.dispatchMessages(MessageDispatcher.java:72)
com.thoughtworks.gauge.GaugeRuntime.main(GaugeRuntime.java:37)
19:05:30.306 Specifications:	1 executed	0 passed	1 failed	0 skipped
19:05:30.306 Scenarios:	1 executed	0 passed	1 failed	0 skipped
19:05:30.306 
Total time taken: 1m14.194s
19:27:01.188 Checking updates...
19:27:06.922 Unable to start plugin html-report. Plugin html-report is not installed. To install, run `gauge --install html-report`.
19:27:06.956 # Bilyoner Betting Spec
19:27:06.956 ## Open Bahis Yap Page
19:27:06.975 * User must be logged in

19:28:11.039 * Move mouse to hoverable "IDDAA" button
19:28:12.205 * Validate iddaa dropdown menu opened and "9" element is visible
19:28:12.403 * Click "Bahis Yap" button
19:28:12.965 * Validate page url is "https://www.bilyoner.com/iddaa/iddaa-bahis-yap"

19:28:19.691 Specifications:	1 executed	1 passed	0 failed	0 skipped
19:28:19.691 Scenarios:	1 executed	1 passed	0 failed	0 skipped
19:28:19.691 
Total time taken: 1m11.761s
